<?xml version="1.0" encoding="utf-8"?>
<CoverageSession xmlns:xsd="http://www.w3.org/2001/XMLSchema" xmlns:xsi="http://www.w3.org/2001/XMLSchema-instance" Version="4.7.922.0">
  <Summary numSequencePoints="468" visitedSequencePoints="465" numBranchPoints="101" visitedBranchPoints="98" sequenceCoverage="99.36" branchCoverage="97.03" maxCyclomaticComplexity="10" minCyclomaticComplexity="1" maxCrapScore="10.03" minCrapScore="1" visitedClasses="10" numClasses="10" visitedMethods="27" numMethods="27" />
  <Modules>
    <Module hash="9C-B0-1B-5B-D9-CC-27-AD-42-9F-BF-02-3D-26-CD-14-58-A2-A3-37">
      <Summary numSequencePoints="230" visitedSequencePoints="230" numBranchPoints="12" visitedBranchPoints="12" sequenceCoverage="100" branchCoverage="100" maxCyclomaticComplexity="1" minCyclomaticComplexity="0" maxCrapScore="2" minCrapScore="0" visitedClasses="4" numClasses="4" visitedMethods="12" numMethods="12" />
      <ModulePath>C:\Users\Ömer Faruk Varlı\source\repos\ce100-hw5-algo-lib-cs\ce100-hw5-algo-test-cs\bin\Debug\fine-code-coverage\build-output\ce100-hw5-algo-test-cs.dll</ModulePath>
      <ModuleTime>2022-05-27T18:52:46.5086432Z</ModuleTime>
      <ModuleName>ce100-hw5-algo-test-cs</ModuleName>
      <Files>
        <File uid="1" fullPath="C:\Users\Ömer Faruk Varlı\source\repos\ce100-hw5-algo-lib-cs\ce100-hw5-algo-test-cs\UnitTest1.cs" />
      </Files>
      <Classes>
        <Class>
          <Summary numSequencePoints="32" visitedSequencePoints="32" numBranchPoints="3" visitedBranchPoints="3" sequenceCoverage="100" branchCoverage="100" maxCyclomaticComplexity="1" minCyclomaticComplexity="1" maxCrapScore="2" minCrapScore="1" visitedClasses="1" numClasses="1" visitedMethods="3" numMethods="3" />
          <FullName>ce100_hw5_algo_test_cs.Graph_Cycle_Detection_Tests</FullName>
          <Methods>
            <Method visited="true" cyclomaticComplexity="1" nPathComplexity="0" sequenceCoverage="100" branchCoverage="100" crapScore="1" isConstructor="false" isStatic="false" isGetter="false" isSetter="false">
              <Summary numSequencePoints="12" visitedSequencePoints="12" numBranchPoints="1" visitedBranchPoints="1" sequenceCoverage="100" branchCoverage="100" maxCyclomaticComplexity="1" minCyclomaticComplexity="1" maxCrapScore="1" minCrapScore="1" visitedClasses="0" numClasses="0" visitedMethods="1" numMethods="1" />
              <MetadataToken>100663297</MetadataToken>
              <Name>System.Void ce100_hw5_algo_test_cs.Graph_Cycle_Detection_Tests::Graph_Cycle_Detection_Test_1()</Name>
              <FileRef uid="1" />
              <SequencePoints>
                <SequencePoint vc="1" uspid="1" ordinal="0" offset="0" sl="12" sc="9" el="12" ec="10" bec="0" bev="0" fileid="1" />
                <SequencePoint vc="1" uspid="2" ordinal="1" offset="1" sl="13" sc="13" el="13" ec="68" bec="0" bev="0" fileid="1" />
                <SequencePoint vc="1" uspid="3" ordinal="2" offset="9" sl="14" sc="13" el="14" ec="33" bec="0" bev="0" fileid="1" />
                <SequencePoint vc="1" uspid="4" ordinal="3" offset="18" sl="15" sc="13" el="15" ec="33" bec="0" bev="0" fileid="1" />
                <SequencePoint vc="1" uspid="5" ordinal="4" offset="27" sl="16" sc="13" el="16" ec="33" bec="0" bev="0" fileid="1" />
                <SequencePoint vc="1" uspid="6" ordinal="5" offset="36" sl="17" sc="13" el="17" ec="33" bec="0" bev="0" fileid="1" />
                <SequencePoint vc="1" uspid="7" ordinal="6" offset="45" sl="18" sc="13" el="18" ec="33" bec="0" bev="0" fileid="1" />
                <SequencePoint vc="1" uspid="8" ordinal="7" offset="54" sl="19" sc="13" el="19" ec="33" bec="0" bev="0" fileid="1" />
                <SequencePoint vc="1" uspid="9" ordinal="8" offset="63" sl="20" sc="13" el="20" ec="33" bec="0" bev="0" fileid="1" />
                <SequencePoint vc="1" uspid="10" ordinal="9" offset="72" sl="22" sc="13" el="22" ec="33" bec="0" bev="0" fileid="1" />
                <SequencePoint vc="1" uspid="11" ordinal="10" offset="74" sl="23" sc="13" el="23" ec="55" bec="0" bev="0" fileid="1" />
                <SequencePoint vc="1" uspid="12" ordinal="11" offset="87" sl="25" sc="9" el="25" ec="10" bec="0" bev="0" fileid="1" />
              </SequencePoints>
              <BranchPoints />
              <MethodPoint xsi:type="SequencePoint" vc="1" uspid="1" ordinal="0" offset="0" sl="12" sc="9" el="12" ec="10" bec="0" bev="0" fileid="1" />
            </Method>
            <Method visited="true" cyclomaticComplexity="1" nPathComplexity="0" sequenceCoverage="100" branchCoverage="100" crapScore="1" isConstructor="false" isStatic="false" isGetter="false" isSetter="false">
              <Summary numSequencePoints="10" visitedSequencePoints="10" numBranchPoints="1" visitedBranchPoints="1" sequenceCoverage="100" branchCoverage="100" maxCyclomaticComplexity="1" minCyclomaticComplexity="1" maxCrapScore="1" minCrapScore="1" visitedClasses="0" numClasses="0" visitedMethods="1" numMethods="1" />
              <MetadataToken>100663298</MetadataToken>
              <Name>System.Void ce100_hw5_algo_test_cs.Graph_Cycle_Detection_Tests::Graph_Cycle_Detection_Test_2()</Name>
              <FileRef uid="1" />
              <SequencePoints>
                <SequencePoint vc="1" uspid="13" ordinal="0" offset="0" sl="29" sc="9" el="29" ec="10" bec="0" bev="0" fileid="1" />
                <SequencePoint vc="1" uspid="14" ordinal="1" offset="1" sl="30" sc="13" el="30" ec="68" bec="0" bev="0" fileid="1" />
                <SequencePoint vc="1" uspid="15" ordinal="2" offset="8" sl="31" sc="13" el="31" ec="33" bec="0" bev="0" fileid="1" />
                <SequencePoint vc="1" uspid="16" ordinal="3" offset="17" sl="32" sc="13" el="32" ec="33" bec="0" bev="0" fileid="1" />
                <SequencePoint vc="1" uspid="17" ordinal="4" offset="26" sl="33" sc="13" el="33" ec="33" bec="0" bev="0" fileid="1" />
                <SequencePoint vc="1" uspid="18" ordinal="5" offset="35" sl="34" sc="13" el="34" ec="33" bec="0" bev="0" fileid="1" />
                <SequencePoint vc="1" uspid="19" ordinal="6" offset="44" sl="35" sc="13" el="35" ec="33" bec="0" bev="0" fileid="1" />
                <SequencePoint vc="1" uspid="20" ordinal="7" offset="53" sl="37" sc="13" el="37" ec="32" bec="0" bev="0" fileid="1" />
                <SequencePoint vc="1" uspid="21" ordinal="8" offset="55" sl="38" sc="13" el="38" ec="55" bec="0" bev="0" fileid="1" />
                <SequencePoint vc="1" uspid="22" ordinal="9" offset="68" sl="40" sc="9" el="40" ec="10" bec="0" bev="0" fileid="1" />
              </SequencePoints>
              <BranchPoints />
              <MethodPoint xsi:type="SequencePoint" vc="1" uspid="13" ordinal="0" offset="0" sl="29" sc="9" el="29" ec="10" bec="0" bev="0" fileid="1" />
            </Method>
            <Method visited="true" cyclomaticComplexity="1" nPathComplexity="0" sequenceCoverage="100" branchCoverage="100" crapScore="1" isConstructor="false" isStatic="false" isGetter="false" isSetter="false">
              <Summary numSequencePoints="10" visitedSequencePoints="10" numBranchPoints="1" visitedBranchPoints="1" sequenceCoverage="100" branchCoverage="100" maxCyclomaticComplexity="1" minCyclomaticComplexity="1" maxCrapScore="1" minCrapScore="1" visitedClasses="0" numClasses="0" visitedMethods="1" numMethods="1" />
              <MetadataToken>100663299</MetadataToken>
              <Name>System.Void ce100_hw5_algo_test_cs.Graph_Cycle_Detection_Tests::Graph_Cycle_Detection_Test_3()</Name>
              <FileRef uid="1" />
              <SequencePoints>
                <SequencePoint vc="1" uspid="23" ordinal="0" offset="0" sl="44" sc="9" el="44" ec="10" bec="0" bev="0" fileid="1" />
                <SequencePoint vc="1" uspid="24" ordinal="1" offset="1" sl="45" sc="13" el="45" ec="68" bec="0" bev="0" fileid="1" />
                <SequencePoint vc="1" uspid="25" ordinal="2" offset="8" sl="46" sc="13" el="46" ec="33" bec="0" bev="0" fileid="1" />
                <SequencePoint vc="1" uspid="26" ordinal="3" offset="17" sl="47" sc="13" el="47" ec="33" bec="0" bev="0" fileid="1" />
                <SequencePoint vc="1" uspid="27" ordinal="4" offset="26" sl="48" sc="13" el="48" ec="33" bec="0" bev="0" fileid="1" />
                <SequencePoint vc="1" uspid="28" ordinal="5" offset="35" sl="49" sc="13" el="49" ec="33" bec="0" bev="0" fileid="1" />
                <SequencePoint vc="1" uspid="29" ordinal="6" offset="44" sl="50" sc="13" el="50" ec="33" bec="0" bev="0" fileid="1" />
                <SequencePoint vc="1" uspid="30" ordinal="7" offset="53" sl="52" sc="13" el="52" ec="32" bec="0" bev="0" fileid="1" />
                <SequencePoint vc="1" uspid="31" ordinal="8" offset="55" sl="53" sc="13" el="53" ec="55" bec="0" bev="0" fileid="1" />
                <SequencePoint vc="1" uspid="32" ordinal="9" offset="68" sl="55" sc="9" el="55" ec="10" bec="0" bev="0" fileid="1" />
              </SequencePoints>
              <BranchPoints />
              <MethodPoint xsi:type="SequencePoint" vc="1" uspid="23" ordinal="0" offset="0" sl="44" sc="9" el="44" ec="10" bec="0" bev="0" fileid="1" />
            </Method>
            <Method visited="false" cyclomaticComplexity="1" nPathComplexity="0" sequenceCoverage="0" branchCoverage="0" crapScore="2" isConstructor="true" isStatic="false" isGetter="false" isSetter="false">
              <Summary numSequencePoints="0" visitedSequencePoints="0" numBranchPoints="0" visitedBranchPoints="0" sequenceCoverage="0" branchCoverage="0" maxCyclomaticComplexity="1" minCyclomaticComplexity="1" maxCrapScore="2" minCrapScore="2" visitedClasses="0" numClasses="0" visitedMethods="0" numMethods="0" />
              <MetadataToken>100663300</MetadataToken>
              <Name>System.Void ce100_hw5_algo_test_cs.Graph_Cycle_Detection_Tests::.ctor()</Name>
              <SequencePoints />
              <BranchPoints />
              <MethodPoint vc="0" uspid="33" ordinal="0" offset="0" />
            </Method>
          </Methods>
        </Class>
        <Class>
          <Summary numSequencePoints="102" visitedSequencePoints="102" numBranchPoints="3" visitedBranchPoints="3" sequenceCoverage="100" branchCoverage="100" maxCyclomaticComplexity="1" minCyclomaticComplexity="1" maxCrapScore="2" minCrapScore="1" visitedClasses="1" numClasses="1" visitedMethods="3" numMethods="3" />
          <FullName>ce100_hw5_algo_test_cs.Minimum_Spanning_Tree_Tests</FullName>
          <Methods>
            <Method visited="true" cyclomaticComplexity="1" nPathComplexity="0" sequenceCoverage="100" branchCoverage="100" crapScore="1" isConstructor="false" isStatic="false" isGetter="false" isSetter="false">
              <Summary numSequencePoints="23" visitedSequencePoints="23" numBranchPoints="1" visitedBranchPoints="1" sequenceCoverage="100" branchCoverage="100" maxCyclomaticComplexity="1" minCyclomaticComplexity="1" maxCrapScore="1" minCrapScore="1" visitedClasses="0" numClasses="0" visitedMethods="1" numMethods="1" />
              <MetadataToken>100663301</MetadataToken>
              <Name>System.Void ce100_hw5_algo_test_cs.Minimum_Spanning_Tree_Tests::Minimum_Spanning_Tree_Test_1()</Name>
              <FileRef uid="1" />
              <SequencePoints>
                <SequencePoint vc="1" uspid="34" ordinal="0" offset="0" sl="63" sc="9" el="63" ec="10" bec="0" bev="0" fileid="1" />
                <SequencePoint vc="1" uspid="35" ordinal="1" offset="1" sl="64" sc="13" el="64" ec="23" bec="0" bev="0" fileid="1" />
                <SequencePoint vc="1" uspid="36" ordinal="2" offset="3" sl="65" sc="13" el="65" ec="23" bec="0" bev="0" fileid="1" />
                <SequencePoint vc="1" uspid="37" ordinal="3" offset="5" sl="66" sc="13" el="66" ec="71" bec="0" bev="0" fileid="1" />
                <SequencePoint vc="1" uspid="38" ordinal="4" offset="13" sl="69" sc="13" el="69" ec="35" bec="0" bev="0" fileid="1" />
                <SequencePoint vc="1" uspid="39" ordinal="5" offset="27" sl="70" sc="13" el="70" ec="36" bec="0" bev="0" fileid="1" />
                <SequencePoint vc="1" uspid="40" ordinal="6" offset="41" sl="71" sc="13" el="71" ec="39" bec="0" bev="0" fileid="1" />
                <SequencePoint vc="1" uspid="41" ordinal="7" offset="56" sl="74" sc="13" el="74" ec="35" bec="0" bev="0" fileid="1" />
                <SequencePoint vc="1" uspid="42" ordinal="8" offset="70" sl="75" sc="13" el="75" ec="36" bec="0" bev="0" fileid="1" />
                <SequencePoint vc="1" uspid="43" ordinal="9" offset="84" sl="76" sc="13" el="76" ec="38" bec="0" bev="0" fileid="1" />
                <SequencePoint vc="1" uspid="44" ordinal="10" offset="98" sl="79" sc="13" el="79" ec="35" bec="0" bev="0" fileid="1" />
                <SequencePoint vc="1" uspid="45" ordinal="11" offset="112" sl="80" sc="13" el="80" ec="36" bec="0" bev="0" fileid="1" />
                <SequencePoint vc="1" uspid="46" ordinal="12" offset="126" sl="81" sc="13" el="81" ec="38" bec="0" bev="0" fileid="1" />
                <SequencePoint vc="1" uspid="47" ordinal="13" offset="140" sl="84" sc="13" el="84" ec="35" bec="0" bev="0" fileid="1" />
                <SequencePoint vc="1" uspid="48" ordinal="14" offset="154" sl="85" sc="13" el="85" ec="36" bec="0" bev="0" fileid="1" />
                <SequencePoint vc="1" uspid="49" ordinal="15" offset="168" sl="86" sc="13" el="86" ec="39" bec="0" bev="0" fileid="1" />
                <SequencePoint vc="1" uspid="50" ordinal="16" offset="183" sl="89" sc="13" el="89" ec="35" bec="0" bev="0" fileid="1" />
                <SequencePoint vc="1" uspid="51" ordinal="17" offset="197" sl="90" sc="13" el="90" ec="36" bec="0" bev="0" fileid="1" />
                <SequencePoint vc="1" uspid="52" ordinal="18" offset="211" sl="91" sc="13" el="91" ec="38" bec="0" bev="0" fileid="1" />
                <SequencePoint vc="1" uspid="53" ordinal="19" offset="225" sl="93" sc="13" el="93" ec="48" bec="0" bev="0" fileid="1" />
                <SequencePoint vc="1" uspid="54" ordinal="20" offset="232" sl="94" sc="13" el="94" ec="161" bec="0" bev="0" fileid="1" />
                <SequencePoint vc="1" uspid="55" ordinal="21" offset="239" sl="95" sc="13" el="95" ec="47" bec="0" bev="0" fileid="1" />
                <SequencePoint vc="1" uspid="56" ordinal="22" offset="248" sl="97" sc="9" el="97" ec="10" bec="0" bev="0" fileid="1" />
              </SequencePoints>
              <BranchPoints />
              <MethodPoint xsi:type="SequencePoint" vc="1" uspid="34" ordinal="0" offset="0" sl="63" sc="9" el="63" ec="10" bec="0" bev="0" fileid="1" />
            </Method>
            <Method visited="true" cyclomaticComplexity="1" nPathComplexity="0" sequenceCoverage="100" branchCoverage="100" crapScore="1" isConstructor="false" isStatic="false" isGetter="false" isSetter="false">
              <Summary numSequencePoints="29" visitedSequencePoints="29" numBranchPoints="1" visitedBranchPoints="1" sequenceCoverage="100" branchCoverage="100" maxCyclomaticComplexity="1" minCyclomaticComplexity="1" maxCrapScore="1" minCrapScore="1" visitedClasses="0" numClasses="0" visitedMethods="1" numMethods="1" />
              <MetadataToken>100663302</MetadataToken>
              <Name>System.Void ce100_hw5_algo_test_cs.Minimum_Spanning_Tree_Tests::Minimum_Spanning_Tree_Test_2()</Name>
              <FileRef uid="1" />
              <SequencePoints>
                <SequencePoint vc="1" uspid="57" ordinal="0" offset="0" sl="101" sc="9" el="101" ec="10" bec="0" bev="0" fileid="1" />
                <SequencePoint vc="1" uspid="58" ordinal="1" offset="1" sl="102" sc="13" el="102" ec="23" bec="0" bev="0" fileid="1" />
                <SequencePoint vc="1" uspid="59" ordinal="2" offset="3" sl="103" sc="13" el="103" ec="23" bec="0" bev="0" fileid="1" />
                <SequencePoint vc="1" uspid="60" ordinal="3" offset="5" sl="104" sc="13" el="104" ec="71" bec="0" bev="0" fileid="1" />
                <SequencePoint vc="1" uspid="61" ordinal="4" offset="13" sl="107" sc="13" el="107" ec="35" bec="0" bev="0" fileid="1" />
                <SequencePoint vc="1" uspid="62" ordinal="5" offset="27" sl="108" sc="13" el="108" ec="36" bec="0" bev="0" fileid="1" />
                <SequencePoint vc="1" uspid="63" ordinal="6" offset="41" sl="109" sc="13" el="109" ec="38" bec="0" bev="0" fileid="1" />
                <SequencePoint vc="1" uspid="64" ordinal="7" offset="55" sl="112" sc="13" el="112" ec="35" bec="0" bev="0" fileid="1" />
                <SequencePoint vc="1" uspid="65" ordinal="8" offset="69" sl="113" sc="13" el="113" ec="36" bec="0" bev="0" fileid="1" />
                <SequencePoint vc="1" uspid="66" ordinal="9" offset="83" sl="114" sc="13" el="114" ec="38" bec="0" bev="0" fileid="1" />
                <SequencePoint vc="1" uspid="67" ordinal="10" offset="97" sl="117" sc="13" el="117" ec="35" bec="0" bev="0" fileid="1" />
                <SequencePoint vc="1" uspid="68" ordinal="11" offset="111" sl="118" sc="13" el="118" ec="36" bec="0" bev="0" fileid="1" />
                <SequencePoint vc="1" uspid="69" ordinal="12" offset="125" sl="119" sc="13" el="119" ec="38" bec="0" bev="0" fileid="1" />
                <SequencePoint vc="1" uspid="70" ordinal="13" offset="139" sl="122" sc="13" el="122" ec="35" bec="0" bev="0" fileid="1" />
                <SequencePoint vc="1" uspid="71" ordinal="14" offset="153" sl="123" sc="13" el="123" ec="36" bec="0" bev="0" fileid="1" />
                <SequencePoint vc="1" uspid="72" ordinal="15" offset="167" sl="124" sc="13" el="124" ec="39" bec="0" bev="0" fileid="1" />
                <SequencePoint vc="1" uspid="73" ordinal="16" offset="182" sl="127" sc="13" el="127" ec="35" bec="0" bev="0" fileid="1" />
                <SequencePoint vc="1" uspid="74" ordinal="17" offset="196" sl="128" sc="13" el="128" ec="36" bec="0" bev="0" fileid="1" />
                <SequencePoint vc="1" uspid="75" ordinal="18" offset="210" sl="129" sc="13" el="129" ec="38" bec="0" bev="0" fileid="1" />
                <SequencePoint vc="1" uspid="76" ordinal="19" offset="224" sl="132" sc="13" el="132" ec="35" bec="0" bev="0" fileid="1" />
                <SequencePoint vc="1" uspid="77" ordinal="20" offset="238" sl="133" sc="13" el="133" ec="36" bec="0" bev="0" fileid="1" />
                <SequencePoint vc="1" uspid="78" ordinal="21" offset="252" sl="134" sc="13" el="134" ec="38" bec="0" bev="0" fileid="1" />
                <SequencePoint vc="1" uspid="79" ordinal="22" offset="266" sl="137" sc="13" el="137" ec="35" bec="0" bev="0" fileid="1" />
                <SequencePoint vc="1" uspid="80" ordinal="23" offset="280" sl="138" sc="13" el="138" ec="36" bec="0" bev="0" fileid="1" />
                <SequencePoint vc="1" uspid="81" ordinal="24" offset="294" sl="139" sc="13" el="139" ec="38" bec="0" bev="0" fileid="1" />
                <SequencePoint vc="1" uspid="82" ordinal="25" offset="308" sl="141" sc="13" el="141" ec="48" bec="0" bev="0" fileid="1" />
                <SequencePoint vc="1" uspid="83" ordinal="26" offset="315" sl="142" sc="13" el="142" ec="202" bec="0" bev="0" fileid="1" />
                <SequencePoint vc="1" uspid="84" ordinal="27" offset="322" sl="143" sc="13" el="143" ec="47" bec="0" bev="0" fileid="1" />
                <SequencePoint vc="1" uspid="85" ordinal="28" offset="331" sl="144" sc="9" el="144" ec="10" bec="0" bev="0" fileid="1" />
              </SequencePoints>
              <BranchPoints />
              <MethodPoint xsi:type="SequencePoint" vc="1" uspid="57" ordinal="0" offset="0" sl="101" sc="9" el="101" ec="10" bec="0" bev="0" fileid="1" />
            </Method>
            <Method visited="true" cyclomaticComplexity="1" nPathComplexity="0" sequenceCoverage="100" branchCoverage="100" crapScore="1" isConstructor="false" isStatic="false" isGetter="false" isSetter="false">
              <Summary numSequencePoints="50" visitedSequencePoints="50" numBranchPoints="1" visitedBranchPoints="1" sequenceCoverage="100" branchCoverage="100" maxCyclomaticComplexity="1" minCyclomaticComplexity="1" maxCrapScore="1" minCrapScore="1" visitedClasses="0" numClasses="0" visitedMethods="1" numMethods="1" />
              <MetadataToken>100663303</MetadataToken>
              <Name>System.Void ce100_hw5_algo_test_cs.Minimum_Spanning_Tree_Tests::Minimum_Spanning_Tree_Test_3()</Name>
              <FileRef uid="1" />
              <SequencePoints>
                <SequencePoint vc="1" uspid="86" ordinal="0" offset="0" sl="148" sc="9" el="148" ec="10" bec="0" bev="0" fileid="1" />
                <SequencePoint vc="1" uspid="87" ordinal="1" offset="1" sl="149" sc="13" el="149" ec="23" bec="0" bev="0" fileid="1" />
                <SequencePoint vc="1" uspid="88" ordinal="2" offset="4" sl="150" sc="13" el="150" ec="24" bec="0" bev="0" fileid="1" />
                <SequencePoint vc="1" uspid="89" ordinal="3" offset="7" sl="151" sc="13" el="151" ec="71" bec="0" bev="0" fileid="1" />
                <SequencePoint vc="1" uspid="90" ordinal="4" offset="15" sl="154" sc="13" el="154" ec="35" bec="0" bev="0" fileid="1" />
                <SequencePoint vc="1" uspid="91" ordinal="5" offset="29" sl="155" sc="13" el="155" ec="36" bec="0" bev="0" fileid="1" />
                <SequencePoint vc="1" uspid="92" ordinal="6" offset="43" sl="156" sc="13" el="156" ec="38" bec="0" bev="0" fileid="1" />
                <SequencePoint vc="1" uspid="93" ordinal="7" offset="57" sl="159" sc="13" el="159" ec="35" bec="0" bev="0" fileid="1" />
                <SequencePoint vc="1" uspid="94" ordinal="8" offset="71" sl="160" sc="13" el="160" ec="36" bec="0" bev="0" fileid="1" />
                <SequencePoint vc="1" uspid="95" ordinal="9" offset="85" sl="161" sc="13" el="161" ec="38" bec="0" bev="0" fileid="1" />
                <SequencePoint vc="1" uspid="96" ordinal="10" offset="99" sl="164" sc="13" el="164" ec="35" bec="0" bev="0" fileid="1" />
                <SequencePoint vc="1" uspid="97" ordinal="11" offset="113" sl="165" sc="13" el="165" ec="36" bec="0" bev="0" fileid="1" />
                <SequencePoint vc="1" uspid="98" ordinal="12" offset="127" sl="166" sc="13" el="166" ec="38" bec="0" bev="0" fileid="1" />
                <SequencePoint vc="1" uspid="99" ordinal="13" offset="141" sl="169" sc="13" el="169" ec="35" bec="0" bev="0" fileid="1" />
                <SequencePoint vc="1" uspid="100" ordinal="14" offset="155" sl="170" sc="13" el="170" ec="36" bec="0" bev="0" fileid="1" />
                <SequencePoint vc="1" uspid="101" ordinal="15" offset="169" sl="171" sc="13" el="171" ec="39" bec="0" bev="0" fileid="1" />
                <SequencePoint vc="1" uspid="102" ordinal="16" offset="184" sl="174" sc="13" el="174" ec="35" bec="0" bev="0" fileid="1" />
                <SequencePoint vc="1" uspid="103" ordinal="17" offset="198" sl="175" sc="13" el="175" ec="36" bec="0" bev="0" fileid="1" />
                <SequencePoint vc="1" uspid="104" ordinal="18" offset="212" sl="176" sc="13" el="176" ec="38" bec="0" bev="0" fileid="1" />
                <SequencePoint vc="1" uspid="105" ordinal="19" offset="226" sl="179" sc="13" el="179" ec="35" bec="0" bev="0" fileid="1" />
                <SequencePoint vc="1" uspid="106" ordinal="20" offset="240" sl="180" sc="13" el="180" ec="36" bec="0" bev="0" fileid="1" />
                <SequencePoint vc="1" uspid="107" ordinal="21" offset="254" sl="181" sc="13" el="181" ec="38" bec="0" bev="0" fileid="1" />
                <SequencePoint vc="1" uspid="108" ordinal="22" offset="268" sl="184" sc="13" el="184" ec="35" bec="0" bev="0" fileid="1" />
                <SequencePoint vc="1" uspid="109" ordinal="23" offset="282" sl="185" sc="13" el="185" ec="36" bec="0" bev="0" fileid="1" />
                <SequencePoint vc="1" uspid="110" ordinal="24" offset="296" sl="186" sc="13" el="186" ec="38" bec="0" bev="0" fileid="1" />
                <SequencePoint vc="1" uspid="111" ordinal="25" offset="310" sl="189" sc="13" el="189" ec="35" bec="0" bev="0" fileid="1" />
                <SequencePoint vc="1" uspid="112" ordinal="26" offset="324" sl="190" sc="13" el="190" ec="36" bec="0" bev="0" fileid="1" />
                <SequencePoint vc="1" uspid="113" ordinal="27" offset="338" sl="191" sc="13" el="191" ec="38" bec="0" bev="0" fileid="1" />
                <SequencePoint vc="1" uspid="114" ordinal="28" offset="352" sl="194" sc="13" el="194" ec="35" bec="0" bev="0" fileid="1" />
                <SequencePoint vc="1" uspid="115" ordinal="29" offset="366" sl="195" sc="13" el="195" ec="36" bec="0" bev="0" fileid="1" />
                <SequencePoint vc="1" uspid="116" ordinal="30" offset="380" sl="196" sc="13" el="196" ec="38" bec="0" bev="0" fileid="1" />
                <SequencePoint vc="1" uspid="117" ordinal="31" offset="394" sl="199" sc="13" el="199" ec="35" bec="0" bev="0" fileid="1" />
                <SequencePoint vc="1" uspid="118" ordinal="32" offset="409" sl="200" sc="13" el="200" ec="36" bec="0" bev="0" fileid="1" />
                <SequencePoint vc="1" uspid="119" ordinal="33" offset="424" sl="201" sc="13" el="201" ec="38" bec="0" bev="0" fileid="1" />
                <SequencePoint vc="1" uspid="120" ordinal="34" offset="439" sl="204" sc="13" el="204" ec="36" bec="0" bev="0" fileid="1" />
                <SequencePoint vc="1" uspid="121" ordinal="35" offset="454" sl="205" sc="13" el="205" ec="37" bec="0" bev="0" fileid="1" />
                <SequencePoint vc="1" uspid="122" ordinal="36" offset="469" sl="206" sc="13" el="206" ec="40" bec="0" bev="0" fileid="1" />
                <SequencePoint vc="1" uspid="123" ordinal="37" offset="485" sl="209" sc="13" el="209" ec="36" bec="0" bev="0" fileid="1" />
                <SequencePoint vc="1" uspid="124" ordinal="38" offset="500" sl="210" sc="13" el="210" ec="37" bec="0" bev="0" fileid="1" />
                <SequencePoint vc="1" uspid="125" ordinal="39" offset="515" sl="211" sc="13" el="211" ec="39" bec="0" bev="0" fileid="1" />
                <SequencePoint vc="1" uspid="126" ordinal="40" offset="531" sl="214" sc="13" el="214" ec="36" bec="0" bev="0" fileid="1" />
                <SequencePoint vc="1" uspid="127" ordinal="41" offset="546" sl="215" sc="13" el="215" ec="37" bec="0" bev="0" fileid="1" />
                <SequencePoint vc="1" uspid="128" ordinal="42" offset="561" sl="216" sc="13" el="216" ec="40" bec="0" bev="0" fileid="1" />
                <SequencePoint vc="1" uspid="129" ordinal="43" offset="577" sl="219" sc="13" el="219" ec="36" bec="0" bev="0" fileid="1" />
                <SequencePoint vc="1" uspid="130" ordinal="44" offset="592" sl="220" sc="13" el="220" ec="37" bec="0" bev="0" fileid="1" />
                <SequencePoint vc="1" uspid="131" ordinal="45" offset="607" sl="221" sc="13" el="221" ec="39" bec="0" bev="0" fileid="1" />
                <SequencePoint vc="1" uspid="132" ordinal="46" offset="622" sl="224" sc="13" el="224" ec="48" bec="0" bev="0" fileid="1" />
                <SequencePoint vc="1" uspid="133" ordinal="47" offset="629" sl="225" sc="13" el="225" ec="370" bec="0" bev="0" fileid="1" />
                <SequencePoint vc="1" uspid="134" ordinal="48" offset="636" sl="226" sc="13" el="226" ec="47" bec="0" bev="0" fileid="1" />
                <SequencePoint vc="1" uspid="135" ordinal="49" offset="645" sl="227" sc="9" el="227" ec="10" bec="0" bev="0" fileid="1" />
              </SequencePoints>
              <BranchPoints />
              <MethodPoint xsi:type="SequencePoint" vc="1" uspid="86" ordinal="0" offset="0" sl="148" sc="9" el="148" ec="10" bec="0" bev="0" fileid="1" />
            </Method>
            <Method visited="false" cyclomaticComplexity="1" nPathComplexity="0" sequenceCoverage="0" branchCoverage="0" crapScore="2" isConstructor="true" isStatic="false" isGetter="false" isSetter="false">
              <Summary numSequencePoints="0" visitedSequencePoints="0" numBranchPoints="0" visitedBranchPoints="0" sequenceCoverage="0" branchCoverage="0" maxCyclomaticComplexity="1" minCyclomaticComplexity="1" maxCrapScore="2" minCrapScore="2" visitedClasses="0" numClasses="0" visitedMethods="0" numMethods="0" />
              <MetadataToken>100663304</MetadataToken>
              <Name>System.Void ce100_hw5_algo_test_cs.Minimum_Spanning_Tree_Tests::.ctor()</Name>
              <SequencePoints />
              <BranchPoints />
              <MethodPoint vc="0" uspid="136" ordinal="0" offset="0" />
            </Method>
          </Methods>
        </Class>
        <Class>
          <Summary numSequencePoints="78" visitedSequencePoints="78" numBranchPoints="3" visitedBranchPoints="3" sequenceCoverage="100" branchCoverage="100" maxCyclomaticComplexity="1" minCyclomaticComplexity="1" maxCrapScore="2" minCrapScore="1" visitedClasses="1" numClasses="1" visitedMethods="3" numMethods="3" />
          <FullName>ce100_hw5_algo_test_cs.Single_Source_Shortest_Path_Tests</FullName>
          <Methods>
            <Method visited="true" cyclomaticComplexity="1" nPathComplexity="0" sequenceCoverage="100" branchCoverage="100" crapScore="1" isConstructor="false" isStatic="false" isGetter="false" isSetter="false">
              <Summary numSequencePoints="25" visitedSequencePoints="25" numBranchPoints="1" visitedBranchPoints="1" sequenceCoverage="100" branchCoverage="100" maxCyclomaticComplexity="1" minCyclomaticComplexity="1" maxCrapScore="1" minCrapScore="1" visitedClasses="0" numClasses="0" visitedMethods="1" numMethods="1" />
              <MetadataToken>100663305</MetadataToken>
              <Name>System.Void ce100_hw5_algo_test_cs.Single_Source_Shortest_Path_Tests::Single_Source_Shortest_Path_Test_1()</Name>
              <FileRef uid="1" />
              <SequencePoints>
                <SequencePoint vc="1" uspid="137" ordinal="0" offset="0" sl="235" sc="9" el="235" ec="10" bec="0" bev="0" fileid="1" />
                <SequencePoint vc="1" uspid="138" ordinal="1" offset="1" sl="236" sc="13" el="236" ec="23" bec="0" bev="0" fileid="1" />
                <SequencePoint vc="1" uspid="139" ordinal="2" offset="3" sl="237" sc="13" el="237" ec="23" bec="0" bev="0" fileid="1" />
                <SequencePoint vc="1" uspid="140" ordinal="3" offset="5" sl="239" sc="13" el="239" ec="81" bec="0" bev="0" fileid="1" />
                <SequencePoint vc="1" uspid="141" ordinal="4" offset="13" sl="242" sc="13" el="242" ec="35" bec="0" bev="0" fileid="1" />
                <SequencePoint vc="1" uspid="142" ordinal="5" offset="27" sl="243" sc="13" el="243" ec="36" bec="0" bev="0" fileid="1" />
                <SequencePoint vc="1" uspid="143" ordinal="6" offset="41" sl="244" sc="13" el="244" ec="38" bec="0" bev="0" fileid="1" />
                <SequencePoint vc="1" uspid="144" ordinal="7" offset="55" sl="247" sc="13" el="247" ec="35" bec="0" bev="0" fileid="1" />
                <SequencePoint vc="1" uspid="145" ordinal="8" offset="69" sl="248" sc="13" el="248" ec="36" bec="0" bev="0" fileid="1" />
                <SequencePoint vc="1" uspid="146" ordinal="9" offset="83" sl="249" sc="13" el="249" ec="38" bec="0" bev="0" fileid="1" />
                <SequencePoint vc="1" uspid="147" ordinal="10" offset="97" sl="252" sc="13" el="252" ec="35" bec="0" bev="0" fileid="1" />
                <SequencePoint vc="1" uspid="148" ordinal="11" offset="111" sl="253" sc="13" el="253" ec="36" bec="0" bev="0" fileid="1" />
                <SequencePoint vc="1" uspid="149" ordinal="12" offset="125" sl="254" sc="13" el="254" ec="38" bec="0" bev="0" fileid="1" />
                <SequencePoint vc="1" uspid="150" ordinal="13" offset="139" sl="257" sc="13" el="257" ec="35" bec="0" bev="0" fileid="1" />
                <SequencePoint vc="1" uspid="151" ordinal="14" offset="153" sl="258" sc="13" el="258" ec="36" bec="0" bev="0" fileid="1" />
                <SequencePoint vc="1" uspid="152" ordinal="15" offset="167" sl="259" sc="13" el="259" ec="38" bec="0" bev="0" fileid="1" />
                <SequencePoint vc="1" uspid="153" ordinal="16" offset="181" sl="262" sc="13" el="262" ec="35" bec="0" bev="0" fileid="1" />
                <SequencePoint vc="1" uspid="154" ordinal="17" offset="195" sl="263" sc="13" el="263" ec="36" bec="0" bev="0" fileid="1" />
                <SequencePoint vc="1" uspid="155" ordinal="18" offset="209" sl="264" sc="13" el="264" ec="38" bec="0" bev="0" fileid="1" />
                <SequencePoint vc="1" uspid="156" ordinal="19" offset="223" sl="267" sc="13" el="267" ec="35" bec="0" bev="0" fileid="1" />
                <SequencePoint vc="1" uspid="157" ordinal="20" offset="237" sl="268" sc="13" el="268" ec="36" bec="0" bev="0" fileid="1" />
                <SequencePoint vc="1" uspid="158" ordinal="21" offset="251" sl="269" sc="13" el="269" ec="39" bec="0" bev="0" fileid="1" />
                <SequencePoint vc="1" uspid="159" ordinal="22" offset="266" sl="272" sc="13" el="277" ec="31" bec="0" bev="0" fileid="1" />
                <SequencePoint vc="1" uspid="160" ordinal="23" offset="272" sl="279" sc="13" el="279" ec="85" bec="0" bev="0" fileid="1" />
                <SequencePoint vc="1" uspid="161" ordinal="24" offset="286" sl="280" sc="9" el="280" ec="10" bec="0" bev="0" fileid="1" />
              </SequencePoints>
              <BranchPoints />
              <MethodPoint xsi:type="SequencePoint" vc="1" uspid="137" ordinal="0" offset="0" sl="235" sc="9" el="235" ec="10" bec="0" bev="0" fileid="1" />
            </Method>
            <Method visited="true" cyclomaticComplexity="1" nPathComplexity="0" sequenceCoverage="100" branchCoverage="100" crapScore="1" isConstructor="false" isStatic="false" isGetter="false" isSetter="false">
              <Summary numSequencePoints="31" visitedSequencePoints="31" numBranchPoints="1" visitedBranchPoints="1" sequenceCoverage="100" branchCoverage="100" maxCyclomaticComplexity="1" minCyclomaticComplexity="1" maxCrapScore="1" minCrapScore="1" visitedClasses="0" numClasses="0" visitedMethods="1" numMethods="1" />
              <MetadataToken>100663306</MetadataToken>
              <Name>System.Void ce100_hw5_algo_test_cs.Single_Source_Shortest_Path_Tests::Single_Source_Shortest_Path_Test_2()</Name>
              <FileRef uid="1" />
              <SequencePoints>
                <SequencePoint vc="1" uspid="162" ordinal="0" offset="0" sl="284" sc="9" el="284" ec="10" bec="0" bev="0" fileid="1" />
                <SequencePoint vc="1" uspid="163" ordinal="1" offset="1" sl="285" sc="13" el="285" ec="23" bec="0" bev="0" fileid="1" />
                <SequencePoint vc="1" uspid="164" ordinal="2" offset="3" sl="286" sc="13" el="286" ec="23" bec="0" bev="0" fileid="1" />
                <SequencePoint vc="1" uspid="165" ordinal="3" offset="5" sl="288" sc="13" el="288" ec="81" bec="0" bev="0" fileid="1" />
                <SequencePoint vc="1" uspid="166" ordinal="4" offset="13" sl="291" sc="13" el="291" ec="35" bec="0" bev="0" fileid="1" />
                <SequencePoint vc="1" uspid="167" ordinal="5" offset="27" sl="292" sc="13" el="292" ec="36" bec="0" bev="0" fileid="1" />
                <SequencePoint vc="1" uspid="168" ordinal="6" offset="41" sl="293" sc="13" el="293" ec="39" bec="0" bev="0" fileid="1" />
                <SequencePoint vc="1" uspid="169" ordinal="7" offset="55" sl="296" sc="13" el="296" ec="35" bec="0" bev="0" fileid="1" />
                <SequencePoint vc="1" uspid="170" ordinal="8" offset="69" sl="297" sc="13" el="297" ec="36" bec="0" bev="0" fileid="1" />
                <SequencePoint vc="1" uspid="171" ordinal="9" offset="83" sl="298" sc="13" el="298" ec="38" bec="0" bev="0" fileid="1" />
                <SequencePoint vc="1" uspid="172" ordinal="10" offset="97" sl="301" sc="13" el="301" ec="35" bec="0" bev="0" fileid="1" />
                <SequencePoint vc="1" uspid="173" ordinal="11" offset="111" sl="302" sc="13" el="302" ec="36" bec="0" bev="0" fileid="1" />
                <SequencePoint vc="1" uspid="174" ordinal="12" offset="125" sl="303" sc="13" el="303" ec="38" bec="0" bev="0" fileid="1" />
                <SequencePoint vc="1" uspid="175" ordinal="13" offset="139" sl="306" sc="13" el="306" ec="35" bec="0" bev="0" fileid="1" />
                <SequencePoint vc="1" uspid="176" ordinal="14" offset="153" sl="307" sc="13" el="307" ec="36" bec="0" bev="0" fileid="1" />
                <SequencePoint vc="1" uspid="177" ordinal="15" offset="167" sl="308" sc="13" el="308" ec="38" bec="0" bev="0" fileid="1" />
                <SequencePoint vc="1" uspid="178" ordinal="16" offset="181" sl="311" sc="13" el="311" ec="35" bec="0" bev="0" fileid="1" />
                <SequencePoint vc="1" uspid="179" ordinal="17" offset="195" sl="312" sc="13" el="312" ec="36" bec="0" bev="0" fileid="1" />
                <SequencePoint vc="1" uspid="180" ordinal="18" offset="209" sl="313" sc="13" el="313" ec="38" bec="0" bev="0" fileid="1" />
                <SequencePoint vc="1" uspid="181" ordinal="19" offset="223" sl="316" sc="13" el="316" ec="35" bec="0" bev="0" fileid="1" />
                <SequencePoint vc="1" uspid="182" ordinal="20" offset="237" sl="317" sc="13" el="317" ec="36" bec="0" bev="0" fileid="1" />
                <SequencePoint vc="1" uspid="183" ordinal="21" offset="251" sl="318" sc="13" el="318" ec="38" bec="0" bev="0" fileid="1" />
                <SequencePoint vc="1" uspid="184" ordinal="22" offset="265" sl="321" sc="13" el="321" ec="35" bec="0" bev="0" fileid="1" />
                <SequencePoint vc="1" uspid="185" ordinal="23" offset="279" sl="322" sc="13" el="322" ec="36" bec="0" bev="0" fileid="1" />
                <SequencePoint vc="1" uspid="186" ordinal="24" offset="293" sl="323" sc="13" el="323" ec="38" bec="0" bev="0" fileid="1" />
                <SequencePoint vc="1" uspid="187" ordinal="25" offset="307" sl="326" sc="13" el="326" ec="35" bec="0" bev="0" fileid="1" />
                <SequencePoint vc="1" uspid="188" ordinal="26" offset="321" sl="327" sc="13" el="327" ec="36" bec="0" bev="0" fileid="1" />
                <SequencePoint vc="1" uspid="189" ordinal="27" offset="335" sl="328" sc="13" el="328" ec="39" bec="0" bev="0" fileid="1" />
                <SequencePoint vc="1" uspid="190" ordinal="28" offset="350" sl="331" sc="13" el="336" ec="31" bec="0" bev="0" fileid="1" />
                <SequencePoint vc="1" uspid="191" ordinal="29" offset="356" sl="338" sc="13" el="338" ec="85" bec="0" bev="0" fileid="1" />
                <SequencePoint vc="1" uspid="192" ordinal="30" offset="370" sl="340" sc="9" el="340" ec="10" bec="0" bev="0" fileid="1" />
              </SequencePoints>
              <BranchPoints />
              <MethodPoint xsi:type="SequencePoint" vc="1" uspid="162" ordinal="0" offset="0" sl="284" sc="9" el="284" ec="10" bec="0" bev="0" fileid="1" />
            </Method>
            <Method visited="true" cyclomaticComplexity="1" nPathComplexity="0" sequenceCoverage="100" branchCoverage="100" crapScore="1" isConstructor="false" isStatic="false" isGetter="false" isSetter="false">
              <Summary numSequencePoints="22" visitedSequencePoints="22" numBranchPoints="1" visitedBranchPoints="1" sequenceCoverage="100" branchCoverage="100" maxCyclomaticComplexity="1" minCyclomaticComplexity="1" maxCrapScore="1" minCrapScore="1" visitedClasses="0" numClasses="0" visitedMethods="1" numMethods="1" />
              <MetadataToken>100663307</MetadataToken>
              <Name>System.Void ce100_hw5_algo_test_cs.Single_Source_Shortest_Path_Tests::Single_Source_Shortest_Path_Test_3()</Name>
              <FileRef uid="1" />
              <SequencePoints>
                <SequencePoint vc="1" uspid="193" ordinal="0" offset="0" sl="344" sc="9" el="344" ec="10" bec="0" bev="0" fileid="1" />
                <SequencePoint vc="1" uspid="194" ordinal="1" offset="1" sl="345" sc="13" el="345" ec="23" bec="0" bev="0" fileid="1" />
                <SequencePoint vc="1" uspid="195" ordinal="2" offset="3" sl="346" sc="13" el="346" ec="23" bec="0" bev="0" fileid="1" />
                <SequencePoint vc="1" uspid="196" ordinal="3" offset="5" sl="347" sc="13" el="347" ec="81" bec="0" bev="0" fileid="1" />
                <SequencePoint vc="1" uspid="197" ordinal="4" offset="13" sl="350" sc="13" el="350" ec="35" bec="0" bev="0" fileid="1" />
                <SequencePoint vc="1" uspid="198" ordinal="5" offset="27" sl="351" sc="13" el="351" ec="36" bec="0" bev="0" fileid="1" />
                <SequencePoint vc="1" uspid="199" ordinal="6" offset="41" sl="352" sc="13" el="352" ec="39" bec="0" bev="0" fileid="1" />
                <SequencePoint vc="1" uspid="200" ordinal="7" offset="56" sl="355" sc="13" el="355" ec="35" bec="0" bev="0" fileid="1" />
                <SequencePoint vc="1" uspid="201" ordinal="8" offset="70" sl="356" sc="13" el="356" ec="36" bec="0" bev="0" fileid="1" />
                <SequencePoint vc="1" uspid="202" ordinal="9" offset="84" sl="357" sc="13" el="357" ec="38" bec="0" bev="0" fileid="1" />
                <SequencePoint vc="1" uspid="203" ordinal="10" offset="98" sl="360" sc="13" el="360" ec="35" bec="0" bev="0" fileid="1" />
                <SequencePoint vc="1" uspid="204" ordinal="11" offset="112" sl="361" sc="13" el="361" ec="36" bec="0" bev="0" fileid="1" />
                <SequencePoint vc="1" uspid="205" ordinal="12" offset="126" sl="362" sc="13" el="362" ec="38" bec="0" bev="0" fileid="1" />
                <SequencePoint vc="1" uspid="206" ordinal="13" offset="140" sl="365" sc="13" el="365" ec="35" bec="0" bev="0" fileid="1" />
                <SequencePoint vc="1" uspid="207" ordinal="14" offset="154" sl="366" sc="13" el="366" ec="36" bec="0" bev="0" fileid="1" />
                <SequencePoint vc="1" uspid="208" ordinal="15" offset="168" sl="367" sc="13" el="367" ec="39" bec="0" bev="0" fileid="1" />
                <SequencePoint vc="1" uspid="209" ordinal="16" offset="183" sl="370" sc="13" el="370" ec="35" bec="0" bev="0" fileid="1" />
                <SequencePoint vc="1" uspid="210" ordinal="17" offset="197" sl="371" sc="13" el="371" ec="36" bec="0" bev="0" fileid="1" />
                <SequencePoint vc="1" uspid="211" ordinal="18" offset="211" sl="372" sc="13" el="372" ec="38" bec="0" bev="0" fileid="1" />
                <SequencePoint vc="1" uspid="212" ordinal="19" offset="225" sl="374" sc="13" el="378" ec="31" bec="0" bev="0" fileid="1" />
                <SequencePoint vc="1" uspid="213" ordinal="20" offset="231" sl="380" sc="13" el="380" ec="85" bec="0" bev="0" fileid="1" />
                <SequencePoint vc="1" uspid="214" ordinal="21" offset="245" sl="381" sc="9" el="381" ec="10" bec="0" bev="0" fileid="1" />
              </SequencePoints>
              <BranchPoints />
              <MethodPoint xsi:type="SequencePoint" vc="1" uspid="193" ordinal="0" offset="0" sl="344" sc="9" el="344" ec="10" bec="0" bev="0" fileid="1" />
            </Method>
            <Method visited="false" cyclomaticComplexity="1" nPathComplexity="0" sequenceCoverage="0" branchCoverage="0" crapScore="2" isConstructor="true" isStatic="false" isGetter="false" isSetter="false">
              <Summary numSequencePoints="0" visitedSequencePoints="0" numBranchPoints="0" visitedBranchPoints="0" sequenceCoverage="0" branchCoverage="0" maxCyclomaticComplexity="1" minCyclomaticComplexity="1" maxCrapScore="2" minCrapScore="2" visitedClasses="0" numClasses="0" visitedMethods="0" numMethods="0" />
              <MetadataToken>100663308</MetadataToken>
              <Name>System.Void ce100_hw5_algo_test_cs.Single_Source_Shortest_Path_Tests::.ctor()</Name>
              <SequencePoints />
              <BranchPoints />
              <MethodPoint vc="0" uspid="215" ordinal="0" offset="0" />
            </Method>
          </Methods>
        </Class>
        <Class>
          <Summary numSequencePoints="18" visitedSequencePoints="18" numBranchPoints="3" visitedBranchPoints="3" sequenceCoverage="100" branchCoverage="100" maxCyclomaticComplexity="1" minCyclomaticComplexity="1" maxCrapScore="2" minCrapScore="1" visitedClasses="1" numClasses="1" visitedMethods="3" numMethods="3" />
          <FullName>ce100_hw5_algo_test_cs.Max_Flow_Tests</FullName>
          <Methods>
            <Method visited="true" cyclomaticComplexity="1" nPathComplexity="0" sequenceCoverage="100" branchCoverage="100" crapScore="1" isConstructor="false" isStatic="false" isGetter="false" isSetter="false">
              <Summary numSequencePoints="6" visitedSequencePoints="6" numBranchPoints="1" visitedBranchPoints="1" sequenceCoverage="100" branchCoverage="100" maxCyclomaticComplexity="1" minCyclomaticComplexity="1" maxCrapScore="1" minCrapScore="1" visitedClasses="0" numClasses="0" visitedMethods="1" numMethods="1" />
              <MetadataToken>100663309</MetadataToken>
              <Name>System.Void ce100_hw5_algo_test_cs.Max_Flow_Tests::Max_Flow_Test_1()</Name>
              <FileRef uid="1" />
              <SequencePoints>
                <SequencePoint vc="1" uspid="216" ordinal="0" offset="0" sl="389" sc="9" el="389" ec="10" bec="0" bev="0" fileid="1" />
                <SequencePoint vc="1" uspid="217" ordinal="1" offset="1" sl="390" sc="13" el="394" ec="11" bec="0" bev="0" fileid="1" />
                <SequencePoint vc="1" uspid="218" ordinal="2" offset="20" sl="396" sc="13" el="396" ec="39" bec="0" bev="0" fileid="1" />
                <SequencePoint vc="1" uspid="219" ordinal="3" offset="26" sl="398" sc="13" el="398" ec="29" bec="0" bev="0" fileid="1" />
                <SequencePoint vc="1" uspid="220" ordinal="4" offset="29" sl="399" sc="13" el="399" ec="67" bec="0" bev="0" fileid="1" />
                <SequencePoint vc="1" uspid="221" ordinal="5" offset="45" sl="400" sc="9" el="400" ec="10" bec="0" bev="0" fileid="1" />
              </SequencePoints>
              <BranchPoints />
              <MethodPoint xsi:type="SequencePoint" vc="1" uspid="216" ordinal="0" offset="0" sl="389" sc="9" el="389" ec="10" bec="0" bev="0" fileid="1" />
            </Method>
            <Method visited="true" cyclomaticComplexity="1" nPathComplexity="0" sequenceCoverage="100" branchCoverage="100" crapScore="1" isConstructor="false" isStatic="false" isGetter="false" isSetter="false">
              <Summary numSequencePoints="6" visitedSequencePoints="6" numBranchPoints="1" visitedBranchPoints="1" sequenceCoverage="100" branchCoverage="100" maxCyclomaticComplexity="1" minCyclomaticComplexity="1" maxCrapScore="1" minCrapScore="1" visitedClasses="0" numClasses="0" visitedMethods="1" numMethods="1" />
              <MetadataToken>100663310</MetadataToken>
              <Name>System.Void ce100_hw5_algo_test_cs.Max_Flow_Tests::Max_Flow_Test_2()</Name>
              <FileRef uid="1" />
              <SequencePoints>
                <SequencePoint vc="1" uspid="222" ordinal="0" offset="0" sl="404" sc="9" el="404" ec="10" bec="0" bev="0" fileid="1" />
                <SequencePoint vc="1" uspid="223" ordinal="1" offset="1" sl="405" sc="13" el="409" ec="11" bec="0" bev="0" fileid="1" />
                <SequencePoint vc="1" uspid="224" ordinal="2" offset="20" sl="410" sc="13" el="410" ec="39" bec="0" bev="0" fileid="1" />
                <SequencePoint vc="1" uspid="225" ordinal="3" offset="26" sl="411" sc="13" el="411" ec="29" bec="0" bev="0" fileid="1" />
                <SequencePoint vc="1" uspid="226" ordinal="4" offset="29" sl="412" sc="13" el="412" ec="67" bec="0" bev="0" fileid="1" />
                <SequencePoint vc="1" uspid="227" ordinal="5" offset="45" sl="413" sc="9" el="413" ec="10" bec="0" bev="0" fileid="1" />
              </SequencePoints>
              <BranchPoints />
              <MethodPoint xsi:type="SequencePoint" vc="1" uspid="222" ordinal="0" offset="0" sl="404" sc="9" el="404" ec="10" bec="0" bev="0" fileid="1" />
            </Method>
            <Method visited="true" cyclomaticComplexity="1" nPathComplexity="0" sequenceCoverage="100" branchCoverage="100" crapScore="1" isConstructor="false" isStatic="false" isGetter="false" isSetter="false">
              <Summary numSequencePoints="6" visitedSequencePoints="6" numBranchPoints="1" visitedBranchPoints="1" sequenceCoverage="100" branchCoverage="100" maxCyclomaticComplexity="1" minCyclomaticComplexity="1" maxCrapScore="1" minCrapScore="1" visitedClasses="0" numClasses="0" visitedMethods="1" numMethods="1" />
              <MetadataToken>100663311</MetadataToken>
              <Name>System.Void ce100_hw5_algo_test_cs.Max_Flow_Tests::Max_Flow_Test_3()</Name>
              <FileRef uid="1" />
              <SequencePoints>
                <SequencePoint vc="1" uspid="228" ordinal="0" offset="0" sl="417" sc="9" el="417" ec="10" bec="0" bev="0" fileid="1" />
                <SequencePoint vc="1" uspid="229" ordinal="1" offset="1" sl="418" sc="13" el="422" ec="11" bec="0" bev="0" fileid="1" />
                <SequencePoint vc="1" uspid="230" ordinal="2" offset="20" sl="423" sc="13" el="423" ec="39" bec="0" bev="0" fileid="1" />
                <SequencePoint vc="1" uspid="231" ordinal="3" offset="26" sl="424" sc="13" el="424" ec="29" bec="0" bev="0" fileid="1" />
                <SequencePoint vc="1" uspid="232" ordinal="4" offset="29" sl="425" sc="13" el="425" ec="67" bec="0" bev="0" fileid="1" />
                <SequencePoint vc="1" uspid="233" ordinal="5" offset="45" sl="427" sc="9" el="427" ec="10" bec="0" bev="0" fileid="1" />
              </SequencePoints>
              <BranchPoints />
              <MethodPoint xsi:type="SequencePoint" vc="1" uspid="228" ordinal="0" offset="0" sl="417" sc="9" el="417" ec="10" bec="0" bev="0" fileid="1" />
            </Method>
            <Method visited="false" cyclomaticComplexity="1" nPathComplexity="0" sequenceCoverage="0" branchCoverage="0" crapScore="2" isConstructor="true" isStatic="false" isGetter="false" isSetter="false">
              <Summary numSequencePoints="0" visitedSequencePoints="0" numBranchPoints="0" visitedBranchPoints="0" sequenceCoverage="0" branchCoverage="0" maxCyclomaticComplexity="1" minCyclomaticComplexity="1" maxCrapScore="2" minCrapScore="2" visitedClasses="0" numClasses="0" visitedMethods="0" numMethods="0" />
              <MetadataToken>100663312</MetadataToken>
              <Name>System.Void ce100_hw5_algo_test_cs.Max_Flow_Tests::.ctor()</Name>
              <SequencePoints />
              <BranchPoints />
              <MethodPoint vc="0" uspid="234" ordinal="0" offset="0" />
            </Method>
          </Methods>
        </Class>
      </Classes>
    </Module>
    <Module hash="EF-79-E5-35-5D-6B-1A-79-FB-F6-64-60-55-18-EE-04-7A-28-08-C0">
      <Summary numSequencePoints="238" visitedSequencePoints="235" numBranchPoints="89" visitedBranchPoints="86" sequenceCoverage="98.74" branchCoverage="96.63" maxCyclomaticComplexity="10" minCyclomaticComplexity="1" maxCrapScore="10.03" minCrapScore="1" visitedClasses="6" numClasses="6" visitedMethods="15" numMethods="15" />
      <ModulePath>C:\Users\Ömer Faruk Varlı\source\repos\ce100-hw5-algo-lib-cs\ce100-hw5-algo-test-cs\bin\Debug\fine-code-coverage\build-output\ce100-hw5-algo-lib-cs.dll</ModulePath>
      <ModuleTime>2022-05-27T18:51:24.5495097Z</ModuleTime>
      <ModuleName>ce100-hw5-algo-lib-cs</ModuleName>
      <Files>
        <File uid="9" fullPath="C:\Users\Ömer Faruk Varlı\source\repos\ce100-hw5-algo-lib-cs\ce100-hw5-algo-lib-cs\Class1.cs" />
      </Files>
      <Classes>
        <Class>
          <Summary numSequencePoints="39" visitedSequencePoints="39" numBranchPoints="16" visitedBranchPoints="16" sequenceCoverage="100" branchCoverage="100" maxCyclomaticComplexity="5" minCyclomaticComplexity="1" maxCrapScore="5" minCrapScore="1" visitedClasses="1" numClasses="1" visitedMethods="4" numMethods="4" />
          <FullName>ce100_hw5_algo_lib_cs.GraphCycleDetection</FullName>
          <Methods>
            <Method visited="true" cyclomaticComplexity="2" nPathComplexity="2" sequenceCoverage="100" branchCoverage="100" crapScore="2" isConstructor="true" isStatic="false" isGetter="false" isSetter="false">
              <Summary numSequencePoints="9" visitedSequencePoints="9" numBranchPoints="3" visitedBranchPoints="3" sequenceCoverage="100" branchCoverage="100" maxCyclomaticComplexity="2" minCyclomaticComplexity="2" maxCrapScore="2" minCrapScore="2" visitedClasses="0" numClasses="0" visitedMethods="1" numMethods="1" />
              <MetadataToken>100663297</MetadataToken>
              <Name>System.Void ce100_hw5_algo_lib_cs.GraphCycleDetection::.ctor(System.Int32)</Name>
              <FileRef uid="9" />
              <SequencePoints>
                <SequencePoint vc="3" uspid="235" ordinal="0" offset="0" sl="28" sc="9" el="28" ec="42" bec="0" bev="0" fileid="9" />
                <SequencePoint vc="3" uspid="236" ordinal="1" offset="7" sl="29" sc="9" el="29" ec="10" bec="0" bev="0" fileid="9" />
                <SequencePoint vc="3" uspid="237" ordinal="2" offset="8" sl="30" sc="13" el="30" ec="24" bec="0" bev="0" fileid="9" />
                <SequencePoint vc="3" uspid="238" ordinal="3" offset="15" sl="31" sc="13" el="31" ec="42" bec="0" bev="0" fileid="9" />
                <SequencePoint vc="3" uspid="239" ordinal="4" offset="27" sl="33" sc="18" el="33" ec="27" bec="0" bev="0" fileid="9" />
                <SequencePoint vc="19" uspid="240" ordinal="5" offset="31" sl="34" sc="17" el="34" ec="42" bec="0" bev="0" fileid="9" />
                <SequencePoint vc="19" uspid="241" ordinal="6" offset="48" sl="33" sc="36" el="33" ec="39" bec="0" bev="0" fileid="9" />
                <SequencePoint vc="22" uspid="242" ordinal="7" offset="52" sl="33" sc="29" el="33" ec="34" bec="2" bev="2" fileid="9" />
                <SequencePoint vc="3" uspid="243" ordinal="8" offset="60" sl="35" sc="9" el="35" ec="10" bec="0" bev="0" fileid="9" />
              </SequencePoints>
              <BranchPoints>
                <BranchPoint vc="3" uspid="244" ordinal="0" offset="58" sl="33" path="0" offsetend="60" fileid="9" />
                <BranchPoint vc="19" uspid="245" ordinal="1" offset="58" sl="33" path="1" offsetend="31" fileid="9" />
              </BranchPoints>
              <MethodPoint xsi:type="SequencePoint" vc="3" uspid="235" ordinal="0" offset="0" sl="28" sc="9" el="28" ec="42" bec="0" bev="0" fileid="9" />
            </Method>
            <Method visited="true" cyclomaticComplexity="5" nPathComplexity="8" sequenceCoverage="100" branchCoverage="100" crapScore="5" isConstructor="false" isStatic="false" isGetter="false" isSetter="false">
              <Summary numSequencePoints="17" visitedSequencePoints="17" numBranchPoints="7" visitedBranchPoints="7" sequenceCoverage="100" branchCoverage="100" maxCyclomaticComplexity="5" minCyclomaticComplexity="5" maxCrapScore="5" minCrapScore="5" visitedClasses="0" numClasses="0" visitedMethods="1" numMethods="1" />
              <MetadataToken>100663298</MetadataToken>
              <Name>System.Boolean ce100_hw5_algo_lib_cs.GraphCycleDetection::isCyclicUtil(System.Int32,System.Boolean[],System.Boolean[])</Name>
              <FileRef uid="9" />
              <SequencePoints>
                <SequencePoint vc="24" uspid="246" ordinal="0" offset="0" sl="52" sc="9" el="52" ec="10" bec="0" bev="0" fileid="9" />
                <SequencePoint vc="24" uspid="247" ordinal="1" offset="1" sl="56" sc="13" el="56" ec="29" bec="2" bev="2" fileid="9" />
                <SequencePoint vc="2" uspid="248" ordinal="2" offset="8" sl="57" sc="17" el="57" ec="29" bec="0" bev="0" fileid="9" />
                <SequencePoint vc="22" uspid="249" ordinal="3" offset="12" sl="59" sc="13" el="59" ec="28" bec="2" bev="2" fileid="9" />
                <SequencePoint vc="7" uspid="250" ordinal="4" offset="19" sl="60" sc="17" el="60" ec="30" bec="0" bev="0" fileid="9" />
                <SequencePoint vc="15" uspid="251" ordinal="5" offset="23" sl="62" sc="13" el="62" ec="31" bec="0" bev="0" fileid="9" />
                <SequencePoint vc="15" uspid="252" ordinal="6" offset="27" sl="64" sc="13" el="64" ec="32" bec="0" bev="0" fileid="9" />
                <SequencePoint vc="15" uspid="253" ordinal="7" offset="31" sl="65" sc="13" el="65" ec="41" bec="0" bev="0" fileid="9" />
                <SequencePoint vc="15" uspid="254" ordinal="8" offset="44" sl="67" sc="13" el="67" ec="20" bec="0" bev="0" fileid="9" />
                <SequencePoint vc="15" uspid="255" ordinal="9" offset="45" sl="67" sc="31" el="67" ec="39" bec="0" bev="0" fileid="9" />
                <SequencePoint vc="13" uspid="256" ordinal="10" offset="55" sl="67" sc="22" el="67" ec="27" bec="0" bev="0" fileid="9" />
                <SequencePoint vc="13" uspid="257" ordinal="11" offset="64" sl="68" sc="17" el="68" ec="56" bec="2" bev="2" fileid="9" />
                <SequencePoint vc="6" uspid="258" ordinal="12" offset="80" sl="69" sc="21" el="69" ec="33" bec="0" bev="0" fileid="9" />
                <SequencePoint vc="22" uspid="259" ordinal="13" offset="84" sl="67" sc="28" el="67" ec="30" bec="0" bev="0" fileid="9" />
                <SequencePoint vc="9" uspid="260" ordinal="14" offset="110" sl="71" sc="13" el="71" ec="33" bec="0" bev="0" fileid="9" />
                <SequencePoint vc="9" uspid="261" ordinal="15" offset="114" sl="73" sc="13" el="73" ec="26" bec="0" bev="0" fileid="9" />
                <SequencePoint vc="24" uspid="262" ordinal="16" offset="118" sl="74" sc="9" el="74" ec="10" bec="0" bev="0" fileid="9" />
              </SequencePoints>
              <BranchPoints>
                <BranchPoint vc="2" uspid="263" ordinal="0" offset="6" sl="56" path="0" offsetend="8" fileid="9" />
                <BranchPoint vc="22" uspid="264" ordinal="1" offset="6" sl="56" path="1" offsetend="12" fileid="9" />
                <BranchPoint vc="7" uspid="265" ordinal="2" offset="17" sl="59" path="0" offsetend="19" fileid="9" />
                <BranchPoint vc="15" uspid="266" ordinal="3" offset="17" sl="59" path="1" offsetend="23" fileid="9" />
                <BranchPoint vc="6" uspid="267" ordinal="4" offset="78" sl="68" path="0" offsetend="80" fileid="9" />
                <BranchPoint vc="7" uspid="268" ordinal="5" offset="78" sl="68" path="1" offsetend="84" fileid="9" />
              </BranchPoints>
              <MethodPoint xsi:type="SequencePoint" vc="24" uspid="246" ordinal="0" offset="0" sl="52" sc="9" el="52" ec="10" bec="0" bev="0" fileid="9" />
            </Method>
            <Method visited="true" cyclomaticComplexity="1" nPathComplexity="0" sequenceCoverage="100" branchCoverage="100" crapScore="1" isConstructor="false" isStatic="false" isGetter="false" isSetter="false">
              <Summary numSequencePoints="3" visitedSequencePoints="3" numBranchPoints="1" visitedBranchPoints="1" sequenceCoverage="100" branchCoverage="100" maxCyclomaticComplexity="1" minCyclomaticComplexity="1" maxCrapScore="1" minCrapScore="1" visitedClasses="0" numClasses="0" visitedMethods="1" numMethods="1" />
              <MetadataToken>100663299</MetadataToken>
              <Name>System.Void ce100_hw5_algo_lib_cs.GraphCycleDetection::addEdge(System.Int32,System.Int32)</Name>
              <FileRef uid="9" />
              <SequencePoints>
                <SequencePoint vc="17" uspid="271" ordinal="0" offset="0" sl="88" sc="9" el="88" ec="10" bec="0" bev="0" fileid="9" />
                <SequencePoint vc="17" uspid="272" ordinal="1" offset="1" sl="89" sc="13" el="89" ec="32" bec="0" bev="0" fileid="9" />
                <SequencePoint vc="17" uspid="273" ordinal="2" offset="20" sl="90" sc="9" el="90" ec="10" bec="0" bev="0" fileid="9" />
              </SequencePoints>
              <BranchPoints />
              <MethodPoint xsi:type="SequencePoint" vc="17" uspid="271" ordinal="0" offset="0" sl="88" sc="9" el="88" ec="10" bec="0" bev="0" fileid="9" />
            </Method>
            <Method visited="true" cyclomaticComplexity="3" nPathComplexity="4" sequenceCoverage="100" branchCoverage="100" crapScore="3" isConstructor="false" isStatic="false" isGetter="false" isSetter="false">
              <Summary numSequencePoints="10" visitedSequencePoints="10" numBranchPoints="5" visitedBranchPoints="5" sequenceCoverage="100" branchCoverage="100" maxCyclomaticComplexity="3" minCyclomaticComplexity="3" maxCrapScore="3" minCrapScore="3" visitedClasses="0" numClasses="0" visitedMethods="1" numMethods="1" />
              <MetadataToken>100663300</MetadataToken>
              <Name>System.Boolean ce100_hw5_algo_lib_cs.GraphCycleDetection::isCyclic()</Name>
              <FileRef uid="9" />
              <SequencePoints>
                <SequencePoint vc="3" uspid="274" ordinal="0" offset="0" sl="100" sc="9" el="100" ec="10" bec="0" bev="0" fileid="9" />
                <SequencePoint vc="3" uspid="275" ordinal="1" offset="1" sl="104" sc="13" el="104" ec="42" bec="0" bev="0" fileid="9" />
                <SequencePoint vc="3" uspid="276" ordinal="2" offset="13" sl="105" sc="13" el="105" ec="43" bec="0" bev="0" fileid="9" />
                <SequencePoint vc="3" uspid="277" ordinal="3" offset="25" sl="110" sc="18" el="110" ec="27" bec="0" bev="0" fileid="9" />
                <SequencePoint vc="11" uspid="278" ordinal="4" offset="29" sl="111" sc="17" el="111" ec="56" bec="2" bev="2" fileid="9" />
                <SequencePoint vc="2" uspid="279" ordinal="5" offset="42" sl="112" sc="21" el="112" ec="33" bec="0" bev="0" fileid="9" />
                <SequencePoint vc="9" uspid="280" ordinal="6" offset="47" sl="110" sc="36" el="110" ec="39" bec="0" bev="0" fileid="9" />
                <SequencePoint vc="12" uspid="281" ordinal="7" offset="51" sl="110" sc="29" el="110" ec="34" bec="2" bev="2" fileid="9" />
                <SequencePoint vc="1" uspid="282" ordinal="8" offset="66" sl="114" sc="13" el="114" ec="26" bec="0" bev="0" fileid="9" />
                <SequencePoint vc="3" uspid="283" ordinal="9" offset="71" sl="115" sc="9" el="115" ec="10" bec="0" bev="0" fileid="9" />
              </SequencePoints>
              <BranchPoints>
                <BranchPoint vc="2" uspid="284" ordinal="0" offset="40" sl="111" path="0" offsetend="42" fileid="9" />
                <BranchPoint vc="9" uspid="285" ordinal="1" offset="40" sl="111" path="1" offsetend="47" fileid="9" />
                <BranchPoint vc="1" uspid="286" ordinal="2" offset="64" sl="110" path="0" offsetend="66" fileid="9" />
                <BranchPoint vc="11" uspid="287" ordinal="3" offset="64" sl="110" path="1" offsetend="29" fileid="9" />
              </BranchPoints>
              <MethodPoint xsi:type="SequencePoint" vc="3" uspid="274" ordinal="0" offset="0" sl="100" sc="9" el="100" ec="10" bec="0" bev="0" fileid="9" />
            </Method>
          </Methods>
        </Class>
        <Class>
          <Summary numSequencePoints="72" visitedSequencePoints="72" numBranchPoints="24" visitedBranchPoints="24" sequenceCoverage="100" branchCoverage="100" maxCyclomaticComplexity="7" minCyclomaticComplexity="2" maxCrapScore="7" minCrapScore="2" visitedClasses="1" numClasses="1" visitedMethods="4" numMethods="4" />
          <FullName>ce100_hw5_algo_lib_cs.MinimumSpanningTree</FullName>
          <Methods>
            <Method visited="true" cyclomaticComplexity="2" nPathComplexity="2" sequenceCoverage="100" branchCoverage="100" crapScore="2" isConstructor="true" isStatic="false" isGetter="false" isSetter="false">
              <Summary numSequencePoints="10" visitedSequencePoints="10" numBranchPoints="3" visitedBranchPoints="3" sequenceCoverage="100" branchCoverage="100" maxCyclomaticComplexity="2" minCyclomaticComplexity="2" maxCrapScore="2" minCrapScore="2" visitedClasses="0" numClasses="0" visitedMethods="1" numMethods="1" />
              <MetadataToken>100663301</MetadataToken>
              <Name>System.Void ce100_hw5_algo_lib_cs.MinimumSpanningTree::.ctor(System.Int32,System.Int32)</Name>
              <FileRef uid="9" />
              <SequencePoints>
                <SequencePoint vc="3" uspid="288" ordinal="0" offset="0" sl="157" sc="9" el="157" ec="49" bec="0" bev="0" fileid="9" />
                <SequencePoint vc="3" uspid="289" ordinal="1" offset="7" sl="158" sc="9" el="158" ec="10" bec="0" bev="0" fileid="9" />
                <SequencePoint vc="3" uspid="290" ordinal="2" offset="8" sl="159" sc="13" el="159" ec="19" bec="0" bev="0" fileid="9" />
                <SequencePoint vc="3" uspid="291" ordinal="3" offset="15" sl="160" sc="13" el="160" ec="19" bec="0" bev="0" fileid="9" />
                <SequencePoint vc="3" uspid="292" ordinal="4" offset="22" sl="161" sc="13" el="161" ec="32" bec="0" bev="0" fileid="9" />
                <SequencePoint vc="3" uspid="293" ordinal="5" offset="39" sl="162" sc="18" el="162" ec="27" bec="0" bev="0" fileid="9" />
                <SequencePoint vc="26" uspid="294" ordinal="6" offset="43" sl="163" sc="17" el="163" ec="38" bec="0" bev="0" fileid="9" />
                <SequencePoint vc="26" uspid="295" ordinal="7" offset="56" sl="162" sc="36" el="162" ec="39" bec="0" bev="0" fileid="9" />
                <SequencePoint vc="29" uspid="296" ordinal="8" offset="60" sl="162" sc="29" el="162" ec="34" bec="2" bev="2" fileid="9" />
                <SequencePoint vc="3" uspid="297" ordinal="9" offset="68" sl="164" sc="9" el="164" ec="10" bec="0" bev="0" fileid="9" />
              </SequencePoints>
              <BranchPoints>
                <BranchPoint vc="3" uspid="298" ordinal="0" offset="66" sl="162" path="0" offsetend="68" fileid="9" />
                <BranchPoint vc="26" uspid="299" ordinal="1" offset="66" sl="162" path="1" offsetend="43" fileid="9" />
              </BranchPoints>
              <MethodPoint xsi:type="SequencePoint" vc="3" uspid="288" ordinal="0" offset="0" sl="157" sc="9" el="157" ec="49" bec="0" bev="0" fileid="9" />
            </Method>
            <Method visited="true" cyclomaticComplexity="2" nPathComplexity="2" sequenceCoverage="100" branchCoverage="100" crapScore="2" isConstructor="false" isStatic="false" isGetter="false" isSetter="false">
              <Summary numSequencePoints="5" visitedSequencePoints="5" numBranchPoints="3" visitedBranchPoints="3" sequenceCoverage="100" branchCoverage="100" maxCyclomaticComplexity="2" minCyclomaticComplexity="2" maxCrapScore="2" minCrapScore="2" visitedClasses="0" numClasses="0" visitedMethods="1" numMethods="1" />
              <MetadataToken>100663302</MetadataToken>
              <Name>System.Int32 ce100_hw5_algo_lib_cs.MinimumSpanningTree::find(ce100_hw5_algo_lib_cs.MinimumSpanningTree/subset[],System.Int32)</Name>
              <FileRef uid="9" />
              <SequencePoints>
                <SequencePoint vc="84" uspid="300" ordinal="0" offset="0" sl="180" sc="9" el="180" ec="10" bec="0" bev="0" fileid="9" />
                <SequencePoint vc="84" uspid="301" ordinal="1" offset="1" sl="183" sc="13" el="183" ec="40" bec="2" bev="2" fileid="9" />
                <SequencePoint vc="16" uspid="302" ordinal="2" offset="19" sl="184" sc="17" el="185" ec="56" bec="0" bev="0" fileid="9" />
                <SequencePoint vc="84" uspid="303" ordinal="3" offset="42" sl="187" sc="13" el="187" ec="38" bec="0" bev="0" fileid="9" />
                <SequencePoint vc="84" uspid="304" ordinal="4" offset="53" sl="188" sc="9" el="188" ec="10" bec="0" bev="0" fileid="9" />
              </SequencePoints>
              <BranchPoints>
                <BranchPoint vc="16" uspid="305" ordinal="0" offset="17" sl="183" path="0" offsetend="19" fileid="9" />
                <BranchPoint vc="68" uspid="306" ordinal="1" offset="17" sl="183" path="1" offsetend="42" fileid="9" />
              </BranchPoints>
              <MethodPoint xsi:type="SequencePoint" vc="84" uspid="300" ordinal="0" offset="0" sl="180" sc="9" el="180" ec="10" bec="0" bev="0" fileid="9" />
            </Method>
            <Method visited="true" cyclomaticComplexity="3" nPathComplexity="4" sequenceCoverage="100" branchCoverage="100" crapScore="3" isConstructor="false" isStatic="false" isGetter="false" isSetter="false">
              <Summary numSequencePoints="12" visitedSequencePoints="12" numBranchPoints="5" visitedBranchPoints="5" sequenceCoverage="100" branchCoverage="100" maxCyclomaticComplexity="3" minCyclomaticComplexity="3" maxCrapScore="3" minCrapScore="3" visitedClasses="0" numClasses="0" visitedMethods="1" numMethods="1" />
              <MetadataToken>100663303</MetadataToken>
              <Name>System.Void ce100_hw5_algo_lib_cs.MinimumSpanningTree::Union(ce100_hw5_algo_lib_cs.MinimumSpanningTree/subset[],System.Int32,System.Int32)</Name>
              <FileRef uid="9" />
              <SequencePoints>
                <SequencePoint vc="15" uspid="307" ordinal="0" offset="0" sl="206" sc="9" el="206" ec="10" bec="0" bev="0" fileid="9" />
                <SequencePoint vc="15" uspid="308" ordinal="1" offset="1" sl="207" sc="13" el="207" ec="42" bec="0" bev="0" fileid="9" />
                <SequencePoint vc="15" uspid="309" ordinal="2" offset="10" sl="208" sc="13" el="208" ec="42" bec="0" bev="0" fileid="9" />
                <SequencePoint vc="15" uspid="310" ordinal="3" offset="19" sl="212" sc="13" el="212" ec="59" bec="2" bev="2" fileid="9" />
                <SequencePoint vc="2" uspid="311" ordinal="4" offset="41" sl="213" sc="17" el="213" ec="47" bec="0" bev="0" fileid="9" />
                <SequencePoint vc="13" uspid="312" ordinal="5" offset="52" sl="214" sc="18" el="214" ec="64" bec="2" bev="2" fileid="9" />
                <SequencePoint vc="5" uspid="313" ordinal="6" offset="74" sl="215" sc="17" el="215" ec="47" bec="0" bev="0" fileid="9" />
                <SequencePoint vc="8" uspid="314" ordinal="7" offset="85" sl="220" sc="13" el="220" ec="14" bec="0" bev="0" fileid="9" />
                <SequencePoint vc="8" uspid="315" ordinal="8" offset="86" sl="221" sc="17" el="221" ec="47" bec="0" bev="0" fileid="9" />
                <SequencePoint vc="8" uspid="316" ordinal="9" offset="95" sl="222" sc="17" el="222" ec="39" bec="0" bev="0" fileid="9" />
                <SequencePoint vc="8" uspid="317" ordinal="10" offset="111" sl="223" sc="13" el="223" ec="14" bec="0" bev="0" fileid="9" />
                <SequencePoint vc="15" uspid="318" ordinal="11" offset="112" sl="224" sc="9" el="224" ec="10" bec="0" bev="0" fileid="9" />
              </SequencePoints>
              <BranchPoints>
                <BranchPoint vc="2" uspid="319" ordinal="0" offset="39" sl="212" path="0" offsetend="41" fileid="9" />
                <BranchPoint vc="13" uspid="320" ordinal="1" offset="39" sl="212" path="1" offsetend="52" fileid="9" />
                <BranchPoint vc="5" uspid="321" ordinal="2" offset="72" sl="214" path="0" offsetend="74" fileid="9" />
                <BranchPoint vc="8" uspid="322" ordinal="3" offset="72" sl="214" path="1" offsetend="85" fileid="9" />
              </BranchPoints>
              <MethodPoint xsi:type="SequencePoint" vc="15" uspid="307" ordinal="0" offset="0" sl="206" sc="9" el="206" ec="10" bec="0" bev="0" fileid="9" />
            </Method>
            <Method visited="true" cyclomaticComplexity="7" nPathComplexity="64" sequenceCoverage="100" branchCoverage="100" crapScore="7" isConstructor="false" isStatic="false" isGetter="false" isSetter="false">
              <Summary numSequencePoints="45" visitedSequencePoints="45" numBranchPoints="13" visitedBranchPoints="13" sequenceCoverage="100" branchCoverage="100" maxCyclomaticComplexity="7" minCyclomaticComplexity="7" maxCrapScore="7" minCrapScore="7" visitedClasses="0" numClasses="0" visitedMethods="1" numMethods="1" />
              <MetadataToken>100663304</MetadataToken>
              <Name>System.String ce100_hw5_algo_lib_cs.MinimumSpanningTree::KruskalMST()</Name>
              <FileRef uid="9" />
              <SequencePoints>
                <SequencePoint vc="3" uspid="323" ordinal="0" offset="0" sl="236" sc="9" el="236" ec="10" bec="0" bev="0" fileid="9" />
                <SequencePoint vc="3" uspid="324" ordinal="1" offset="1" sl="239" sc="13" el="239" ec="41" bec="0" bev="0" fileid="9" />
                <SequencePoint vc="3" uspid="325" ordinal="2" offset="13" sl="240" sc="13" el="240" ec="29" bec="0" bev="0" fileid="9" />
                <SequencePoint vc="3" uspid="326" ordinal="3" offset="19" sl="241" sc="13" el="241" ec="23" bec="0" bev="0" fileid="9" />
                <SequencePoint vc="3" uspid="327" ordinal="4" offset="21" sl="242" sc="13" el="243" ec="21" bec="0" bev="0" fileid="9" />
                <SequencePoint vc="3" uspid="328" ordinal="5" offset="23" sl="244" sc="18" el="244" ec="23" bec="0" bev="0" fileid="9" />
                <SequencePoint vc="18" uspid="329" ordinal="6" offset="27" sl="245" sc="17" el="245" ec="40" bec="0" bev="0" fileid="9" />
                <SequencePoint vc="18" uspid="330" ordinal="7" offset="35" sl="244" sc="32" el="244" ec="35" bec="0" bev="0" fileid="9" />
                <SequencePoint vc="21" uspid="331" ordinal="8" offset="39" sl="244" sc="25" el="244" ec="30" bec="2" bev="2" fileid="9" />
                <SequencePoint vc="3" uspid="332" ordinal="9" offset="54" sl="251" sc="13" el="251" ec="30" bec="0" bev="0" fileid="9" />
                <SequencePoint vc="3" uspid="333" ordinal="10" offset="66" sl="254" sc="13" el="254" ec="46" bec="0" bev="0" fileid="9" />
                <SequencePoint vc="3" uspid="334" ordinal="11" offset="79" sl="255" sc="18" el="255" ec="23" bec="0" bev="0" fileid="9" />
                <SequencePoint vc="18" uspid="335" ordinal="12" offset="83" sl="256" sc="17" el="256" ec="43" bec="0" bev="0" fileid="9" />
                <SequencePoint vc="18" uspid="336" ordinal="13" offset="92" sl="255" sc="32" el="255" ec="35" bec="0" bev="0" fileid="9" />
                <SequencePoint vc="21" uspid="337" ordinal="14" offset="96" sl="255" sc="25" el="255" ec="30" bec="2" bev="2" fileid="9" />
                <SequencePoint vc="3" uspid="338" ordinal="15" offset="111" sl="259" sc="18" el="259" ec="27" bec="0" bev="0" fileid="9" />
                <SequencePoint vc="18" uspid="339" ordinal="16" offset="116" sl="260" sc="13" el="260" ec="14" bec="0" bev="0" fileid="9" />
                <SequencePoint vc="18" uspid="340" ordinal="17" offset="117" sl="261" sc="17" el="261" ec="39" bec="0" bev="0" fileid="9" />
                <SequencePoint vc="18" uspid="341" ordinal="18" offset="129" sl="262" sc="17" el="262" ec="37" bec="0" bev="0" fileid="9" />
                <SequencePoint vc="18" uspid="342" ordinal="19" offset="140" sl="263" sc="13" el="263" ec="14" bec="0" bev="0" fileid="9" />
                <SequencePoint vc="18" uspid="343" ordinal="20" offset="141" sl="259" sc="36" el="259" ec="39" bec="0" bev="0" fileid="9" />
                <SequencePoint vc="21" uspid="344" ordinal="21" offset="147" sl="259" sc="29" el="259" ec="34" bec="2" bev="2" fileid="9" />
                <SequencePoint vc="3" uspid="345" ordinal="22" offset="163" sl="265" sc="13" el="265" ec="19" bec="0" bev="0" fileid="9" />
                <SequencePoint vc="19" uspid="346" ordinal="23" offset="167" sl="269" sc="13" el="269" ec="14" bec="0" bev="0" fileid="9" />
                <SequencePoint vc="19" uspid="347" ordinal="24" offset="168" sl="272" sc="17" el="272" ec="45" bec="0" bev="0" fileid="9" />
                <SequencePoint vc="19" uspid="348" ordinal="25" offset="175" sl="273" sc="17" el="273" ec="39" bec="0" bev="0" fileid="9" />
                <SequencePoint vc="19" uspid="349" ordinal="26" offset="189" sl="275" sc="17" el="275" ec="54" bec="0" bev="0" fileid="9" />
                <SequencePoint vc="19" uspid="350" ordinal="27" offset="206" sl="276" sc="17" el="276" ec="55" bec="0" bev="0" fileid="9" />
                <SequencePoint vc="19" uspid="351" ordinal="28" offset="223" sl="281" sc="17" el="281" ec="28" bec="2" bev="2" fileid="9" />
                <SequencePoint vc="15" uspid="352" ordinal="29" offset="238" sl="282" sc="17" el="282" ec="18" bec="0" bev="0" fileid="9" />
                <SequencePoint vc="15" uspid="353" ordinal="30" offset="239" sl="283" sc="21" el="283" ec="45" bec="0" bev="0" fileid="9" />
                <SequencePoint vc="15" uspid="354" ordinal="31" offset="248" sl="284" sc="21" el="284" ec="42" bec="0" bev="0" fileid="9" />
                <SequencePoint vc="15" uspid="355" ordinal="32" offset="261" sl="285" sc="17" el="285" ec="18" bec="0" bev="0" fileid="9" />
                <SequencePoint vc="19" uspid="356" ordinal="33" offset="262" sl="287" sc="13" el="287" ec="14" bec="0" bev="0" fileid="9" />
                <SequencePoint vc="22" uspid="357" ordinal="34" offset="263" sl="268" sc="13" el="268" ec="30" bec="2" bev="2" fileid="9" />
                <SequencePoint vc="3" uspid="358" ordinal="35" offset="280" sl="289" sc="13" el="289" ec="33" bec="0" bev="0" fileid="9" />
                <SequencePoint vc="3" uspid="359" ordinal="36" offset="283" sl="290" sc="18" el="290" ec="23" bec="0" bev="0" fileid="9" />
                <SequencePoint vc="15" uspid="360" ordinal="37" offset="287" sl="291" sc="13" el="291" ec="14" bec="0" bev="0" fileid="9" />
                <SequencePoint vc="15" uspid="361" ordinal="38" offset="288" sl="292" sc="17" el="292" ec="148" bec="0" bev="0" fileid="9" />
                <SequencePoint vc="15" uspid="362" ordinal="39" offset="384" sl="293" sc="17" el="293" ec="49" bec="0" bev="0" fileid="9" />
                <SequencePoint vc="15" uspid="363" ordinal="40" offset="397" sl="294" sc="13" el="294" ec="14" bec="0" bev="0" fileid="9" />
                <SequencePoint vc="15" uspid="364" ordinal="41" offset="398" sl="290" sc="32" el="290" ec="35" bec="0" bev="0" fileid="9" />
                <SequencePoint vc="18" uspid="365" ordinal="42" offset="402" sl="290" sc="25" el="290" ec="30" bec="2" bev="2" fileid="9" />
                <SequencePoint vc="3" uspid="366" ordinal="43" offset="412" sl="296" sc="13" el="296" ec="24" bec="0" bev="0" fileid="9" />
                <SequencePoint vc="3" uspid="367" ordinal="44" offset="417" sl="297" sc="9" el="297" ec="10" bec="0" bev="0" fileid="9" />
              </SequencePoints>
              <BranchPoints>
                <BranchPoint vc="3" uspid="368" ordinal="0" offset="52" sl="244" path="0" offsetend="54" fileid="9" />
                <BranchPoint vc="18" uspid="369" ordinal="1" offset="52" sl="244" path="1" offsetend="27" fileid="9" />
                <BranchPoint vc="3" uspid="370" ordinal="2" offset="109" sl="255" path="0" offsetend="111" fileid="9" />
                <BranchPoint vc="18" uspid="371" ordinal="3" offset="109" sl="255" path="1" offsetend="83" fileid="9" />
                <BranchPoint vc="3" uspid="372" ordinal="4" offset="161" sl="259" path="0" offsetend="163" fileid="9" />
                <BranchPoint vc="18" uspid="373" ordinal="5" offset="161" sl="259" path="1" offsetend="116" fileid="9" />
                <BranchPoint vc="15" uspid="374" ordinal="6" offset="236" sl="281" path="0" offsetend="238" fileid="9" />
                <BranchPoint vc="4" uspid="375" ordinal="7" offset="236" sl="281" path="1" offsetend="262" fileid="9" />
                <BranchPoint vc="3" uspid="376" ordinal="8" offset="278" sl="268" path="0" offsetend="280" fileid="9" />
                <BranchPoint vc="19" uspid="377" ordinal="9" offset="278" sl="268" path="1" offsetend="167" fileid="9" />
                <BranchPoint vc="3" uspid="378" ordinal="10" offset="410" sl="290" path="0" offsetend="412" fileid="9" />
                <BranchPoint vc="15" uspid="379" ordinal="11" offset="410" sl="290" path="1" offsetend="287" fileid="9" />
              </BranchPoints>
              <MethodPoint xsi:type="SequencePoint" vc="3" uspid="323" ordinal="0" offset="0" sl="236" sc="9" el="236" ec="10" bec="0" bev="0" fileid="9" />
            </Method>
          </Methods>
        </Class>
        <Class>
[...]
                <BranchPoint vc="71" uspid="448" ordinal="7" offset="183" sl="358" path="1" offsetend="74" fileid="9" />
                <BranchPoint vc="3" uspid="449" ordinal="8" offset="201" sl="356" path="0" offsetend="206" fileid="9" />
                <BranchPoint vc="11" uspid="450" ordinal="9" offset="201" sl="356" path="1" offsetend="68" fileid="9" />
                <BranchPoint vc="19" uspid="451" ordinal="10" offset="269" sl="373" path="0" offsetend="271" fileid="9" />
                <BranchPoint vc="0" uspid="452" ordinal="11" offset="269" sl="373" path="1" offsetend="286" fileid="9" />
                <BranchPoint vc="0" uspid="453" ordinal="12" offset="291" sl="373" path="0" offsetend="293" fileid="9" />
                <BranchPoint vc="19" uspid="454" ordinal="13" offset="291" sl="373" path="1" offsetend="305" fileid="9" />
                <BranchPoint vc="3" uspid="455" ordinal="14" offset="321" sl="368" path="0" offsetend="323" fileid="9" />
                <BranchPoint vc="19" uspid="456" ordinal="15" offset="321" sl="368" path="1" offsetend="211" fileid="9" />
                <BranchPoint vc="3" uspid="457" ordinal="16" offset="415" sl="380" path="0" offsetend="417" fileid="9" />
                <BranchPoint vc="14" uspid="458" ordinal="17" offset="415" sl="380" path="1" offsetend="334" fileid="9" />
              </BranchPoints>
              <MethodPoint xsi:type="SequencePoint" vc="3" uspid="397" ordinal="0" offset="0" sl="346" sc="9" el="346" ec="10" bec="0" bev="0" fileid="9" />
            </Method>
          </Methods>
        </Class>
        <Class>
          <Summary numSequencePoints="4" visitedSequencePoints="4" numBranchPoints="1" visitedBranchPoints="1" sequenceCoverage="100" branchCoverage="100" maxCyclomaticComplexity="1" minCyclomaticComplexity="1" maxCrapScore="1" minCrapScore="1" visitedClasses="1" numClasses="1" visitedMethods="1" numMethods="1" />
          <FullName>ce100_hw5_algo_lib_cs.SingleSourceShortestPath/Edge</FullName>
          <Methods>
            <Method visited="true" cyclomaticComplexity="1" nPathComplexity="0" sequenceCoverage="100" branchCoverage="100" crapScore="1" isConstructor="true" isStatic="false" isGetter="false" isSetter="false">
              <Summary numSequencePoints="4" visitedSequencePoints="4" numBranchPoints="1" visitedBranchPoints="1" sequenceCoverage="100" branchCoverage="100" maxCyclomaticComplexity="1" minCyclomaticComplexity="1" maxCrapScore="1" minCrapScore="1" visitedClasses="0" numClasses="0" visitedMethods="1" numMethods="1" />
              <MetadataToken>100663314</MetadataToken>
              <Name>System.Void ce100_hw5_algo_lib_cs.SingleSourceShortestPath/Edge::.ctor()</Name>
              <FileRef uid="9" />
              <SequencePoints>
                <SequencePoint vc="19" uspid="459" ordinal="0" offset="0" sl="305" sc="13" el="305" ec="26" bec="0" bev="0" fileid="9" />
                <SequencePoint vc="19" uspid="460" ordinal="1" offset="7" sl="306" sc="13" el="306" ec="14" bec="0" bev="0" fileid="9" />
                <SequencePoint vc="19" uspid="461" ordinal="2" offset="8" sl="307" sc="17" el="307" ec="41" bec="0" bev="0" fileid="9" />
                <SequencePoint vc="19" uspid="462" ordinal="3" offset="33" sl="308" sc="13" el="308" ec="14" bec="0" bev="0" fileid="9" />
              </SequencePoints>
              <BranchPoints />
              <MethodPoint xsi:type="SequencePoint" vc="19" uspid="459" ordinal="0" offset="0" sl="305" sc="13" el="305" ec="26" bec="0" bev="0" fileid="9" />
            </Method>
          </Methods>
        </Class>
        <Class>
          <Summary numSequencePoints="66" visitedSequencePoints="66" numBranchPoints="25" visitedBranchPoints="25" sequenceCoverage="100" branchCoverage="100" maxCyclomaticComplexity="7" minCyclomaticComplexity="1" maxCrapScore="7" minCrapScore="1" visitedClasses="1" numClasses="1" visitedMethods="3" numMethods="3" />
          <FullName>ce100_hw5_algo_lib_cs.MaxFlow</FullName>
          <Methods>
            <Method visited="true" cyclomaticComplexity="7" nPathComplexity="64" sequenceCoverage="100" branchCoverage="100" crapScore="7" isConstructor="false" isStatic="false" isGetter="false" isSetter="false">
              <Summary numSequencePoints="32" visitedSequencePoints="32" numBranchPoints="13" visitedBranchPoints="13" sequenceCoverage="100" branchCoverage="100" maxCyclomaticComplexity="7" minCyclomaticComplexity="7" maxCrapScore="7" minCrapScore="7" visitedClasses="0" numClasses="0" visitedMethods="1" numMethods="1" />
              <MetadataToken>100663307</MetadataToken>
              <Name>System.Boolean ce100_hw5_algo_lib_cs.MaxFlow::bfs(System.Int32[0...,0...],System.Int32,System.Int32,System.Int32[])</Name>
              <FileRef uid="9" />
              <SequencePoints>
                <SequencePoint vc="14" uspid="463" ordinal="0" offset="0" sl="412" sc="9" el="412" ec="10" bec="0" bev="0" fileid="9" />
                <SequencePoint vc="14" uspid="464" ordinal="1" offset="1" sl="415" sc="13" el="415" ec="42" bec="0" bev="0" fileid="9" />
                <SequencePoint vc="14" uspid="465" ordinal="2" offset="12" sl="416" sc="18" el="416" ec="27" bec="0" bev="0" fileid="9" />
                <SequencePoint vc="84" uspid="466" ordinal="3" offset="16" sl="417" sc="17" el="417" ec="36" bec="0" bev="0" fileid="9" />
                <SequencePoint vc="84" uspid="467" ordinal="4" offset="20" sl="416" sc="36" el="416" ec="39" bec="0" bev="0" fileid="9" />
                <SequencePoint vc="98" uspid="468" ordinal="5" offset="24" sl="416" sc="29" el="416" ec="34" bec="2" bev="2" fileid="9" />
                <SequencePoint vc="14" uspid="469" ordinal="6" offset="36" sl="421" sc="13" el="421" ec="47" bec="0" bev="0" fileid="9" />
                <SequencePoint vc="14" uspid="470" ordinal="7" offset="42" sl="422" sc="13" el="422" ec="26" bec="0" bev="0" fileid="9" />
                <SequencePoint vc="14" uspid="471" ordinal="8" offset="50" sl="423" sc="13" el="423" ec="31" bec="0" bev="0" fileid="9" />
                <SequencePoint vc="14" uspid="472" ordinal="9" offset="54" sl="424" sc="13" el="424" ec="28" bec="0" bev="0" fileid="9" />
                <SequencePoint vc="57" uspid="473" ordinal="10" offset="61" sl="428" sc="13" el="428" ec="14" bec="0" bev="0" fileid="9" />
                <SequencePoint vc="57" uspid="474" ordinal="11" offset="62" sl="429" sc="17" el="429" ec="34" bec="0" bev="0" fileid="9" />
                <SequencePoint vc="57" uspid="475" ordinal="12" offset="71" sl="430" sc="17" el="430" ec="35" bec="0" bev="0" fileid="9" />
                <SequencePoint vc="57" uspid="476" ordinal="13" offset="79" sl="432" sc="22" el="432" ec="31" bec="0" bev="0" fileid="9" />
                <SequencePoint vc="342" uspid="477" ordinal="14" offset="84" sl="433" sc="17" el="433" ec="18" bec="0" bev="0" fileid="9" />
                <SequencePoint vc="342" uspid="478" ordinal="15" offset="85" sl="434" sc="21" el="435" ec="45" bec="4" bev="4" fileid="9" />
                <SequencePoint vc="62" uspid="479" ordinal="16" offset="113" sl="436" sc="21" el="436" ec="22" bec="0" bev="0" fileid="9" />
                <SequencePoint vc="62" uspid="480" ordinal="17" offset="114" sl="441" sc="25" el="441" ec="36" bec="2" bev="2" fileid="9" />
                <SequencePoint vc="11" uspid="481" ordinal="18" offset="125" sl="442" sc="25" el="442" ec="26" bec="0" bev="0" fileid="9" />
                <SequencePoint vc="11" uspid="482" ordinal="19" offset="126" sl="443" sc="29" el="443" ec="43" bec="0" bev="0" fileid="9" />
                <SequencePoint vc="11" uspid="483" ordinal="20" offset="133" sl="444" sc="29" el="444" ec="41" bec="0" bev="0" fileid="9" />
                <SequencePoint vc="51" uspid="484" ordinal="21" offset="138" sl="446" sc="25" el="446" ec="38" bec="0" bev="0" fileid="9" />
                <SequencePoint vc="51" uspid="485" ordinal="22" offset="147" sl="447" sc="25" el="447" ec="39" bec="0" bev="0" fileid="9" />
                <SequencePoint vc="51" uspid="486" ordinal="23" offset="154" sl="448" sc="25" el="448" ec="43" bec="0" bev="0" fileid="9" />
                <SequencePoint vc="51" uspid="487" ordinal="24" offset="159" sl="449" sc="21" el="449" ec="22" bec="0" bev="0" fileid="9" />
                <SequencePoint vc="331" uspid="488" ordinal="25" offset="160" sl="450" sc="17" el="450" ec="18" bec="0" bev="0" fileid="9" />
                <SequencePoint vc="331" uspid="489" ordinal="26" offset="161" sl="432" sc="40" el="432" ec="43" bec="0" bev="0" fileid="9" />
                <SequencePoint vc="388" uspid="490" ordinal="27" offset="167" sl="432" sc="33" el="432" ec="38" bec="2" bev="2" fileid="9" />
                <SequencePoint vc="46" uspid="491" ordinal="28" offset="182" sl="451" sc="13" el="451" ec="14" bec="0" bev="0" fileid="9" />
                <SequencePoint vc="60" uspid="492" ordinal="29" offset="183" sl="427" sc="13" el="427" ec="37" bec="2" bev="2" fileid="9" />
                <SequencePoint vc="3" uspid="493" ordinal="30" offset="201" sl="455" sc="13" el="455" ec="26" bec="0" bev="0" fileid="9" />
                <SequencePoint vc="14" uspid="494" ordinal="31" offset="206" sl="456" sc="9" el="456" ec="10" bec="0" bev="0" fileid="9" />
              </SequencePoints>
              <BranchPoints>
                <BranchPoint vc="14" uspid="495" ordinal="0" offset="34" sl="416" path="0" offsetend="36" fileid="9" />
                <BranchPoint vc="84" uspid="496" ordinal="1" offset="34" sl="416" path="1" offsetend="16" fileid="9" />
                <BranchPoint vc="173" uspid="497" ordinal="2" offset="89" sl="434" path="0" offsetend="91" fileid="9" />
                <BranchPoint vc="169" uspid="498" ordinal="3" offset="89" sl="434" path="1" offsetend="106" fileid="9" />
                <BranchPoint vc="62" uspid="499" ordinal="4" offset="111" sl="434" path="0" offsetend="113" fileid="9" />
                <BranchPoint vc="280" uspid="500" ordinal="5" offset="111" sl="434" path="1" offsetend="160" fileid="9" />
                <BranchPoint vc="11" uspid="501" ordinal="6" offset="123" sl="441" path="0" offsetend="125" fileid="9" />
                <BranchPoint vc="51" uspid="502" ordinal="7" offset="123" sl="441" path="1" offsetend="138" fileid="9" />
                <BranchPoint vc="46" uspid="503" ordinal="8" offset="180" sl="432" path="0" offsetend="182" fileid="9" />
                <BranchPoint vc="342" uspid="504" ordinal="9" offset="180" sl="432" path="1" offsetend="84" fileid="9" />
                <BranchPoint vc="3" uspid="505" ordinal="10" offset="196" sl="427" path="0" offsetend="201" fileid="9" />
                <BranchPoint vc="57" uspid="506" ordinal="11" offset="196" sl="427" path="1" offsetend="61" fileid="9" />
              </BranchPoints>
              <MethodPoint xsi:type="SequencePoint" vc="14" uspid="463" ordinal="0" offset="0" sl="412" sc="9" el="412" ec="10" bec="0" bev="0" fileid="9" />
            </Method>
            <Method visited="true" cyclomaticComplexity="6" nPathComplexity="32" sequenceCoverage="100" branchCoverage="100" crapScore="6" isConstructor="false" isStatic="false" isGetter="false" isSetter="false">
              <Summary numSequencePoints="33" visitedSequencePoints="33" numBranchPoints="11" visitedBranchPoints="11" sequenceCoverage="100" branchCoverage="100" maxCyclomaticComplexity="6" minCyclomaticComplexity="6" maxCrapScore="6" minCrapScore="6" visitedClasses="0" numClasses="0" visitedMethods="1" numMethods="1" />
              <MetadataToken>100663308</MetadataToken>
              <Name>System.Int32 ce100_hw5_algo_lib_cs.MaxFlow::fordFulkerson(System.Int32[0...,0...],System.Int32,System.Int32)</Name>
              <FileRef uid="9" />
              <SequencePoints>
                <SequencePoint vc="3" uspid="507" ordinal="0" offset="0" sl="475" sc="9" el="475" ec="10" bec="0" bev="0" fileid="9" />
                <SequencePoint vc="3" uspid="508" ordinal="1" offset="1" sl="488" sc="13" el="488" ec="43" bec="0" bev="0" fileid="9" />
                <SequencePoint vc="3" uspid="509" ordinal="2" offset="17" sl="490" sc="18" el="490" ec="23" bec="0" bev="0" fileid="9" />
                <SequencePoint vc="18" uspid="510" ordinal="3" offset="21" sl="491" sc="22" el="491" ec="27" bec="0" bev="0" fileid="9" />
                <SequencePoint vc="108" uspid="511" ordinal="4" offset="25" sl="492" sc="21" el="492" ec="48" bec="0" bev="0" fileid="9" />
                <SequencePoint vc="108" uspid="512" ordinal="5" offset="41" sl="491" sc="36" el="491" ec="39" bec="0" bev="0" fileid="9" />
                <SequencePoint vc="126" uspid="513" ordinal="6" offset="45" sl="491" sc="29" el="491" ec="34" bec="2" bev="2" fileid="9" />
                <SequencePoint vc="18" uspid="514" ordinal="7" offset="59" sl="490" sc="32" el="490" ec="35" bec="0" bev="0" fileid="9" />
                <SequencePoint vc="21" uspid="515" ordinal="8" offset="63" sl="490" sc="25" el="490" ec="30" bec="2" bev="2" fileid="9" />
                <SequencePoint vc="3" uspid="516" ordinal="9" offset="77" sl="495" sc="13" el="495" ec="39" bec="0" bev="0" fileid="9" />
                <SequencePoint vc="3" uspid="517" ordinal="10" offset="88" sl="497" sc="13" el="497" ec="30" bec="0" bev="0" fileid="9" />
                <SequencePoint vc="11" uspid="518" ordinal="11" offset="93" sl="502" sc="13" el="502" ec="14" bec="0" bev="0" fileid="9" />
                <SequencePoint vc="11" uspid="519" ordinal="12" offset="94" sl="506" sc="17" el="506" ec="46" bec="0" bev="0" fileid="9" />
                <SequencePoint vc="11" uspid="520" ordinal="13" offset="101" sl="507" sc="22" el="507" ec="27" bec="0" bev="0" fileid="9" />
                <SequencePoint vc="37" uspid="521" ordinal="14" offset="105" sl="508" sc="17" el="508" ec="18" bec="0" bev="0" fileid="9" />
                <SequencePoint vc="37" uspid="522" ordinal="15" offset="106" sl="509" sc="21" el="509" ec="35" bec="0" bev="0" fileid="9" />
                <SequencePoint vc="37" uspid="523" ordinal="16" offset="110" sl="510" sc="21" el="511" ec="61" bec="0" bev="0" fileid="9" />
                <SequencePoint vc="37" uspid="524" ordinal="17" offset="127" sl="512" sc="17" el="512" ec="18" bec="0" bev="0" fileid="9" />
                <SequencePoint vc="37" uspid="525" ordinal="18" offset="128" sl="507" sc="37" el="507" ec="50" bec="0" bev="0" fileid="9" />
                <SequencePoint vc="48" uspid="526" ordinal="19" offset="132" sl="507" sc="29" el="507" ec="35" bec="2" bev="2" fileid="9" />
                <SequencePoint vc="11" uspid="527" ordinal="20" offset="145" sl="516" sc="22" el="516" ec="27" bec="0" bev="0" fileid="9" />
                <SequencePoint vc="37" uspid="528" ordinal="21" offset="149" sl="517" sc="17" el="517" ec="18" bec="0" bev="0" fileid="9" />
                <SequencePoint vc="37" uspid="529" ordinal="22" offset="150" sl="518" sc="21" el="518" ec="35" bec="0" bev="0" fileid="9" />
                <SequencePoint vc="37" uspid="530" ordinal="23" offset="154" sl="519" sc="21" el="519" ec="47" bec="0" bev="0" fileid="9" />
                <SequencePoint vc="37" uspid="531" ordinal="24" offset="168" sl="520" sc="21" el="520" ec="47" bec="0" bev="0" fileid="9" />
                <SequencePoint vc="37" uspid="532" ordinal="25" offset="182" sl="521" sc="17" el="521" ec="18" bec="0" bev="0" fileid="9" />
                <SequencePoint vc="37" uspid="533" ordinal="26" offset="183" sl="516" sc="37" el="516" ec="50" bec="0" bev="0" fileid="9" />
                <SequencePoint vc="48" uspid="534" ordinal="27" offset="187" sl="516" sc="29" el="516" ec="35" bec="2" bev="2" fileid="9" />
                <SequencePoint vc="11" uspid="535" ordinal="28" offset="200" sl="524" sc="17" el="524" ec="39" bec="0" bev="0" fileid="9" />
                <SequencePoint vc="11" uspid="536" ordinal="29" offset="207" sl="525" sc="13" el="525" ec="14" bec="0" bev="0" fileid="9" />
                <SequencePoint vc="14" uspid="537" ordinal="30" offset="208" sl="501" sc="13" el="501" ec="46" bec="2" bev="2" fileid="9" />
                <SequencePoint vc="3" uspid="538" ordinal="31" offset="227" sl="528" sc="13" el="528" ec="29" bec="0" bev="0" fileid="9" />
                <SequencePoint vc="3" uspid="539" ordinal="32" offset="233" sl="529" sc="9" el="529" ec="10" bec="0" bev="0" fileid="9" />
              </SequencePoints>
              <BranchPoints>
                <BranchPoint vc="18" uspid="540" ordinal="0" offset="57" sl="491" path="0" offsetend="59" fileid="9" />
                <BranchPoint vc="108" uspid="541" ordinal="1" offset="57" sl="491" path="1" offsetend="25" fileid="9" />
                <BranchPoint vc="3" uspid="542" ordinal="2" offset="75" sl="490" path="0" offsetend="77" fileid="9" />
                <BranchPoint vc="18" uspid="543" ordinal="3" offset="75" sl="490" path="1" offsetend="21" fileid="9" />
                <BranchPoint vc="11" uspid="544" ordinal="4" offset="143" sl="507" path="0" offsetend="145" fileid="9" />
                <BranchPoint vc="37" uspid="545" ordinal="5" offset="143" sl="507" path="1" offsetend="105" fileid="9" />
                <BranchPoint vc="11" uspid="546" ordinal="6" offset="198" sl="516" path="0" offsetend="200" fileid="9" />
                <BranchPoint vc="37" uspid="547" ordinal="7" offset="198" sl="516" path="1" offsetend="149" fileid="9" />
                <BranchPoint vc="3" uspid="548" ordinal="8" offset="222" sl="501" path="0" offsetend="227" fileid="9" />
                <BranchPoint vc="11" uspid="549" ordinal="9" offset="222" sl="501" path="1" offsetend="93" fileid="9" />
              </BranchPoints>
              <MethodPoint xsi:type="SequencePoint" vc="3" uspid="507" ordinal="0" offset="0" sl="475" sc="9" el="475" ec="10" bec="0" bev="0" fileid="9" />
            </Method>
            <Method visited="false" cyclomaticComplexity="1" nPathComplexity="0" sequenceCoverage="0" branchCoverage="0" crapScore="2" isConstructor="true" isStatic="false" isGetter="false" isSetter="false">
              <Summary numSequencePoints="0" visitedSequencePoints="0" numBranchPoints="0" visitedBranchPoints="0" sequenceCoverage="0" branchCoverage="0" maxCyclomaticComplexity="1" minCyclomaticComplexity="1" maxCrapScore="2" minCrapScore="2" visitedClasses="0" numClasses="0" visitedMethods="0" numMethods="0" />
              <MetadataToken>100663309</MetadataToken>
              <Name>System.Void ce100_hw5_algo_lib_cs.MaxFlow::.ctor()</Name>
              <SequencePoints />
              <BranchPoints />
              <MethodPoint vc="0" uspid="550" ordinal="0" offset="0" />
            </Method>
            <Method visited="true" cyclomaticComplexity="1" nPathComplexity="0" sequenceCoverage="100" branchCoverage="100" crapScore="1" isConstructor="true" isStatic="true" isGetter="false" isSetter="false">
              <Summary numSequencePoints="1" visitedSequencePoints="1" numBranchPoints="1" visitedBranchPoints="1" sequenceCoverage="100" branchCoverage="100" maxCyclomaticComplexity="1" minCyclomaticComplexity="1" maxCrapScore="1" minCrapScore="1" visitedClasses="0" numClasses="0" visitedMethods="1" numMethods="1" />
              <MetadataToken>100663310</MetadataToken>
              <Name>System.Void ce100_hw5_algo_lib_cs.MaxFlow::.cctor()</Name>
              <FileRef uid="9" />
              <SequencePoints>
                <SequencePoint vc="1" uspid="551" ordinal="0" offset="0" sl="388" sc="9" el="388" ec="35" bec="0" bev="0" fileid="9" />
              </SequencePoints>
              <BranchPoints />
              <MethodPoint xsi:type="SequencePoint" vc="1" uspid="551" ordinal="0" offset="0" sl="388" sc="9" el="388" ec="35" bec="0" bev="0" fileid="9" />
            </Method>
          </Methods>
        </Class>
      </Classes>
    </Module>
  </Modules>
</CoverageSession>