<?xml version="1.0" encoding="utf-8"?>
<!DOCTYPE coverage SYSTEM "http://cobertura.sourceforge.net/xml/coverage-04.dtd">
<coverage line-rate="0.9934354485776805" branch-rate="0.9594594594594594" lines-covered="454" lines-valid="457" branches-covered="71" branches-valid="74" complexity="65" version="0" timestamp="1653688394">
  <sources />
  <packages>
    <package name="ce100-hw5-algo-lib-cs" line-rate="0.9850746268656716" branch-rate="0.9594594594594594" complexity="53">
      <classes>
        <class name="ce100_hw5_algo_lib_cs.GraphCycleDetection" filename="C:\Users\Ömer Faruk Varlı\source\repos\ce100-hw5-algo-lib-cs\ce100-hw5-algo-lib-cs\Class1.cs" line-rate="1" branch-rate="1" complexity="3">
          <methods>
            <method name=".ctor" signature="(System.Int32)" line-rate="1" branch-rate="1" complexity="NaN">
              <lines>
                <line number="28" hits="3" branch="false" />
                <line number="29" hits="3" branch="false" />
                <line number="30" hits="3" branch="false" />
                <line number="31" hits="3" branch="false" />
                <line number="33" hits="44" branch="true" condition-coverage="100% (2/2)" />
                <line number="34" hits="19" branch="false" />
                <line number="35" hits="3" branch="false" />
              </lines>
            </method>
            <method name="isCyclicUtil" signature="(System.Int32,System.Boolean[],System.Boolean[])" line-rate="1" branch-rate="1" complexity="NaN">
              <lines>
                <line number="52" hits="24" branch="false" />
                <line number="56" hits="24" branch="true" condition-coverage="100% (2/2)" />
                <line number="57" hits="2" branch="false" />
                <line number="59" hits="22" branch="true" condition-coverage="100% (2/2)" />
                <line number="60" hits="7" branch="false" />
                <line number="62" hits="15" branch="false" />
                <line number="64" hits="15" branch="false" />
                <line number="65" hits="15" branch="false" />
                <line number="67" hits="65" branch="false" />
                <line number="68" hits="13" branch="true" condition-coverage="100% (2/2)" />
                <line number="69" hits="6" branch="false" />
                <line number="71" hits="9" branch="false" />
                <line number="73" hits="9" branch="false" />
                <line number="74" hits="24" branch="false" />
              </lines>
            </method>
            <method name="addEdge" signature="(System.Int32,System.Int32)" line-rate="1" branch-rate="1" complexity="NaN">
              <lines>
                <line number="88" hits="17" branch="false" />
                <line number="89" hits="17" branch="false" />
                <line number="90" hits="17" branch="false" />
              </lines>
            </method>
            <method name="isCyclic" signature="()" line-rate="1" branch-rate="1" complexity="3">
              <lines>
                <line number="100" hits="3" branch="false" />
                <line number="104" hits="3" branch="false" />
                <line number="105" hits="3" branch="false" />
                <line number="110" hits="24" branch="true" condition-coverage="100% (2/2)" />
                <line number="111" hits="11" branch="true" condition-coverage="100% (2/2)" />
                <line number="112" hits="2" branch="false" />
                <line number="114" hits="1" branch="false" />
                <line number="115" hits="3" branch="false" />
              </lines>
            </method>
          </methods>
          <lines>
            <line number="28" hits="3" branch="false" />
            <line number="29" hits="3" branch="false" />
            <line number="30" hits="3" branch="false" />
            <line number="31" hits="3" branch="false" />
            <line number="33" hits="44" branch="true" condition-coverage="100% (2/2)" />
            <line number="34" hits="19" branch="false" />
            <line number="35" hits="3" branch="false" />
            <line number="52" hits="24" branch="false" />
            <line number="56" hits="24" branch="true" condition-coverage="100% (2/2)" />
            <line number="57" hits="2" branch="false" />
            <line number="59" hits="22" branch="true" condition-coverage="100% (2/2)" />
            <line number="60" hits="7" branch="false" />
            <line number="62" hits="15" branch="false" />
            <line number="64" hits="15" branch="false" />
            <line number="65" hits="15" branch="false" />
            <line number="67" hits="65" branch="false" />
            <line number="68" hits="13" branch="true" condition-coverage="100% (2/2)" />
            <line number="69" hits="6" branch="false" />
            <line number="71" hits="9" branch="false" />
            <line number="73" hits="9" branch="false" />
            <line number="74" hits="24" branch="false" />
            <line number="88" hits="17" branch="false" />
            <line number="89" hits="17" branch="false" />
            <line number="90" hits="17" branch="false" />
            <line number="100" hits="3" branch="false" />
            <line number="104" hits="3" branch="false" />
            <line number="105" hits="3" branch="false" />
            <line number="110" hits="24" branch="true" condition-coverage="100% (2/2)" />
            <line number="111" hits="11" branch="true" condition-coverage="100% (2/2)" />
            <line number="112" hits="2" branch="false" />
            <line number="114" hits="1" branch="false" />
            <line number="115" hits="3" branch="false" />
          </lines>
        </class>
        <class name="ce100_hw5_algo_lib_cs.MaxFlow" filename="C:\Users\Ömer Faruk Varlı\source\repos\ce100-hw5-algo-lib-cs\ce100-hw5-algo-lib-cs\Class1.cs" line-rate="1" branch-rate="1" complexity="1">
          <methods>
            <method name="bfs" signature="(System.Int32[0...,0...],System.Int32,System.Int32,System.Int32[])" line-rate="1" branch-rate="1" complexity="NaN">
              <lines>
                <line number="412" hits="14" branch="false" />
                <line number="415" hits="14" branch="false" />
                <line number="416" hits="196" branch="true" condition-coverage="100% (2/2)" />
                <line number="417" hits="84" branch="false" />
                <line number="421" hits="14" branch="false" />
                <line number="422" hits="14" branch="false" />
                <line number="423" hits="14" branch="false" />
                <line number="424" hits="14" branch="false" />
                <line number="427" hits="60" branch="true" condition-coverage="100% (2/2)" />
                <line number="428" hits="57" branch="false" />
                <line number="429" hits="57" branch="false" />
                <line number="430" hits="57" branch="false" />
                <line number="432" hits="776" branch="true" condition-coverage="100% (2/2)" />
                <line number="433" hits="342" branch="false" />
                <line number="434" hits="342" branch="true" condition-coverage="100% (4/4)" />
                <line number="435" hits="342" branch="false" />
                <line number="436" hits="62" branch="false" />
                <line number="441" hits="62" branch="true" condition-coverage="100% (2/2)" />
                <line number="442" hits="11" branch="false" />
                <line number="443" hits="11" branch="false" />
                <line number="444" hits="11" branch="false" />
                <line number="446" hits="51" branch="false" />
                <line number="447" hits="51" branch="false" />
                <line number="448" hits="51" branch="false" />
                <line number="449" hits="51" branch="false" />
                <line number="450" hits="331" branch="false" />
                <line number="451" hits="46" branch="false" />
                <line number="455" hits="3" branch="false" />
                <line number="456" hits="14" branch="false" />
              </lines>
            </method>
            <method name="fordFulkerson" signature="(System.Int32[0...,0...],System.Int32,System.Int32)" line-rate="1" branch-rate="1" complexity="NaN">
              <lines>
                <line number="475" hits="3" branch="false" />
                <line number="488" hits="3" branch="false" />
                <line number="490" hits="42" branch="true" condition-coverage="100% (2/2)" />
                <line number="491" hits="252" branch="true" condition-coverage="100% (2/2)" />
                <line number="492" hits="108" branch="false" />
                <line number="495" hits="3" branch="false" />
                <line number="497" hits="3" branch="false" />
                <line number="501" hits="14" branch="true" condition-coverage="100% (2/2)" />
                <line number="502" hits="11" branch="false" />
                <line number="506" hits="11" branch="false" />
                <line number="507" hits="96" branch="true" condition-coverage="100% (2/2)" />
                <line number="508" hits="37" branch="false" />
                <line number="509" hits="37" branch="false" />
                <line number="510" hits="37" branch="false" />
                <line number="511" hits="37" branch="false" />
                <line number="512" hits="37" branch="false" />
                <line number="516" hits="96" branch="true" condition-coverage="100% (2/2)" />
                <line number="517" hits="37" branch="false" />
                <line number="518" hits="37" branch="false" />
                <line number="519" hits="37" branch="false" />
                <line number="520" hits="37" branch="false" />
                <line number="521" hits="37" branch="false" />
                <line number="524" hits="11" branch="false" />
                <line number="525" hits="11" branch="false" />
                <line number="528" hits="3" branch="false" />
                <line number="529" hits="3" branch="false" />
              </lines>
            </method>
            <method name=".cctor" signature="()" line-rate="1" branch-rate="1" complexity="1">
              <lines>
                <line number="388" hits="1" branch="false" />
              </lines>
            </method>
          </methods>
          <lines>
            <line number="388" hits="1" branch="false" />
            <line number="412" hits="14" branch="false" />
            <line number="415" hits="14" branch="false" />
            <line number="416" hits="196" branch="true" condition-coverage="100% (2/2)" />
            <line number="417" hits="84" branch="false" />
            <line number="421" hits="14" branch="false" />
            <line number="422" hits="14" branch="false" />
            <line number="423" hits="14" branch="false" />
            <line number="424" hits="14" branch="false" />
            <line number="427" hits="60" branch="true" condition-coverage="100% (2/2)" />
            <line number="428" hits="57" branch="false" />
            <line number="429" hits="57" branch="false" />
            <line number="430" hits="57" branch="false" />
            <line number="432" hits="776" branch="true" condition-coverage="100% (2/2)" />
            <line number="433" hits="342" branch="false" />
            <line number="434" hits="342" branch="true" condition-coverage="100% (4/4)" />
            <line number="435" hits="342" branch="false" />
            <line number="436" hits="62" branch="false" />
            <line number="441" hits="62" branch="true" condition-coverage="100% (2/2)" />
            <line number="442" hits="11" branch="false" />
            <line number="443" hits="11" branch="false" />
            <line number="444" hits="11" branch="false" />
            <line number="446" hits="51" branch="false" />
            <line number="447" hits="51" branch="false" />
            <line number="448" hits="51" branch="false" />
            <line number="449" hits="51" branch="false" />
            <line number="450" hits="331" branch="false" />
            <line number="451" hits="46" branch="false" />
            <line number="455" hits="3" branch="false" />
            <line number="456" hits="14" branch="false" />
            <line number="475" hits="3" branch="false" />
            <line number="488" hits="3" branch="false" />
            <line number="490" hits="42" branch="true" condition-coverage="100% (2/2)" />
            <line number="491" hits="252" branch="true" condition-coverage="100% (2/2)" />
            <line number="492" hits="108" branch="false" />
            <line number="495" hits="3" branch="false" />
            <line number="497" hits="3" branch="false" />
            <line number="501" hits="14" branch="true" condition-coverage="100% (2/2)" />
            <line number="502" hits="11" branch="false" />
            <line number="506" hits="11" branch="false" />
            <line number="507" hits="96" branch="true" condition-coverage="100% (2/2)" />
            <line number="508" hits="37" branch="false" />
            <line number="509" hits="37" branch="false" />
            <line number="510" hits="37" branch="false" />
            <line number="511" hits="37" branch="false" />
            <line number="512" hits="37" branch="false" />
            <line number="516" hits="96" branch="true" condition-coverage="100% (2/2)" />
            <line number="517" hits="37" branch="false" />
            <line number="518" hits="37" branch="false" />
            <line number="519" hits="37" branch="false" />
            <line number="520" hits="37" branch="false" />
            <line number="521" hits="37" branch="false" />
            <line number="524" hits="11" branch="false" />
            <line number="525" hits="11" branch="false" />
            <line number="528" hits="3" branch="false" />
            <line number="529" hits="3" branch="false" />
          </lines>
        </class>
        <class name="ce100_hw5_algo_lib_cs.MinimumSpanningTree" filename="C:\Users\Ömer Faruk Varlı\source\repos\ce100-hw5-algo-lib-cs\ce100-hw5-algo-lib-cs\Class1.cs" line-rate="1" branch-rate="1" complexity="7">
          <methods>
            <method name=".ctor" signature="(System.Int32,System.Int32)" line-rate="1" branch-rate="1" complexity="NaN">
              <lines>
                <line number="157" hits="3" branch="false" />
                <line number="158" hits="3" branch="false" />
                <line number="159" hits="3" branch="false" />
                <line number="160" hits="3" branch="false" />
                <line number="161" hits="3" branch="false" />
                <line number="162" hits="58" branch="true" condition-coverage="100% (2/2)" />
                <line number="163" hits="26" branch="false" />
                <line number="164" hits="3" branch="false" />
              </lines>
            </method>
            <method name="find" signature="(ce100_hw5_algo_lib_cs.MinimumSpanningTree/subset[],System.Int32)" line-rate="1" branch-rate="1" complexity="NaN">
              <lines>
                <line number="180" hits="84" branch="false" />
                <line number="183" hits="84" branch="true" condition-coverage="100% (2/2)" />
                <line number="184" hits="16" branch="false" />
                <line number="185" hits="16" branch="false" />
                <line number="187" hits="84" branch="false" />
                <line number="188" hits="84" branch="false" />
              </lines>
            </method>
            <method name="Union" signature="(ce100_hw5_algo_lib_cs.MinimumSpanningTree/subset[],System.Int32,System.Int32)" line-rate="1" branch-rate="1" complexity="NaN">
              <lines>
                <line number="206" hits="15" branch="false" />
                <line number="207" hits="15" branch="false" />
                <line number="208" hits="15" branch="false" />
                <line number="212" hits="15" branch="true" condition-coverage="100% (2/2)" />
                <line number="213" hits="2" branch="false" />
                <line number="214" hits="13" branch="true" condition-coverage="100% (2/2)" />
                <line number="215" hits="5" branch="false" />
                <line number="220" hits="8" branch="false" />
                <line number="221" hits="8" branch="false" />
                <line number="222" hits="8" branch="false" />
                <line number="223" hits="8" branch="false" />
                <line number="224" hits="15" branch="false" />
              </lines>
            </method>
            <method name="KruskalMST" signature="()" line-rate="1" branch-rate="1" complexity="7">
              <lines>
                <line number="236" hits="3" branch="false" />
                <line number="239" hits="3" branch="false" />
                <line number="240" hits="3" branch="false" />
                <line number="241" hits="3" branch="false" />
                <line number="242" hits="3" branch="false" />
                <line number="243" hits="3" branch="false" />
                <line number="244" hits="42" branch="true" condition-coverage="100% (2/2)" />
                <line number="245" hits="18" branch="false" />
                <line number="251" hits="3" branch="false" />
                <line number="254" hits="3" branch="false" />
                <line number="255" hits="42" branch="true" condition-coverage="100% (2/2)" />
                <line number="256" hits="18" branch="false" />
                <line number="259" hits="42" branch="true" condition-coverage="100% (2/2)" />
                <line number="260" hits="18" branch="false" />
                <line number="261" hits="18" branch="false" />
                <line number="262" hits="18" branch="false" />
                <line number="263" hits="18" branch="false" />
                <line number="265" hits="3" branch="false" />
                <line number="268" hits="22" branch="true" condition-coverage="100% (2/2)" />
                <line number="269" hits="19" branch="false" />
                <line number="272" hits="19" branch="false" />
                <line number="273" hits="19" branch="false" />
                <line number="275" hits="19" branch="false" />
                <line number="276" hits="19" branch="false" />
                <line number="281" hits="19" branch="true" condition-coverage="100% (2/2)" />
                <line number="282" hits="15" branch="false" />
                <line number="283" hits="15" branch="false" />
                <line number="284" hits="15" branch="false" />
                <line number="285" hits="15" branch="false" />
                <line number="287" hits="19" branch="false" />
                <line number="289" hits="3" branch="false" />
                <line number="290" hits="36" branch="true" condition-coverage="100% (2/2)" />
                <line number="291" hits="15" branch="false" />
                <line number="292" hits="15" branch="false" />
                <line number="293" hits="15" branch="false" />
                <line number="294" hits="15" branch="false" />
                <line number="296" hits="3" branch="false" />
                <line number="297" hits="3" branch="false" />
              </lines>
            </method>
            <method name="CompareTo" signature="(ce100_hw5_algo_lib_cs.MinimumSpanningTree/Edge)" line-rate="1" branch-rate="1" complexity="NaN">
              <lines>
                <line number="129" hits="80" branch="false" />
                <line number="130" hits="80" branch="false" />
                <line number="131" hits="80" branch="false" />
                <line number="132" hits="80" branch="false" />
              </lines>
            </method>
          </methods>
          <lines>
            <line number="129" hits="80" branch="false" />
            <line number="130" hits="80" branch="false" />
            <line number="131" hits="80" branch="false" />
            <line number="132" hits="80" branch="false" />
            <line number="157" hits="3" branch="false" />
            <line number="158" hits="3" branch="false" />
            <line number="159" hits="3" branch="false" />
            <line number="160" hits="3" branch="false" />
            <line number="161" hits="3" branch="false" />
            <line number="162" hits="58" branch="true" condition-coverage="100% (2/2)" />
            <line number="163" hits="26" branch="false" />
            <line number="164" hits="3" branch="false" />
            <line number="180" hits="84" branch="false" />
            <line number="183" hits="84" branch="true" condition-coverage="100% (2/2)" />
            <line number="184" hits="16" branch="false" />
            <line number="185" hits="16" branch="false" />
            <line number="187" hits="84" branch="false" />
            <line number="188" hits="84" branch="false" />
            <line number="206" hits="15" branch="false" />
            <line number="207" hits="15" branch="false" />
            <line number="208" hits="15" branch="false" />
            <line number="212" hits="15" branch="true" condition-coverage="100% (2/2)" />
            <line number="213" hits="2" branch="false" />
            <line number="214" hits="13" branch="true" condition-coverage="100% (2/2)" />
            <line number="215" hits="5" branch="false" />
            <line number="220" hits="8" branch="false" />
            <line number="221" hits="8" branch="false" />
            <line number="222" hits="8" branch="false" />
            <line number="223" hits="8" branch="false" />
            <line number="224" hits="15" branch="false" />
            <line number="236" hits="3" branch="false" />
            <line number="239" hits="3" branch="false" />
            <line number="240" hits="3" branch="false" />
            <line number="241" hits="3" branch="false" />
            <line number="242" hits="3" branch="false" />
            <line number="243" hits="3" branch="false" />
            <line number="244" hits="42" branch="true" condition-coverage="100% (2/2)" />
            <line number="245" hits="18" branch="false" />
            <line number="251" hits="3" branch="false" />
            <line number="254" hits="3" branch="false" />
            <line number="255" hits="42" branch="true" condition-coverage="100% (2/2)" />
            <line number="256" hits="18" branch="false" />
            <line number="259" hits="42" branch="true" condition-coverage="100% (2/2)" />
            <line number="260" hits="18" branch="false" />
            <line number="261" hits="18" branch="false" />
            <line number="262" hits="18" branch="false" />
            <line number="263" hits="18" branch="false" />
            <line number="265" hits="3" branch="false" />
            <line number="268" hits="22" branch="true" condition-coverage="100% (2/2)" />
            <line number="269" hits="19" branch="false" />
            <line number="272" hits="19" branch="false" />
            <line number="273" hits="19" branch="false" />
            <line number="275" hits="19" branch="false" />
            <line number="276" hits="19" branch="false" />
            <line number="281" hits="19" branch="true" condition-coverage="100% (2/2)" />
            <line number="282" hits="15" branch="false" />
            <line number="283" hits="15" branch="false" />
            <line number="284" hits="15" branch="false" />
            <line number="285" hits="15" branch="false" />
            <line number="287" hits="19" branch="false" />
            <line number="289" hits="3" branch="false" />
            <line number="290" hits="36" branch="true" condition-coverage="100% (2/2)" />
            <line number="291" hits="15" branch="false" />
            <line number="292" hits="15" branch="false" />
            <line number="293" hits="15" branch="false" />
            <line number="294" hits="15" branch="false" />
            <line number="296" hits="3" branch="false" />
            <line number="297" hits="3" branch="false" />
          </lines>
        </class>
        <class name="ce100_hw5_algo_lib_cs.SingleSourceShortestPath" filename="C:\Users\Ömer Faruk Varlı\source\repos\ce100-hw5-algo-lib-cs\ce100-hw5-algo-lib-cs\Class1.cs" line-rate="0.9333333333333333" branch-rate="0.85" complexity="1">
          <methods>
            <method name=".ctor" signature="(System.Int32,System.Int32)" line-rate="1" branch-rate="1" complexity="NaN">
              <lines>
                <line number="325" hits="3" branch="false" />
                <line number="326" hits="3" branch="false" />
                <line number="327" hits="3" branch="false" />
                <line number="328" hits="3" branch="false" />
                <line number="329" hits="3" branch="false" />
                <line number="330" hits="44" branch="true" condition-coverage="100% (2/2)" />
                <line number="331" hits="19" branch="false" />
                <line number="332" hits="3" branch="false" />
              </lines>
            </method>
            <method name="BellmanFord" signature="(ce100_hw5_algo_lib_cs.SingleSourceShortestPath,System.Int32)" line-rate="0.9090909090909091" branch-rate="0.8333333333333334" complexity="NaN">
              <lines>
                <line number="346" hits="3" branch="false" />
                <line number="347" hits="3" branch="false" />
                <line number="348" hits="6" branch="false" />
                <line number="349" hits="3" branch="false" />
                <line number="352" hits="34" branch="true" condition-coverage="100% (2/2)" />
                <line number="353" hits="14" branch="false" />
                <line number="354" hits="3" branch="false" />
                <line number="356" hits="28" branch="true" condition-coverage="100% (2/2)" />
                <line number="357" hits="11" branch="false" />
                <line number="358" hits="164" branch="true" condition-coverage="100% (2/2)" />
                <line number="359" hits="71" branch="false" />
                <line number="360" hits="71" branch="false" />
                <line number="361" hits="71" branch="false" />
                <line number="362" hits="71" branch="false" />
                <line number="363" hits="71" branch="true" condition-coverage="75% (3/4)" />
                <line number="364" hits="14" branch="false" />
                <line number="365" hits="71" branch="false" />
                <line number="366" hits="11" branch="false" />
                <line number="368" hits="44" branch="true" condition-coverage="100% (2/2)" />
                <line number="369" hits="19" branch="false" />
                <line number="370" hits="19" branch="false" />
                <line number="371" hits="19" branch="false" />
                <line number="372" hits="19" branch="false" />
                <line number="373" hits="19" branch="true" condition-coverage="50% (2/4)" />
                <line number="374" hits="0" branch="false" />
                <line number="375" hits="0" branch="false" />
                <line number="376" hits="0" branch="false" />
                <line number="378" hits="19" branch="false" />
                <line number="379" hits="3" branch="false" />
                <line number="380" hits="34" branch="true" condition-coverage="100% (2/2)" />
                <line number="381" hits="14" branch="false" />
                <line number="382" hits="3" branch="false" />
                <line number="383" hits="3" branch="false" />
              </lines>
            </method>
            <method name=".ctor" signature="()" line-rate="1" branch-rate="1" complexity="1">
              <lines>
                <line number="305" hits="19" branch="false" />
                <line number="306" hits="19" branch="false" />
                <line number="307" hits="19" branch="false" />
                <line number="308" hits="19" branch="false" />
              </lines>
            </method>
          </methods>
          <lines>
            <line number="305" hits="19" branch="false" />
            <line number="306" hits="19" branch="false" />
            <line number="307" hits="19" branch="false" />
            <line number="308" hits="19" branch="false" />
            <line number="325" hits="3" branch="false" />
            <line number="326" hits="3" branch="false" />
            <line number="327" hits="3" branch="false" />
            <line number="328" hits="3" branch="false" />
            <line number="329" hits="3" branch="false" />
            <line number="330" hits="44" branch="true" condition-coverage="100% (2/2)" />
            <line number="331" hits="19" branch="false" />
            <line number="332" hits="3" branch="false" />
            <line number="346" hits="3" branch="false" />
            <line number="347" hits="3" branch="false" />
            <line number="348" hits="6" branch="false" />
            <line number="349" hits="3" branch="false" />
            <line number="352" hits="34" branch="true" condition-coverage="100% (2/2)" />
            <line number="353" hits="14" branch="false" />
            <line number="354" hits="3" branch="false" />
            <line number="356" hits="28" branch="true" condition-coverage="100% (2/2)" />
            <line number="357" hits="11" branch="false" />
            <line number="358" hits="164" branch="true" condition-coverage="100% (2/2)" />
            <line number="359" hits="71" branch="false" />
            <line number="360" hits="71" branch="false" />
            <line number="361" hits="71" branch="false" />
            <line number="362" hits="71" branch="false" />
            <line number="363" hits="71" branch="true" condition-coverage="75% (3/4)" />
            <line number="364" hits="14" branch="false" />
            <line number="365" hits="71" branch="false" />
            <line number="366" hits="11" branch="false" />
            <line number="368" hits="44" branch="true" condition-coverage="100% (2/2)" />
            <line number="369" hits="19" branch="false" />
            <line number="370" hits="19" branch="false" />
            <line number="371" hits="19" branch="false" />
            <line number="372" hits="19" branch="false" />
            <line number="373" hits="19" branch="true" condition-coverage="50% (2/4)" />
            <line number="374" hits="0" branch="false" />
            <line number="375" hits="0" branch="false" />
            <line number="376" hits="0" branch="false" />
            <line number="378" hits="19" branch="false" />
            <line number="379" hits="3" branch="false" />
            <line number="380" hits="34" branch="true" condition-coverage="100% (2/2)" />
            <line number="381" hits="14" branch="false" />
            <line number="382" hits="3" branch="false" />
            <line number="383" hits="3" branch="false" />
          </lines>
        </class>
      </classes>
    </package>
    <package name="ce100-hw5-algo-test-cs" line-rate="1" branch-rate="1" complexity="12">
      <classes>
        <class name="ce100_hw5_algo_test_cs.Graph_Cycle_Detection_Tests" filename="C:\Users\Ömer Faruk Varlı\source\repos\ce100-hw5-algo-lib-cs\ce100-hw5-algo-test-cs\UnitTest1.cs" line-rate="1" branch-rate="1" complexity="3">
          <methods>
            <method name="Graph_Cycle_Detection_Test_1" signature="()" line-rate="1" branch-rate="1" complexity="1">
              <lines>
                <line number="12" hits="1" branch="false" />
                <line number="13" hits="1" branch="false" />
                <line number="14" hits="1" branch="false" />
                <line number="15" hits="1" branch="false" />
                <line number="16" hits="1" branch="false" />
                <line number="17" hits="1" branch="false" />
                <line number="18" hits="1" branch="false" />
                <line number="19" hits="1" branch="false" />
                <line number="20" hits="1" branch="false" />
                <line number="22" hits="1" branch="false" />
                <line number="23" hits="1" branch="false" />
                <line number="25" hits="1" branch="false" />
              </lines>
            </method>
            <method name="Graph_Cycle_Detection_Test_2" signature="()" line-rate="1" branch-rate="1" complexity="1">
              <lines>
                <line number="29" hits="1" branch="false" />
                <line number="30" hits="1" branch="false" />
                <line number="31" hits="1" branch="false" />
                <line number="32" hits="1" branch="false" />
                <line number="33" hits="1" branch="false" />
                <line number="34" hits="1" branch="false" />
                <line number="35" hits="1" branch="false" />
                <line number="37" hits="1" branch="false" />
                <line number="38" hits="1" branch="false" />
                <line number="40" hits="1" branch="false" />
              </lines>
            </method>
            <method name="Graph_Cycle_Detection_Test_3" signature="()" line-rate="1" branch-rate="1" complexity="1">
              <lines>
                <line number="44" hits="1" branch="false" />
                <line number="45" hits="1" branch="false" />
                <line number="46" hits="1" branch="false" />
                <line number="47" hits="1" branch="false" />
                <line number="48" hits="1" branch="false" />
                <line number="49" hits="1" branch="false" />
                <line number="50" hits="1" branch="false" />
                <line number="52" hits="1" branch="false" />
                <line number="53" hits="1" branch="false" />
                <line number="55" hits="1" branch="false" />
              </lines>
            </method>
          </methods>
          <lines>
            <line number="12" hits="1" branch="false" />
            <line number="13" hits="1" branch="false" />
            <line number="14" hits="1" branch="false" />
            <line number="15" hits="1" branch="false" />
            <line number="16" hits="1" branch="false" />
            <line number="17" hits="1" branch="false" />
            <line number="18" hits="1" branch="false" />
            <line number="19" hits="1" branch="false" />
            <line number="20" hits="1" branch="false" />
            <line number="22" hits="1" branch="false" />
            <line number="23" hits="1" branch="false" />
            <line number="25" hits="1" branch="false" />
            <line number="29" hits="1" branch="false" />
            <line number="30" hits="1" branch="false" />
            <line number="31" hits="1" branch="false" />
            <line number="32" hits="1" branch="false" />
            <line number="33" hits="1" branch="false" />
            <line number="34" hits="1" branch="false" />
            <line number="35" hits="1" branch="false" />
            <line number="37" hits="1" branch="false" />
            <line number="38" hits="1" branch="false" />
            <line number="40" hits="1" branch="false" />
            <line number="44" hits="1" branch="false" />
            <line number="45" hits="1" branch="false" />
            <line number="46" hits="1" branch="false" />
            <line number="47" hits="1" branch="false" />
            <line number="48" hits="1" branch="false" />
            <line number="49" hits="1" branch="false" />
            <line number="50" hits="1" branch="false" />
            <line number="52" hits="1" branch="false" />
            <line number="53" hits="1" branch="false" />
            <line number="55" hits="1" branch="false" />
          </lines>
        </class>
        <class name="ce100_hw5_algo_test_cs.Max_Flow_Tests" filename="C:\Users\Ömer Faruk Varlı\source\repos\ce100-hw5-algo-lib-cs\ce100-hw5-algo-test-cs\UnitTest1.cs" line-rate="1" branch-rate="1" complexity="3">
          <methods>
            <method name="Max_Flow_Test_1" signature="()" line-rate="1" branch-rate="1" complexity="1">
              <lines>
                <line number="389" hits="1" branch="false" />
                <line number="390" hits="1" branch="false" />
                <line number="391" hits="1" branch="false" />
                <line number="392" hits="1" branch="false" />
                <line number="393" hits="1" branch="false" />
                <line number="394" hits="1" branch="false" />
                <line number="396" hits="1" branch="false" />
                <line number="398" hits="1" branch="false" />
                <line number="399" hits="1" branch="false" />
                <line number="400" hits="1" branch="false" />
              </lines>
            </method>
            <method name="Max_Flow_Test_2" signature="()" line-rate="1" branch-rate="1" complexity="1">
              <lines>
                <line number="404" hits="1" branch="false" />
                <line number="405" hits="1" branch="false" />
                <line number="406" hits="1" branch="false" />
                <line number="407" hits="1" branch="false" />
                <line number="408" hits="1" branch="false" />
                <line number="409" hits="1" branch="false" />
                <line number="410" hits="1" branch="false" />
                <line number="411" hits="1" branch="false" />
                <line number="412" hits="1" branch="false" />
                <line number="413" hits="1" branch="false" />
              </lines>
            </method>
            <method name="Max_Flow_Test_3" signature="()" line-rate="1" branch-rate="1" complexity="1">
              <lines>
                <line number="417" hits="1" branch="false" />
                <line number="418" hits="1" branch="false" />
                <line number="419" hits="1" branch="false" />
                <line number="420" hits="1" branch="false" />
                <line number="421" hits="1" branch="false" />
                <line number="422" hits="1" branch="false" />
                <line number="423" hits="1" branch="false" />
                <line number="424" hits="1" branch="false" />
                <line number="425" hits="1" branch="false" />
                <line number="427" hits="1" branch="false" />
              </lines>
            </method>
          </methods>
          <lines>
            <line number="389" hits="1" branch="false" />
            <line number="390" hits="1" branch="false" />
            <line number="391" hits="1" branch="false" />
            <line number="392" hits="1" branch="false" />
            <line number="393" hits="1" branch="false" />
            <line number="394" hits="1" branch="false" />
            <line number="396" hits="1" branch="false" />
            <line number="398" hits="1" branch="false" />
            <line number="399" hits="1" branch="false" />
            <line number="400" hits="1" branch="false" />
            <line number="404" hits="1" branch="false" />
            <line number="405" hits="1" branch="false" />
            <line number="406" hits="1" branch="false" />
            <line number="407" hits="1" branch="false" />
            <line number="408" hits="1" branch="false" />
            <line number="409" hits="1" branch="false" />
            <line number="410" hits="1" branch="false" />
            <line number="411" hits="1" branch="false" />
            <line number="412" hits="1" branch="false" />
            <line number="413" hits="1" branch="false" />
            <line number="417" hits="1" branch="false" />
            <line number="418" hits="1" branch="false" />
            <line number="419" hits="1" branch="false" />
            <line number="420" hits="1" branch="false" />
            <line number="421" hits="1" branch="false" />
            <line number="422" hits="1" branch="false" />
            <line number="423" hits="1" branch="false" />
            <line number="424" hits="1" branch="false" />
            <line number="425" hits="1" branch="false" />
            <line number="427" hits="1" branch="false" />
          </lines>
        </class>
        <class name="ce100_hw5_algo_test_cs.Minimum_Spanning_Tree_Tests" filename="C:\Users\Ömer Faruk Varlı\source\repos\ce100-hw5-algo-lib-cs\ce100-hw5-algo-test-cs\UnitTest1.cs" line-rate="1" branch-rate="1" complexity="3">
          <methods>
            <method name="Minimum_Spanning_Tree_Test_1" signature="()" line-rate="1" branch-rate="1" complexity="1">
              <lines>
                <line number="63" hits="1" branch="false" />
                <line number="64" hits="1" branch="false" />
                <line number="65" hits="1" branch="false" />
                <line number="66" hits="1" branch="false" />
                <line number="69" hits="1" branch="false" />
                <line number="70" hits="1" branch="false" />
                <line number="71" hits="1" branch="false" />
                <line number="74" hits="1" branch="false" />
                <line number="75" hits="1" branch="false" />
                <line number="76" hits="1" branch="false" />
                <line number="79" hits="1" branch="false" />
                <line number="80" hits="1" branch="false" />
                <line number="81" hits="1" branch="false" />
                <line number="84" hits="1" branch="false" />
                <line number="85" hits="1" branch="false" />
                <line number="86" hits="1" branch="false" />
                <line number="89" hits="1" branch="false" />
                <line number="90" hits="1" branch="false" />
                <line number="91" hits="1" branch="false" />
                <line number="93" hits="1" branch="false" />
                <line number="94" hits="1" branch="false" />
                <line number="95" hits="1" branch="false" />
                <line number="97" hits="1" branch="false" />
              </lines>
            </method>
            <method name="Minimum_Spanning_Tree_Test_2" signature="()" line-rate="1" branch-rate="1" complexity="1">
              <lines>
                <line number="101" hits="1" branch="false" />
                <line number="102" hits="1" branch="false" />
                <line number="103" hits="1" branch="false" />
                <line number="104" hits="1" branch="false" />
                <line number="107" hits="1" branch="false" />
                <line number="108" hits="1" branch="false" />
                <line number="109" hits="1" branch="false" />
                <line number="112" hits="1" branch="false" />
                <line number="113" hits="1" branch="false" />
                <line number="114" hits="1" branch="false" />
                <line number="117" hits="1" branch="false" />
                <line number="118" hits="1" branch="false" />
                <line number="119" hits="1" branch="false" />
                <line number="122" hits="1" branch="false" />
                <line number="123" hits="1" branch="false" />
                <line number="124" hits="1" branch="false" />
                <line number="127" hits="1" branch="false" />
                <line number="128" hits="1" branch="false" />
                <line number="129" hits="1" branch="false" />
                <line number="132" hits="1" branch="false" />
                <line number="133" hits="1" branch="false" />
                <line number="134" hits="1" branch="false" />
                <line number="137" hits="1" branch="false" />
                <line number="138" hits="1" branch="false" />
                <line number="139" hits="1" branch="false" />
                <line number="141" hits="1" branch="false" />
                <line number="142" hits="1" branch="false" />
                <line number="143" hits="1" branch="false" />
                <line number="144" hits="1" branch="false" />
              </lines>
            </method>
            <method name="Minimum_Spanning_Tree_Test_3" signature="()" line-rate="1" branch-rate="1" complexity="1">
              <lines>
                <line number="148" hits="1" branch="false" />
                <line number="149" hits="1" branch="false" />
                <line number="150" hits="1" branch="false" />
                <line number="151" hits="1" branch="false" />
                <line number="154" hits="1" branch="false" />
                <line number="155" hits="1" branch="false" />
                <line number="156" hits="1" branch="false" />
                <line number="159" hits="1" branch="false" />
                <line number="160" hits="1" branch="false" />
                <line number="161" hits="1" branch="false" />
                <line number="164" hits="1" branch="false" />
                <line number="165" hits="1" branch="false" />
                <line number="166" hits="1" branch="false" />
                <line number="169" hits="1" branch="false" />
                <line number="170" hits="1" branch="false" />
                <line number="171" hits="1" branch="false" />
                <line number="174" hits="1" branch="false" />
                <line number="175" hits="1" branch="false" />
                <line number="176" hits="1" branch="false" />
                <line number="179" hits="1" branch="false" />
                <line number="180" hits="1" branch="false" />
                <line number="181" hits="1" branch="false" />
                <line number="184" hits="1" branch="false" />
                <line number="185" hits="1" branch="false" />
                <line number="186" hits="1" branch="false" />
                <line number="189" hits="1" branch="false" />
                <line number="190" hits="1" branch="false" />
                <line number="191" hits="1" branch="false" />
                <line number="194" hits="1" branch="false" />
                <line number="195" hits="1" branch="false" />
                <line number="196" hits="1" branch="false" />
                <line number="199" hits="1" branch="false" />
                <line number="200" hits="1" branch="false" />
                <line number="201" hits="1" branch="false" />
                <line number="204" hits="1" branch="false" />
                <line number="205" hits="1" branch="false" />
                <line number="206" hits="1" branch="false" />
                <line number="209" hits="1" branch="false" />
                <line number="210" hits="1" branch="false" />
                <line number="211" hits="1" branch="false" />
                <line number="214" hits="1" branch="false" />
                <line number="215" hits="1" branch="false" />
                <line number="216" hits="1" branch="false" />
                <line number="219" hits="1" branch="false" />
                <line number="220" hits="1" branch="false" />
                <line number="221" hits="1" branch="false" />
                <line number="224" hits="1" branch="false" />
                <line number="225" hits="1" branch="false" />
                <line number="226" hits="1" branch="false" />
                <line number="227" hits="1" branch="false" />
              </lines>
            </method>
          </methods>
          <lines>
            <line number="63" hits="1" branch="false" />
            <line number="64" hits="1" branch="false" />
            <line number="65" hits="1" branch="false" />
            <line number="66" hits="1" branch="false" />
            <line number="69" hits="1" branch="false" />
            <line number="70" hits="1" branch="false" />
            <line number="71" hits="1" branch="false" />
            <line number="74" hits="1" branch="false" />
            <line number="75" hits="1" branch="false" />
            <line number="76" hits="1" branch="false" />
            <line number="79" hits="1" branch="false" />
            <line number="80" hits="1" branch="false" />
            <line number="81" hits="1" branch="false" />
            <line number="84" hits="1" branch="false" />
            <line number="85" hits="1" branch="false" />
            <line number="86" hits="1" branch="false" />
            <line number="89" hits="1" branch="false" />
            <line number="90" hits="1" branch="false" />
            <line number="91" hits="1" branch="false" />
            <line number="93" hits="1" branch="false" />
            <line number="94" hits="1" branch="false" />
            <line number="95" hits="1" branch="false" />
            <line number="97" hits="1" branch="false" />
            <line number="101" hits="1" branch="false" />
            <line number="102" hits="1" branch="false" />
            <line number="103" hits="1" branch="false" />
            <line number="104" hits="1" branch="false" />
            <line number="107" hits="1" branch="false" />
            <line number="108" hits="1" branch="false" />
            <line number="109" hits="1" branch="false" />
            <line number="112" hits="1" branch="false" />
            <line number="113" hits="1" branch="false" />
            <line number="114" hits="1" branch="false" />
            <line number="117" hits="1" branch="false" />
            <line number="118" hits="1" branch="false" />
            <line number="119" hits="1" branch="false" />
            <line number="122" hits="1" branch="false" />
            <line number="123" hits="1" branch="false" />
            <line number="124" hits="1" branch="false" />
            <line number="127" hits="1" branch="false" />
            <line number="128" hits="1" branch="false" />
            <line number="129" hits="1" branch="false" />
            <line number="132" hits="1" branch="false" />
            <line number="133" hits="1" branch="false" />
            <line number="134" hits="1" branch="false" />
            <line number="137" hits="1" branch="false" />
            <line number="138" hits="1" branch="false" />
            <line number="139" hits="1" branch="false" />
            <line number="141" hits="1" branch="false" />
            <line number="142" hits="1" branch="false" />
            <line number="143" hits="1" branch="false" />
            <line number="144" hits="1" branch="false" />
            <line number="148" hits="1" branch="false" />
            <line number="149" hits="1" branch="false" />
            <line number="150" hits="1" branch="false" />
            <line number="151" hits="1" branch="false" />
            <line number="154" hits="1" branch="false" />
            <line number="155" hits="1" branch="false" />
            <line number="156" hits="1" branch="false" />
            <line number="159" hits="1" branch="false" />
            <line number="160" hits="1" branch="false" />
            <line number="161" hits="1" branch="false" />
            <line number="164" hits="1" branch="false" />
            <line number="165" hits="1" branch="false" />
            <line number="166" hits="1" branch="false" />
            <line number="169" hits="1" branch="false" />
            <line number="170" hits="1" branch="false" />
            <line number="171" hits="1" branch="false" />
            <line number="174" hits="1" branch="false" />
            <line number="175" hits="1" branch="false" />
            <line number="176" hits="1" branch="false" />
            <line number="179" hits="1" branch="false" />
            <line number="180" hits="1" branch="false" />
            <line number="181" hits="1" branch="false" />
            <line number="184" hits="1" branch="false" />
            <line number="185" hits="1" branch="false" />
            <line number="186" hits="1" branch="false" />
            <line number="189" hits="1" branch="false" />
            <line number="190" hits="1" branch="false" />
            <line number="191" hits="1" branch="false" />
            <line number="194" hits="1" branch="false" />
            <line number="195" hits="1" branch="false" />
            <line number="196" hits="1" branch="false" />
            <line number="199" hits="1" branch="false" />
            <line number="200" hits="1" branch="false" />
            <line number="201" hits="1" branch="false" />
            <line number="204" hits="1" branch="false" />
            <line number="205" hits="1" branch="false" />
            <line number="206" hits="1" branch="false" />
            <line number="209" hits="1" branch="false" />
            <line number="210" hits="1" branch="false" />
            <line number="211" hits="1" branch="false" />
            <line number="214" hits="1" branch="false" />
            <line number="215" hits="1" branch="false" />
            <line number="216" hits="1" branch="false" />
            <line number="219" hits="1" branch="false" />
            <line number="220" hits="1" branch="false" />
            <line number="221" hits="1" branch="false" />
            <line number="224" hits="1" branch="false" />
            <line number="225" hits="1" branch="false" />
            <line number="226" hits="1" branch="false" />
            <line number="227" hits="1" branch="false" />
          </lines>
        </class>
        <class name="ce100_hw5_algo_test_cs.Single_Source_Shortest_Path_Tests" filename="C:\Users\Ömer Faruk Varlı\source\repos\ce100-hw5-algo-lib-cs\ce100-hw5-algo-test-cs\UnitTest1.cs" line-rate="1" branch-rate="1" complexity="3">
          <methods>
            <method name="Single_Source_Shortest_Path_Test_1" signature="()" line-rate="1" branch-rate="1" complexity="1">
              <lines>
                <line number="235" hits="1" branch="false" />
                <line number="236" hits="1" branch="false" />
                <line number="237" hits="1" branch="false" />
                <line number="239" hits="1" branch="false" />
                <line number="242" hits="1" branch="false" />
                <line number="243" hits="1" branch="false" />
                <line number="244" hits="1" branch="false" />
                <line number="247" hits="1" branch="false" />
                <line number="248" hits="1" branch="false" />
                <line number="249" hits="1" branch="false" />
                <line number="252" hits="1" branch="false" />
                <line number="253" hits="1" branch="false" />
                <line number="254" hits="1" branch="false" />
                <line number="257" hits="1" branch="false" />
                <line number="258" hits="1" branch="false" />
                <line number="259" hits="1" branch="false" />
                <line number="262" hits="1" branch="false" />
                <line number="263" hits="1" branch="false" />
                <line number="264" hits="1" branch="false" />
                <line number="267" hits="1" branch="false" />
                <line number="268" hits="1" branch="false" />
                <line number="269" hits="1" branch="false" />
                <line number="272" hits="1" branch="false" />
                <line number="273" hits="1" branch="false" />
                <line number="274" hits="1" branch="false" />
                <line number="275" hits="1" branch="false" />
                <line number="276" hits="1" branch="false" />
                <line number="277" hits="1" branch="false" />
                <line number="279" hits="1" branch="false" />
                <line number="280" hits="1" branch="false" />
              </lines>
            </method>
            <method name="Single_Source_Shortest_Path_Test_2" signature="()" line-rate="1" branch-rate="1" complexity="1">
              <lines>
                <line number="284" hits="1" branch="false" />
                <line number="285" hits="1" branch="false" />
                <line number="286" hits="1" branch="false" />
                <line number="288" hits="1" branch="false" />
                <line number="291" hits="1" branch="false" />
                <line number="292" hits="1" branch="false" />
                <line number="293" hits="1" branch="false" />
                <line number="296" hits="1" branch="false" />
                <line number="297" hits="1" branch="false" />
                <line number="298" hits="1" branch="false" />
                <line number="301" hits="1" branch="false" />
                <line number="302" hits="1" branch="false" />
                <line number="303" hits="1" branch="false" />
                <line number="306" hits="1" branch="false" />
                <line number="307" hits="1" branch="false" />
                <line number="308" hits="1" branch="false" />
                <line number="311" hits="1" branch="false" />
                <line number="312" hits="1" branch="false" />
                <line number="313" hits="1" branch="false" />
                <line number="316" hits="1" branch="false" />
                <line number="317" hits="1" branch="false" />
                <line number="318" hits="1" branch="false" />
                <line number="321" hits="1" branch="false" />
                <line number="322" hits="1" branch="false" />
                <line number="323" hits="1" branch="false" />
                <line number="326" hits="1" branch="false" />
                <line number="327" hits="1" branch="false" />
                <line number="328" hits="1" branch="false" />
                <line number="331" hits="1" branch="false" />
                <line number="332" hits="1" branch="false" />
                <line number="333" hits="1" branch="false" />
                <line number="334" hits="1" branch="false" />
                <line number="335" hits="1" branch="false" />
                <line number="336" hits="1" branch="false" />
                <line number="338" hits="1" branch="false" />
                <line number="340" hits="1" branch="false" />
              </lines>
            </method>
            <method name="Single_Source_Shortest_Path_Test_3" signature="()" line-rate="1" branch-rate="1" complexity="1">
              <lines>
                <line number="344" hits="1" branch="false" />
                <line number="345" hits="1" branch="false" />
                <line number="346" hits="1" branch="false" />
                <line number="347" hits="1" branch="false" />
                <line number="350" hits="1" branch="false" />
                <line number="351" hits="1" branch="false" />
                <line number="352" hits="1" branch="false" />
                <line number="355" hits="1" branch="false" />
                <line number="356" hits="1" branch="false" />
                <line number="357" hits="1" branch="false" />
                <line number="360" hits="1" branch="false" />
                <line number="361" hits="1" branch="false" />
                <line number="362" hits="1" branch="false" />
                <line number="365" hits="1" branch="false" />
                <line number="366" hits="1" branch="false" />
                <line number="367" hits="1" branch="false" />
                <line number="370" hits="1" branch="false" />
                <line number="371" hits="1" branch="false" />
                <line number="372" hits="1" branch="false" />
                <line number="374" hits="1" branch="false" />
                <line number="375" hits="1" branch="false" />
                <line number="376" hits="1" branch="false" />
                <line number="377" hits="1" branch="false" />
                <line number="378" hits="1" branch="false" />
                <line number="380" hits="1" branch="false" />
                <line number="381" hits="1" branch="false" />
              </lines>
            </method>
          </methods>
          <lines>
            <line number="235" hits="1" branch="false" />
            <line number="236" hits="1" branch="false" />
            <line number="237" hits="1" branch="false" />
            <line number="239" hits="1" branch="false" />
            <line number="242" hits="1" branch="false" />
            <line number="243" hits="1" branch="false" />
            <line number="244" hits="1" branch="false" />
            <line number="247" hits="1" branch="false" />
            <line number="248" hits="1" branch="false" />
            <line number="249" hits="1" branch="false" />
            <line number="252" hits="1" branch="false" />
            <line number="253" hits="1" branch="false" />
            <line number="254" hits="1" branch="false" />
            <line number="257" hits="1" branch="false" />
            <line number="258" hits="1" branch="false" />
            <line number="259" hits="1" branch="false" />
            <line number="262" hits="1" branch="false" />
            <line number="263" hits="1" branch="false" />
            <line number="264" hits="1" branch="false" />
            <line number="267" hits="1" branch="false" />
            <line number="268" hits="1" branch="false" />
            <line number="269" hits="1" branch="false" />
            <line number="272" hits="1" branch="false" />
            <line number="273" hits="1" branch="false" />
            <line number="274" hits="1" branch="false" />
            <line number="275" hits="1" branch="false" />
            <line number="276" hits="1" branch="false" />
            <line number="277" hits="1" branch="false" />
            <line number="279" hits="1" branch="false" />
            <line number="280" hits="1" branch="false" />
            <line number="284" hits="1" branch="false" />
            <line number="285" hits="1" branch="false" />
            <line number="286" hits="1" branch="false" />
            <line number="288" hits="1" branch="false" />
            <line number="291" hits="1" branch="false" />
            <line number="292" hits="1" branch="false" />
            <line number="293" hits="1" branch="false" />
            <line number="296" hits="1" branch="false" />
            <line number="297" hits="1" branch="false" />
            <line number="298" hits="1" branch="false" />
            <line number="301" hits="1" branch="false" />
            <line number="302" hits="1" branch="false" />
            <line number="303" hits="1" branch="false" />
            <line number="306" hits="1" branch="false" />
            <line number="307" hits="1" branch="false" />
            <line number="308" hits="1" branch="false" />
            <line number="311" hits="1" branch="false" />
            <line number="312" hits="1" branch="false" />
            <line number="313" hits="1" branch="false" />
            <line number="316" hits="1" branch="false" />
            <line number="317" hits="1" branch="false" />
            <line number="318" hits="1" branch="false" />
            <line number="321" hits="1" branch="false" />
            <line number="322" hits="1" branch="false" />
            <line number="323" hits="1" branch="false" />
            <line number="326" hits="1" branch="false" />
            <line number="327" hits="1" branch="false" />
            <line number="328" hits="1" branch="false" />
            <line number="331" hits="1" branch="false" />
            <line number="332" hits="1" branch="false" />
            <line number="333" hits="1" branch="false" />
            <line number="334" hits="1" branch="false" />
            <line number="335" hits="1" branch="false" />
            <line number="336" hits="1" branch="false" />
            <line number="338" hits="1" branch="false" />
            <line number="340" hits="1" branch="false" />
            <line number="344" hits="1" branch="false" />
            <line number="345" hits="1" branch="false" />
            <line number="346" hits="1" branch="false" />
            <line number="347" hits="1" branch="false" />
            <line number="350" hits="1" branch="false" />
            <line number="351" hits="1" branch="false" />
            <line number="352" hits="1" branch="false" />
            <line number="355" hits="1" branch="false" />
            <line number="356" hits="1" branch="false" />
            <line number="357" hits="1" branch="false" />
            <line number="360" hits="1" branch="false" />
            <line number="361" hits="1" branch="false" />
            <line number="362" hits="1" branch="false" />
            <line number="365" hits="1" branch="false" />
            <line number="366" hits="1" branch="false" />
            <line number="367" hits="1" branch="false" />
            <line number="370" hits="1" branch="false" />
            <line number="371" hits="1" branch="false" />
            <line number="372" hits="1" branch="false" />
            <line number="374" hits="1" branch="false" />
            <line number="375" hits="1" branch="false" />
            <line number="376" hits="1" branch="false" />
            <line number="377" hits="1" branch="false" />
            <line number="378" hits="1" branch="false" />
            <line number="380" hits="1" branch="false" />
            <line number="381" hits="1" branch="false" />
          </lines>
        </class>
      </classes>
    </package>
  </packages>
</coverage>