<?xml version="1.0" encoding="utf-8"?>
<CoverageSession xmlns:xsd="http://www.w3.org/2001/XMLSchema" xmlns:xsi="http://www.w3.org/2001/XMLSchema-instance" Version="4.7.922.0">
  <Summary numSequencePoints="238" visitedSequencePoints="0" numBranchPoints="89" visitedBranchPoints="0" sequenceCoverage="0" branchCoverage="0" maxCyclomaticComplexity="10" minCyclomaticComplexity="1" maxCrapScore="110" minCrapScore="2" visitedClasses="0" numClasses="6" visitedMethods="0" numMethods="15" />
  <Modules>
    <Module hash="EF-79-E5-35-5D-6B-1A-79-FB-F6-64-60-55-18-EE-04-7A-28-08-C0">
      <Summary numSequencePoints="238" visitedSequencePoints="0" numBranchPoints="89" visitedBranchPoints="0" sequenceCoverage="0" branchCoverage="0" maxCyclomaticComplexity="10" minCyclomaticComplexity="1" maxCrapScore="110" minCrapScore="2" visitedClasses="0" numClasses="6" visitedMethods="0" numMethods="15" />
      <ModulePath>C:\Users\Ömer Faruk Varlı\source\repos\ce100-hw5-algo-lib-cs\ce100-hw5-algo-lib-cs\bin\Debug\fine-code-coverage\build-output\ce100-hw5-algo-lib-cs.dll</ModulePath>
      <ModuleTime>2022-05-27T18:51:24.5495097Z</ModuleTime>
      <ModuleName>ce100-hw5-algo-lib-cs</ModuleName>
      <Files>
        <File uid="1" fullPath="C:\Users\Ömer Faruk Varlı\source\repos\ce100-hw5-algo-lib-cs\ce100-hw5-algo-lib-cs\Class1.cs" />
      </Files>
      <Classes>
        <Class>
          <Summary numSequencePoints="39" visitedSequencePoints="0" numBranchPoints="16" visitedBranchPoints="0" sequenceCoverage="0" branchCoverage="0" maxCyclomaticComplexity="5" minCyclomaticComplexity="1" maxCrapScore="30" minCrapScore="2" visitedClasses="0" numClasses="1" visitedMethods="0" numMethods="4" />
          <FullName>ce100_hw5_algo_lib_cs.GraphCycleDetection</FullName>
          <Methods>
            <Method visited="false" cyclomaticComplexity="2" nPathComplexity="2" sequenceCoverage="0" branchCoverage="0" crapScore="6" isConstructor="true" isStatic="false" isGetter="false" isSetter="false">
              <Summary numSequencePoints="9" visitedSequencePoints="0" numBranchPoints="3" visitedBranchPoints="0" sequenceCoverage="0" branchCoverage="0" maxCyclomaticComplexity="2" minCyclomaticComplexity="2" maxCrapScore="6" minCrapScore="6" visitedClasses="0" numClasses="0" visitedMethods="0" numMethods="1" />
              <MetadataToken>100663297</MetadataToken>
              <Name>System.Void ce100_hw5_algo_lib_cs.GraphCycleDetection::.ctor(System.Int32)</Name>
              <FileRef uid="1" />
              <SequencePoints>
                <SequencePoint vc="0" uspid="1" ordinal="0" offset="0" sl="28" sc="9" el="28" ec="42" bec="0" bev="0" fileid="1" />
                <SequencePoint vc="0" uspid="2" ordinal="1" offset="7" sl="29" sc="9" el="29" ec="10" bec="0" bev="0" fileid="1" />
                <SequencePoint vc="0" uspid="3" ordinal="2" offset="8" sl="30" sc="13" el="30" ec="24" bec="0" bev="0" fileid="1" />
                <SequencePoint vc="0" uspid="4" ordinal="3" offset="15" sl="31" sc="13" el="31" ec="42" bec="0" bev="0" fileid="1" />
                <SequencePoint vc="0" uspid="5" ordinal="4" offset="27" sl="33" sc="18" el="33" ec="27" bec="0" bev="0" fileid="1" />
                <SequencePoint vc="0" uspid="6" ordinal="5" offset="31" sl="34" sc="17" el="34" ec="42" bec="0" bev="0" fileid="1" />
                <SequencePoint vc="0" uspid="7" ordinal="6" offset="48" sl="33" sc="36" el="33" ec="39" bec="0" bev="0" fileid="1" />
                <SequencePoint vc="0" uspid="8" ordinal="7" offset="52" sl="33" sc="29" el="33" ec="34" bec="2" bev="0" fileid="1" />
                <SequencePoint vc="0" uspid="9" ordinal="8" offset="60" sl="35" sc="9" el="35" ec="10" bec="0" bev="0" fileid="1" />
              </SequencePoints>
              <BranchPoints>
                <BranchPoint vc="0" uspid="10" ordinal="0" offset="58" sl="33" path="0" offsetend="60" fileid="1" />
                <BranchPoint vc="0" uspid="11" ordinal="1" offset="58" sl="33" path="1" offsetend="31" fileid="1" />
              </BranchPoints>
              <MethodPoint xsi:type="SequencePoint" vc="0" uspid="1" ordinal="0" offset="0" sl="28" sc="9" el="28" ec="42" bec="0" bev="0" fileid="1" />
            </Method>
            <Method visited="false" cyclomaticComplexity="5" nPathComplexity="8" sequenceCoverage="0" branchCoverage="0" crapScore="30" isConstructor="false" isStatic="false" isGetter="false" isSetter="false">
              <Summary numSequencePoints="17" visitedSequencePoints="0" numBranchPoints="7" visitedBranchPoints="0" sequenceCoverage="0" branchCoverage="0" maxCyclomaticComplexity="5" minCyclomaticComplexity="5" maxCrapScore="30" minCrapScore="30" visitedClasses="0" numClasses="0" visitedMethods="0" numMethods="1" />
              <MetadataToken>100663298</MetadataToken>
              <Name>System.Boolean ce100_hw5_algo_lib_cs.GraphCycleDetection::isCyclicUtil(System.Int32,System.Boolean[],System.Boolean[])</Name>
              <FileRef uid="1" />
              <SequencePoints>
                <SequencePoint vc="0" uspid="12" ordinal="0" offset="0" sl="52" sc="9" el="52" ec="10" bec="0" bev="0" fileid="1" />
                <SequencePoint vc="0" uspid="13" ordinal="1" offset="1" sl="56" sc="13" el="56" ec="29" bec="2" bev="0" fileid="1" />
                <SequencePoint vc="0" uspid="14" ordinal="2" offset="8" sl="57" sc="17" el="57" ec="29" bec="0" bev="0" fileid="1" />
                <SequencePoint vc="0" uspid="15" ordinal="3" offset="12" sl="59" sc="13" el="59" ec="28" bec="2" bev="0" fileid="1" />
                <SequencePoint vc="0" uspid="16" ordinal="4" offset="19" sl="60" sc="17" el="60" ec="30" bec="0" bev="0" fileid="1" />
                <SequencePoint vc="0" uspid="17" ordinal="5" offset="23" sl="62" sc="13" el="62" ec="31" bec="0" bev="0" fileid="1" />
                <SequencePoint vc="0" uspid="18" ordinal="6" offset="27" sl="64" sc="13" el="64" ec="32" bec="0" bev="0" fileid="1" />
                <SequencePoint vc="0" uspid="19" ordinal="7" offset="31" sl="65" sc="13" el="65" ec="41" bec="0" bev="0" fileid="1" />
                <SequencePoint vc="0" uspid="20" ordinal="8" offset="44" sl="67" sc="13" el="67" ec="20" bec="0" bev="0" fileid="1" />
                <SequencePoint vc="0" uspid="21" ordinal="9" offset="45" sl="67" sc="31" el="67" ec="39" bec="0" bev="0" fileid="1" />
                <SequencePoint vc="0" uspid="22" ordinal="10" offset="55" sl="67" sc="22" el="67" ec="27" bec="0" bev="0" fileid="1" />
                <SequencePoint vc="0" uspid="23" ordinal="11" offset="64" sl="68" sc="17" el="68" ec="56" bec="2" bev="0" fileid="1" />
                <SequencePoint vc="0" uspid="24" ordinal="12" offset="80" sl="69" sc="21" el="69" ec="33" bec="0" bev="0" fileid="1" />
                <SequencePoint vc="0" uspid="25" ordinal="13" offset="84" sl="67" sc="28" el="67" ec="30" bec="0" bev="0" fileid="1" />
                <SequencePoint vc="0" uspid="26" ordinal="14" offset="110" sl="71" sc="13" el="71" ec="33" bec="0" bev="0" fileid="1" />
                <SequencePoint vc="0" uspid="27" ordinal="15" offset="114" sl="73" sc="13" el="73" ec="26" bec="0" bev="0" fileid="1" />
                <SequencePoint vc="0" uspid="28" ordinal="16" offset="118" sl="74" sc="9" el="74" ec="10" bec="0" bev="0" fileid="1" />
              </SequencePoints>
              <BranchPoints>
                <BranchPoint vc="0" uspid="29" ordinal="0" offset="6" sl="56" path="0" offsetend="8" fileid="1" />
                <BranchPoint vc="0" uspid="30" ordinal="1" offset="6" sl="56" path="1" offsetend="12" fileid="1" />
                <BranchPoint vc="0" uspid="31" ordinal="2" offset="17" sl="59" path="0" offsetend="19" fileid="1" />
                <BranchPoint vc="0" uspid="32" ordinal="3" offset="17" sl="59" path="1" offsetend="23" fileid="1" />
                <BranchPoint vc="0" uspid="33" ordinal="4" offset="78" sl="68" path="0" offsetend="80" fileid="1" />
                <BranchPoint vc="0" uspid="34" ordinal="5" offset="78" sl="68" path="1" offsetend="84" fileid="1" />
              </BranchPoints>
              <MethodPoint xsi:type="SequencePoint" vc="0" uspid="12" ordinal="0" offset="0" sl="52" sc="9" el="52" ec="10" bec="0" bev="0" fileid="1" />
            </Method>
            <Method visited="false" cyclomaticComplexity="1" nPathComplexity="0" sequenceCoverage="0" branchCoverage="0" crapScore="2" isConstructor="false" isStatic="false" isGetter="false" isSetter="false">
              <Summary numSequencePoints="3" visitedSequencePoints="0" numBranchPoints="1" visitedBranchPoints="0" sequenceCoverage="0" branchCoverage="0" maxCyclomaticComplexity="1" minCyclomaticComplexity="1" maxCrapScore="2" minCrapScore="2" visitedClasses="0" numClasses="0" visitedMethods="0" numMethods="1" />
              <MetadataToken>100663299</MetadataToken>
              <Name>System.Void ce100_hw5_algo_lib_cs.GraphCycleDetection::addEdge(System.Int32,System.Int32)</Name>
              <FileRef uid="1" />
              <SequencePoints>
                <SequencePoint vc="0" uspid="37" ordinal="0" offset="0" sl="88" sc="9" el="88" ec="10" bec="0" bev="0" fileid="1" />
                <SequencePoint vc="0" uspid="38" ordinal="1" offset="1" sl="89" sc="13" el="89" ec="32" bec="0" bev="0" fileid="1" />
                <SequencePoint vc="0" uspid="39" ordinal="2" offset="20" sl="90" sc="9" el="90" ec="10" bec="0" bev="0" fileid="1" />
              </SequencePoints>
              <BranchPoints />
              <MethodPoint xsi:type="SequencePoint" vc="0" uspid="37" ordinal="0" offset="0" sl="88" sc="9" el="88" ec="10" bec="0" bev="0" fileid="1" />
            </Method>
            <Method visited="false" cyclomaticComplexity="3" nPathComplexity="4" sequenceCoverage="0" branchCoverage="0" crapScore="12" isConstructor="false" isStatic="false" isGetter="false" isSetter="false">
              <Summary numSequencePoints="10" visitedSequencePoints="0" numBranchPoints="5" visitedBranchPoints="0" sequenceCoverage="0" branchCoverage="0" maxCyclomaticComplexity="3" minCyclomaticComplexity="3" maxCrapScore="12" minCrapScore="12" visitedClasses="0" numClasses="0" visitedMethods="0" numMethods="1" />
              <MetadataToken>100663300</MetadataToken>
              <Name>System.Boolean ce100_hw5_algo_lib_cs.GraphCycleDetection::isCyclic()</Name>
              <FileRef uid="1" />
              <SequencePoints>
                <SequencePoint vc="0" uspid="40" ordinal="0" offset="0" sl="100" sc="9" el="100" ec="10" bec="0" bev="0" fileid="1" />
                <SequencePoint vc="0" uspid="41" ordinal="1" offset="1" sl="104" sc="13" el="104" ec="42" bec="0" bev="0" fileid="1" />
                <SequencePoint vc="0" uspid="42" ordinal="2" offset="13" sl="105" sc="13" el="105" ec="43" bec="0" bev="0" fileid="1" />
                <SequencePoint vc="0" uspid="43" ordinal="3" offset="25" sl="110" sc="18" el="110" ec="27" bec="0" bev="0" fileid="1" />
                <SequencePoint vc="0" uspid="44" ordinal="4" offset="29" sl="111" sc="17" el="111" ec="56" bec="2" bev="0" fileid="1" />
                <SequencePoint vc="0" uspid="45" ordinal="5" offset="42" sl="112" sc="21" el="112" ec="33" bec="0" bev="0" fileid="1" />
                <SequencePoint vc="0" uspid="46" ordinal="6" offset="47" sl="110" sc="36" el="110" ec="39" bec="0" bev="0" fileid="1" />
                <SequencePoint vc="0" uspid="47" ordinal="7" offset="51" sl="110" sc="29" el="110" ec="34" bec="2" bev="0" fileid="1" />
                <SequencePoint vc="0" uspid="48" ordinal="8" offset="66" sl="114" sc="13" el="114" ec="26" bec="0" bev="0" fileid="1" />
                <SequencePoint vc="0" uspid="49" ordinal="9" offset="71" sl="115" sc="9" el="115" ec="10" bec="0" bev="0" fileid="1" />
              </SequencePoints>
              <BranchPoints>
                <BranchPoint vc="0" uspid="50" ordinal="0" offset="40" sl="111" path="0" offsetend="42" fileid="1" />
                <BranchPoint vc="0" uspid="51" ordinal="1" offset="40" sl="111" path="1" offsetend="47" fileid="1" />
                <BranchPoint vc="0" uspid="52" ordinal="2" offset="64" sl="110" path="0" offsetend="66" fileid="1" />
                <BranchPoint vc="0" uspid="53" ordinal="3" offset="64" sl="110" path="1" offsetend="29" fileid="1" />
              </BranchPoints>
              <MethodPoint xsi:type="SequencePoint" vc="0" uspid="40" ordinal="0" offset="0" sl="100" sc="9" el="100" ec="10" bec="0" bev="0" fileid="1" />
            </Method>
          </Methods>
        </Class>
        <Class>
          <Summary numSequencePoints="72" visitedSequencePoints="0" numBranchPoints="24" visitedBranchPoints="0" sequenceCoverage="0" branchCoverage="0" maxCyclomaticComplexity="7" minCyclomaticComplexity="2" maxCrapScore="56" minCrapScore="6" visitedClasses="0" numClasses="1" visitedMethods="0" numMethods="4" />
          <FullName>ce100_hw5_algo_lib_cs.MinimumSpanningTree</FullName>
          <Methods>
            <Method visited="false" cyclomaticComplexity="2" nPathComplexity="2" sequenceCoverage="0" branchCoverage="0" crapScore="6" isConstructor="true" isStatic="false" isGetter="false" isSetter="false">
              <Summary numSequencePoints="10" visitedSequencePoints="0" numBranchPoints="3" visitedBranchPoints="0" sequenceCoverage="0" branchCoverage="0" maxCyclomaticComplexity="2" minCyclomaticComplexity="2" maxCrapScore="6" minCrapScore="6" visitedClasses="0" numClasses="0" visitedMethods="0" numMethods="1" />
              <MetadataToken>100663301</MetadataToken>
              <Name>System.Void ce100_hw5_algo_lib_cs.MinimumSpanningTree::.ctor(System.Int32,System.Int32)</Name>
              <FileRef uid="1" />
              <SequencePoints>
                <SequencePoint vc="0" uspid="54" ordinal="0" offset="0" sl="157" sc="9" el="157" ec="49" bec="0" bev="0" fileid="1" />
                <SequencePoint vc="0" uspid="55" ordinal="1" offset="7" sl="158" sc="9" el="158" ec="10" bec="0" bev="0" fileid="1" />
                <SequencePoint vc="0" uspid="56" ordinal="2" offset="8" sl="159" sc="13" el="159" ec="19" bec="0" bev="0" fileid="1" />
                <SequencePoint vc="0" uspid="57" ordinal="3" offset="15" sl="160" sc="13" el="160" ec="19" bec="0" bev="0" fileid="1" />
                <SequencePoint vc="0" uspid="58" ordinal="4" offset="22" sl="161" sc="13" el="161" ec="32" bec="0" bev="0" fileid="1" />
                <SequencePoint vc="0" uspid="59" ordinal="5" offset="39" sl="162" sc="18" el="162" ec="27" bec="0" bev="0" fileid="1" />
                <SequencePoint vc="0" uspid="60" ordinal="6" offset="43" sl="163" sc="17" el="163" ec="38" bec="0" bev="0" fileid="1" />
                <SequencePoint vc="0" uspid="61" ordinal="7" offset="56" sl="162" sc="36" el="162" ec="39" bec="0" bev="0" fileid="1" />
                <SequencePoint vc="0" uspid="62" ordinal="8" offset="60" sl="162" sc="29" el="162" ec="34" bec="2" bev="0" fileid="1" />
                <SequencePoint vc="0" uspid="63" ordinal="9" offset="68" sl="164" sc="9" el="164" ec="10" bec="0" bev="0" fileid="1" />
              </SequencePoints>
              <BranchPoints>
                <BranchPoint vc="0" uspid="64" ordinal="0" offset="66" sl="162" path="0" offsetend="68" fileid="1" />
                <BranchPoint vc="0" uspid="65" ordinal="1" offset="66" sl="162" path="1" offsetend="43" fileid="1" />
              </BranchPoints>
              <MethodPoint xsi:type="SequencePoint" vc="0" uspid="54" ordinal="0" offset="0" sl="157" sc="9" el="157" ec="49" bec="0" bev="0" fileid="1" />
            </Method>
            <Method visited="false" cyclomaticComplexity="2" nPathComplexity="2" sequenceCoverage="0" branchCoverage="0" crapScore="6" isConstructor="false" isStatic="false" isGetter="false" isSetter="false">
              <Summary numSequencePoints="5" visitedSequencePoints="0" numBranchPoints="3" visitedBranchPoints="0" sequenceCoverage="0" branchCoverage="0" maxCyclomaticComplexity="2" minCyclomaticComplexity="2" maxCrapScore="6" minCrapScore="6" visitedClasses="0" numClasses="0" visitedMethods="0" numMethods="1" />
              <MetadataToken>100663302</MetadataToken>
              <Name>System.Int32 ce100_hw5_algo_lib_cs.MinimumSpanningTree::find(ce100_hw5_algo_lib_cs.MinimumSpanningTree/subset[],System.Int32)</Name>
              <FileRef uid="1" />
              <SequencePoints>
                <SequencePoint vc="0" uspid="66" ordinal="0" offset="0" sl="180" sc="9" el="180" ec="10" bec="0" bev="0" fileid="1" />
                <SequencePoint vc="0" uspid="67" ordinal="1" offset="1" sl="183" sc="13" el="183" ec="40" bec="2" bev="0" fileid="1" />
                <SequencePoint vc="0" uspid="68" ordinal="2" offset="19" sl="184" sc="17" el="185" ec="56" bec="0" bev="0" fileid="1" />
                <SequencePoint vc="0" uspid="69" ordinal="3" offset="42" sl="187" sc="13" el="187" ec="38" bec="0" bev="0" fileid="1" />
                <SequencePoint vc="0" uspid="70" ordinal="4" offset="53" sl="188" sc="9" el="188" ec="10" bec="0" bev="0" fileid="1" />
              </SequencePoints>
              <BranchPoints>
                <BranchPoint vc="0" uspid="71" ordinal="0" offset="17" sl="183" path="0" offsetend="19" fileid="1" />
                <BranchPoint vc="0" uspid="72" ordinal="1" offset="17" sl="183" path="1" offsetend="42" fileid="1" />
              </BranchPoints>
              <MethodPoint xsi:type="SequencePoint" vc="0" uspid="66" ordinal="0" offset="0" sl="180" sc="9" el="180" ec="10" bec="0" bev="0" fileid="1" />
            </Method>
            <Method visited="false" cyclomaticComplexity="3" nPathComplexity="4" sequenceCoverage="0" branchCoverage="0" crapScore="12" isConstructor="false" isStatic="false" isGetter="false" isSetter="false">
              <Summary numSequencePoints="12" visitedSequencePoints="0" numBranchPoints="5" visitedBranchPoints="0" sequenceCoverage="0" branchCoverage="0" maxCyclomaticComplexity="3" minCyclomaticComplexity="3" maxCrapScore="12" minCrapScore="12" visitedClasses="0" numClasses="0" visitedMethods="0" numMethods="1" />
              <MetadataToken>100663303</MetadataToken>
              <Name>System.Void ce100_hw5_algo_lib_cs.MinimumSpanningTree::Union(ce100_hw5_algo_lib_cs.MinimumSpanningTree/subset[],System.Int32,System.Int32)</Name>
              <FileRef uid="1" />
              <SequencePoints>
                <SequencePoint vc="0" uspid="73" ordinal="0" offset="0" sl="206" sc="9" el="206" ec="10" bec="0" bev="0" fileid="1" />
                <SequencePoint vc="0" uspid="74" ordinal="1" offset="1" sl="207" sc="13" el="207" ec="42" bec="0" bev="0" fileid="1" />
                <SequencePoint vc="0" uspid="75" ordinal="2" offset="10" sl="208" sc="13" el="208" ec="42" bec="0" bev="0" fileid="1" />
                <SequencePoint vc="0" uspid="76" ordinal="3" offset="19" sl="212" sc="13" el="212" ec="59" bec="2" bev="0" fileid="1" />
                <SequencePoint vc="0" uspid="77" ordinal="4" offset="41" sl="213" sc="17" el="213" ec="47" bec="0" bev="0" fileid="1" />
                <SequencePoint vc="0" uspid="78" ordinal="5" offset="52" sl="214" sc="18" el="214" ec="64" bec="2" bev="0" fileid="1" />
                <SequencePoint vc="0" uspid="79" ordinal="6" offset="74" sl="215" sc="17" el="215" ec="47" bec="0" bev="0" fileid="1" />
                <SequencePoint vc="0" uspid="80" ordinal="7" offset="85" sl="220" sc="13" el="220" ec="14" bec="0" bev="0" fileid="1" />
                <SequencePoint vc="0" uspid="81" ordinal="8" offset="86" sl="221" sc="17" el="221" ec="47" bec="0" bev="0" fileid="1" />
                <SequencePoint vc="0" uspid="82" ordinal="9" offset="95" sl="222" sc="17" el="222" ec="39" bec="0" bev="0" fileid="1" />
                <SequencePoint vc="0" uspid="83" ordinal="10" offset="111" sl="223" sc="13" el="223" ec="14" bec="0" bev="0" fileid="1" />
                <SequencePoint vc="0" uspid="84" ordinal="11" offset="112" sl="224" sc="9" el="224" ec="10" bec="0" bev="0" fileid="1" />
              </SequencePoints>
              <BranchPoints>
                <BranchPoint vc="0" uspid="85" ordinal="0" offset="39" sl="212" path="0" offsetend="41" fileid="1" />
                <BranchPoint vc="0" uspid="86" ordinal="1" offset="39" sl="212" path="1" offsetend="52" fileid="1" />
                <BranchPoint vc="0" uspid="87" ordinal="2" offset="72" sl="214" path="0" offsetend="74" fileid="1" />
                <BranchPoint vc="0" uspid="88" ordinal="3" offset="72" sl="214" path="1" offsetend="85" fileid="1" />
              </BranchPoints>
              <MethodPoint xsi:type="SequencePoint" vc="0" uspid="73" ordinal="0" offset="0" sl="206" sc="9" el="206" ec="10" bec="0" bev="0" fileid="1" />
            </Method>
            <Method visited="false" cyclomaticComplexity="7" nPathComplexity="64" sequenceCoverage="0" branchCoverage="0" crapScore="56" isConstructor="false" isStatic="false" isGetter="false" isSetter="false">
              <Summary numSequencePoints="45" visitedSequencePoints="0" numBranchPoints="13" visitedBranchPoints="0" sequenceCoverage="0" branchCoverage="0" maxCyclomaticComplexity="7" minCyclomaticComplexity="7" maxCrapScore="56" minCrapScore="56" visitedClasses="0" numClasses="0" visitedMethods="0" numMethods="1" />
              <MetadataToken>100663304</MetadataToken>
              <Name>System.String ce100_hw5_algo_lib_cs.MinimumSpanningTree::KruskalMST()</Name>
              <FileRef uid="1" />
              <SequencePoints>
                <SequencePoint vc="0" uspid="89" ordinal="0" offset="0" sl="236" sc="9" el="236" ec="10" bec="0" bev="0" fileid="1" />
                <SequencePoint vc="0" uspid="90" ordinal="1" offset="1" sl="239" sc="13" el="239" ec="41" bec="0" bev="0" fileid="1" />
                <SequencePoint vc="0" uspid="91" ordinal="2" offset="13" sl="240" sc="13" el="240" ec="29" bec="0" bev="0" fileid="1" />
                <SequencePoint vc="0" uspid="92" ordinal="3" offset="19" sl="241" sc="13" el="241" ec="23" bec="0" bev="0" fileid="1" />
                <SequencePoint vc="0" uspid="93" ordinal="4" offset="21" sl="242" sc="13" el="243" ec="21" bec="0" bev="0" fileid="1" />
                <SequencePoint vc="0" uspid="94" ordinal="5" offset="23" sl="244" sc="18" el="244" ec="23" bec="0" bev="0" fileid="1" />
                <SequencePoint vc="0" uspid="95" ordinal="6" offset="27" sl="245" sc="17" el="245" ec="40" bec="0" bev="0" fileid="1" />
                <SequencePoint vc="0" uspid="96" ordinal="7" offset="35" sl="244" sc="32" el="244" ec="35" bec="0" bev="0" fileid="1" />
                <SequencePoint vc="0" uspid="97" ordinal="8" offset="39" sl="244" sc="25" el="244" ec="30" bec="2" bev="0" fileid="1" />
                <SequencePoint vc="0" uspid="98" ordinal="9" offset="54" sl="251" sc="13" el="251" ec="30" bec="0" bev="0" fileid="1" />
                <SequencePoint vc="0" uspid="99" ordinal="10" offset="66" sl="254" sc="13" el="254" ec="46" bec="0" bev="0" fileid="1" />
                <SequencePoint vc="0" uspid="100" ordinal="11" offset="79" sl="255" sc="18" el="255" ec="23" bec="0" bev="0" fileid="1" />
                <SequencePoint vc="0" uspid="101" ordinal="12" offset="83" sl="256" sc="17" el="256" ec="43" bec="0" bev="0" fileid="1" />
                <SequencePoint vc="0" uspid="102" ordinal="13" offset="92" sl="255" sc="32" el="255" ec="35" bec="0" bev="0" fileid="1" />
                <SequencePoint vc="0" uspid="103" ordinal="14" offset="96" sl="255" sc="25" el="255" ec="30" bec="2" bev="0" fileid="1" />
                <SequencePoint vc="0" uspid="104" ordinal="15" offset="111" sl="259" sc="18" el="259" ec="27" bec="0" bev="0" fileid="1" />
                <SequencePoint vc="0" uspid="105" ordinal="16" offset="116" sl="260" sc="13" el="260" ec="14" bec="0" bev="0" fileid="1" />
                <SequencePoint vc="0" uspid="106" ordinal="17" offset="117" sl="261" sc="17" el="261" ec="39" bec="0" bev="0" fileid="1" />
                <SequencePoint vc="0" uspid="107" ordinal="18" offset="129" sl="262" sc="17" el="262" ec="37" bec="0" bev="0" fileid="1" />
                <SequencePoint vc="0" uspid="108" ordinal="19" offset="140" sl="263" sc="13" el="263" ec="14" bec="0" bev="0" fileid="1" />
                <SequencePoint vc="0" uspid="109" ordinal="20" offset="141" sl="259" sc="36" el="259" ec="39" bec="0" bev="0" fileid="1" />
                <SequencePoint vc="0" uspid="110" ordinal="21" offset="147" sl="259" sc="29" el="259" ec="34" bec="2" bev="0" fileid="1" />
                <SequencePoint vc="0" uspid="111" ordinal="22" offset="163" sl="265" sc="13" el="265" ec="19" bec="0" bev="0" fileid="1" />
                <SequencePoint vc="0" uspid="112" ordinal="23" offset="167" sl="269" sc="13" el="269" ec="14" bec="0" bev="0" fileid="1" />
                <SequencePoint vc="0" uspid="113" ordinal="24" offset="168" sl="272" sc="17" el="272" ec="45" bec="0" bev="0" fileid="1" />
                <SequencePoint vc="0" uspid="114" ordinal="25" offset="175" sl="273" sc="17" el="273" ec="39" bec="0" bev="0" fileid="1" />
                <SequencePoint vc="0" uspid="115" ordinal="26" offset="189" sl="275" sc="17" el="275" ec="54" bec="0" bev="0" fileid="1" />
                <SequencePoint vc="0" uspid="116" ordinal="27" offset="206" sl="276" sc="17" el="276" ec="55" bec="0" bev="0" fileid="1" />
                <SequencePoint vc="0" uspid="117" ordinal="28" offset="223" sl="281" sc="17" el="281" ec="28" bec="2" bev="0" fileid="1" />
                <SequencePoint vc="0" uspid="118" ordinal="29" offset="238" sl="282" sc="17" el="282" ec="18" bec="0" bev="0" fileid="1" />
                <SequencePoint vc="0" uspid="119" ordinal="30" offset="239" sl="283" sc="21" el="283" ec="45" bec="0" bev="0" fileid="1" />
                <SequencePoint vc="0" uspid="120" ordinal="31" offset="248" sl="284" sc="21" el="284" ec="42" bec="0" bev="0" fileid="1" />
                <SequencePoint vc="0" uspid="121" ordinal="32" offset="261" sl="285" sc="17" el="285" ec="18" bec="0" bev="0" fileid="1" />
                <SequencePoint vc="0" uspid="122" ordinal="33" offset="262" sl="287" sc="13" el="287" ec="14" bec="0" bev="0" fileid="1" />
                <SequencePoint vc="0" uspid="123" ordinal="34" offset="263" sl="268" sc="13" el="268" ec="30" bec="2" bev="0" fileid="1" />
                <SequencePoint vc="0" uspid="124" ordinal="35" offset="280" sl="289" sc="13" el="289" ec="33" bec="0" bev="0" fileid="1" />
                <SequencePoint vc="0" uspid="125" ordinal="36" offset="283" sl="290" sc="18" el="290" ec="23" bec="0" bev="0" fileid="1" />
                <SequencePoint vc="0" uspid="126" ordinal="37" offset="287" sl="291" sc="13" el="291" ec="14" bec="0" bev="0" fileid="1" />
                <SequencePoint vc="0" uspid="127" ordinal="38" offset="288" sl="292" sc="17" el="292" ec="148" bec="0" bev="0" fileid="1" />
                <SequencePoint vc="0" uspid="128" ordinal="39" offset="384" sl="293" sc="17" el="293" ec="49" bec="0" bev="0" fileid="1" />
                <SequencePoint vc="0" uspid="129" ordinal="40" offset="397" sl="294" sc="13" el="294" ec="14" bec="0" bev="0" fileid="1" />
                <SequencePoint vc="0" uspid="130" ordinal="41" offset="398" sl="290" sc="32" el="290" ec="35" bec="0" bev="0" fileid="1" />
                <SequencePoint vc="0" uspid="131" ordinal="42" offset="402" sl="290" sc="25" el="290" ec="30" bec="2" bev="0" fileid="1" />
                <SequencePoint vc="0" uspid="132" ordinal="43" offset="412" sl="296" sc="13" el="296" ec="24" bec="0" bev="0" fileid="1" />
                <SequencePoint vc="0" uspid="133" ordinal="44" offset="417" sl="297" sc="9" el="297" ec="10" bec="0" bev="0" fileid="1" />
              </SequencePoints>
              <BranchPoints>
                <BranchPoint vc="0" uspid="134" ordinal="0" offset="52" sl="244" path="0" offsetend="54" fileid="1" />
                <BranchPoint vc="0" uspid="135" ordinal="1" offset="52" sl="244" path="1" offsetend="27" fileid="1" />
                <BranchPoint vc="0" uspid="136" ordinal="2" offset="109" sl="255" path="0" offsetend="111" fileid="1" />
                <BranchPoint vc="0" uspid="137" ordinal="3" offset="109" sl="255" path="1" offsetend="83" fileid="1" />
                <BranchPoint vc="0" uspid="138" ordinal="4" offset="161" sl="259" path="0" offsetend="163" fileid="1" />
                <BranchPoint vc="0" uspid="139" ordinal="5" offset="161" sl="259" path="1" offsetend="116" fileid="1" />
                <BranchPoint vc="0" uspid="140" ordinal="6" offset="236" sl="281" path="0" offsetend="238" fileid="1" />
                <BranchPoint vc="0" uspid="141" ordinal="7" offset="236" sl="281" path="1" offsetend="262" fileid="1" />
                <BranchPoint vc="0" uspid="142" ordinal="8" offset="278" sl="268" path="0" offsetend="280" fileid="1" />
                <BranchPoint vc="0" uspid="143" ordinal="9" offset="278" sl="268" path="1" offsetend="167" fileid="1" />
                <BranchPoint vc="0" uspid="144" ordinal="10" offset="410" sl="290" path="0" offsetend="412" fileid="1" />
                <BranchPoint vc="0" uspid="145" ordinal="11" offset="410" sl="290" path="1" offsetend="287" fileid="1" />
              </BranchPoints>
              <MethodPoint xsi:type="SequencePoint" vc="0" uspid="89" ordinal="0" offset="0" sl="236" sc="9" el="236" ec="10" bec="0" bev="0" fileid="1" />
            </Method>
          </Methods>
        </Class>
        <Class>
          <Summary numSequencePoints="3" visitedSequencePoints="0" numBranchPoints="1" visitedBranchPoints="0" sequenceCoverage="0" branchCoverage="0" maxCyclomaticComplexity="1" minCyclomaticComplexity="1" maxCrapScore="2" minCrapScore="2" visitedClasses="0" numClasses="1" visitedMethods="0" numMethods="1" />
          <FullName>ce100_hw5_algo_lib_cs.MinimumSpanningTree/Edge</FullName>
          <Methods>
            <Method visited="false" cyclomaticComplexity="1" nPathComplexity="0" sequenceCoverage="0" branchCoverage="0" crapScore="2" isConstructor="false" isStatic="false" isGetter="false" isSetter="false">
              <Summary numSequencePoints="3" visitedSequencePoints="0" numBranchPoints="1" visitedBranchPoints="0" sequenceCoverage="0" branchCoverage="0" maxCyclomaticComplexity="1" minCyclomaticComplexity="1" maxCrapScore="2" minCrapScore="2" visitedClasses="0" numClasses="0" visitedMethods="0" numMethods="1" />
              <MetadataToken>100663311</MetadataToken>
              <Name>System.Int32 ce100_hw5_algo_lib_cs.MinimumSpanningTree/Edge::CompareTo(ce100_hw5_algo_lib_cs.MinimumSpanningTree/Edge)</Name>
              <FileRef uid="1" />
              <SequencePoints>
                <SequencePoint vc="0" uspid="146" ordinal="0" offset="0" sl="129" sc="13" el="129" ec="14" bec="0" bev="0" fileid="1" />
                <SequencePoint vc="0" uspid="147" ordinal="1" offset="1" sl="130" sc="17" el="131" ec="45" bec="0" bev="0" fileid="1" />
                <SequencePoint vc="0" uspid="148" ordinal="2" offset="17" sl="132" sc="13" el="132" ec="14" bec="0" bev="0" fileid="1" />
              </SequencePoints>
              <BranchPoints />
              <MethodPoint xsi:type="SequencePoint" vc="0" uspid="146" ordinal="0" offset="0" sl="129" sc="13" el="129" ec="14" bec="0" bev="0" fileid="1" />
            </Method>
            <Method visited="false" cyclomaticComplexity="1" nPathComplexity="0" sequenceCoverage="0" branchCoverage="0" crapScore="2" isConstructor="true" isStatic="false" isGetter="false" isSetter="false">
              <Summary numSequencePoints="0" visitedSequencePoints="0" numBranchPoints="0" visitedBranchPoints="0" sequenceCoverage="0" branchCoverage="0" maxCyclomaticComplexity="1" minCyclomaticComplexity="1" maxCrapScore="2" minCrapScore="2" visitedClasses="0" numClasses="0" visitedMethods="0" numMethods="0" />
              <MetadataToken>100663312</MetadataToken>
              <Name>System.Void ce100_hw5_algo_lib_cs.MinimumSpanningTree/Edge::.ctor()</Name>
              <SequencePoints />
              <BranchPoints />
              <MethodPoint vc="0" uspid="149" ordinal="0" offset="0" />
            </Method>
          </Methods>
        </Class>
        <Class>
          <Summary numSequencePoints="0" visitedSequencePoints="0" numBranchPoints="0" visitedBranchPoints="0" sequenceCoverage="0" branchCoverage="0" maxCyclomaticComplexity="1" minCyclomaticComplexity="1" maxCrapScore="2" minCrapScore="2" visitedClasses="0" numClasses="0" visitedMethods="0" numMethods="0" />
          <FullName>ce100_hw5_algo_lib_cs.MinimumSpanningTree/subset</FullName>
          <Methods>
            <Method visited="false" cyclomaticComplexity="1" nPathComplexity="0" sequenceCoverage="0" branchCoverage="0" crapScore="2" isConstructor="true" isStatic="false" isGetter="false" isSetter="false">
              <Summary numSequencePoints="0" visitedSequencePoints="0" numBranchPoints="0" visitedBranchPoints="0" sequenceCoverage="0" branchCoverage="0" maxCyclomaticComplexity="1" minCyclomaticComplexity="1" maxCrapScore="2" minCrapScore="2" visitedClasses="0" numClasses="0" visitedMethods="0" numMethods="0" />
              <MetadataToken>100663313</MetadataToken>
              <Name>System.Void ce100_hw5_algo_lib_cs.MinimumSpanningTree/subset::.ctor()</Name>
              <SequencePoints />
              <BranchPoints />
              <MethodPoint vc="0" uspid="150" ordinal="0" offset="0" />
            </Method>
          </Methods>
        </Class>
        <Class>
          <Summary numSequencePoints="54" visitedSequencePoints="0" numBranchPoints="22" visitedBranchPoints="0" sequenceCoverage="0" branchCoverage="0" maxCyclomaticComplexity="10" minCyclomaticComplexity="2" maxCrapScore="110" minCrapScore="6" visitedClasses="0" numClasses="1" visitedMethods="0" numMethods="2" />
          <FullName>ce100_hw5_algo_lib_cs.SingleSourceShortestPath</FullName>
          <Methods>
            <Method visited="false" cyclomaticComplexity="2" nPathComplexity="2" sequenceCoverage="0" branchCoverage="0" crapScore="6" isConstructor="true" isStatic="false" isGetter="false" isSetter="false">
              <Summary numSequencePoints="10" visitedSequencePoints="0" numBranchPoints="3" visitedBranchPoints="0" sequenceCoverage="0" branchCoverage="0" maxCyclomaticComplexity="2" minCyclomaticComplexity="2" maxCrapScore="6" minCrapScore="6" visitedClasses="0" numClasses="0" visitedMethods="0" numMethods="1" />
              <MetadataToken>100663305</MetadataToken>
              <Name>System.Void ce100_hw5_algo_lib_cs.SingleSourceShortestPath::.ctor(System.Int32,System.Int32)</Name>
              <FileRef uid="1" />
              <SequencePoints>
                <SequencePoint vc="0" uspid="151" ordinal="0" offset="0" sl="325" sc="9" el="325" ec="54" bec="0" bev="0" fileid="1" />
                <SequencePoint vc="0" uspid="152" ordinal="1" offset="7" sl="326" sc="9" el="326" ec="10" bec="0" bev="0" fileid="1" />
                <SequencePoint vc="0" uspid="153" ordinal="2" offset="8" sl="327" sc="13" el="327" ec="19" bec="0" bev="0" fileid="1" />
                <SequencePoint vc="0" uspid="154" ordinal="3" offset="15" sl="328" sc="13" el="328" ec="19" bec="0" bev="0" fileid="1" />
                <SequencePoint vc="0" uspid="155" ordinal="4" offset="22" sl="329" sc="13" el="329" ec="32" bec="0" bev="0" fileid="1" />
                <SequencePoint vc="0" uspid="156" ordinal="5" offset="34" sl="330" sc="18" el="330" ec="27" bec="0" bev="0" fileid="1" />
                <SequencePoint vc="0" uspid="157" ordinal="6" offset="38" sl="331" sc="17" el="331" ec="38" bec="0" bev="0" fileid="1" />
                <SequencePoint vc="0" uspid="158" ordinal="7" offset="51" sl="330" sc="36" el="330" ec="39" bec="0" bev="0" fileid="1" />
                <SequencePoint vc="0" uspid="159" ordinal="8" offset="55" sl="330" sc="29" el="330" ec="34" bec="2" bev="0" fileid="1" />
                <SequencePoint vc="0" uspid="160" ordinal="9" offset="63" sl="332" sc="9" el="332" ec="10" bec="0" bev="0" fileid="1" />
              </SequencePoints>
              <BranchPoints>
                <BranchPoint vc="0" uspid="161" ordinal="0" offset="61" sl="330" path="0" offsetend="63" fileid="1" />
                <BranchPoint vc="0" uspid="162" ordinal="1" offset="61" sl="330" path="1" offsetend="38" fileid="1" />
              </BranchPoints>
              <MethodPoint xsi:type="SequencePoint" vc="0" uspid="151" ordinal="0" offset="0" sl="325" sc="9" el="325" ec="54" bec="0" bev="0" fileid="1" />
            </Method>
            <Method visited="false" cyclomaticComplexity="10" nPathComplexity="512" sequenceCoverage="0" branchCoverage="0" crapScore="110" isConstructor="false" isStatic="true" isGetter="false" isSetter="false">
              <Summary numSequencePoints="44" visitedSequencePoints="0" numBranchPoints="19" visitedBranchPoints="0" sequenceCoverage="0" branchCoverage="0" maxCyclomaticComplexity="10" minCyclomaticComplexity="10" maxCrapScore="110" minCrapScore="110" visitedClasses="0" numClasses="0" visitedMethods="0" numMethods="1" />
              <MetadataToken>100663306</MetadataToken>
              <Name>System.String ce100_hw5_algo_lib_cs.SingleSourceShortestPath::BellmanFord(ce100_hw5_algo_lib_cs.SingleSourceShortestPath,System.Int32)</Name>
              <FileRef uid="1" />
              <SequencePoints>
                <SequencePoint vc="0" uspid="163" ordinal="0" offset="0" sl="346" sc="9" el="346" ec="10" bec="0" bev="0" fileid="1" />
                <SequencePoint vc="0" uspid="164" ordinal="1" offset="1" sl="347" sc="13" el="347" ec="32" bec="0" bev="0" fileid="1" />
                <SequencePoint vc="0" uspid="165" ordinal="2" offset="7" sl="348" sc="13" el="348" ec="28" bec="0" bev="0" fileid="1" />
                <SequencePoint vc="0" uspid="166" ordinal="3" offset="14" sl="348" sc="30" el="348" ec="41" bec="0" bev="0" fileid="1" />
                <SequencePoint vc="0" uspid="167" ordinal="4" offset="21" sl="349" sc="13" el="349" ec="37" bec="0" bev="0" fileid="1" />
                <SequencePoint vc="0" uspid="168" ordinal="5" offset="28" sl="352" sc="18" el="352" ec="27" bec="0" bev="0" fileid="1" />
                <SequencePoint vc="0" uspid="169" ordinal="6" offset="33" sl="353" sc="17" el="353" ec="40" bec="0" bev="0" fileid="1" />
                <SequencePoint vc="0" uspid="170" ordinal="7" offset="42" sl="352" sc="36" el="352" ec="39" bec="0" bev="0" fileid="1" />
                <SequencePoint vc="0" uspid="171" ordinal="8" offset="48" sl="352" sc="29" el="352" ec="34" bec="2" bev="0" fileid="1" />
                <SequencePoint vc="0" uspid="172" ordinal="9" offset="59" sl="354" sc="13" el="354" ec="25" bec="0" bev="0" fileid="1" />
                <SequencePoint vc="0" uspid="173" ordinal="10" offset="63" sl="356" sc="18" el="356" ec="27" bec="0" bev="0" fileid="1" />
                <SequencePoint vc="0" uspid="174" ordinal="11" offset="68" sl="357" sc="13" el="357" ec="14" bec="0" bev="0" fileid="1" />
                <SequencePoint vc="0" uspid="175" ordinal="12" offset="69" sl="358" sc="22" el="358" ec="31" bec="0" bev="0" fileid="1" />
                <SequencePoint vc="0" uspid="176" ordinal="13" offset="74" sl="359" sc="17" el="359" ec="18" bec="0" bev="0" fileid="1" />
                <SequencePoint vc="0" uspid="177" ordinal="14" offset="75" sl="360" sc="21" el="360" ec="47" bec="0" bev="0" fileid="1" />
                <SequencePoint vc="0" uspid="178" ordinal="15" offset="91" sl="361" sc="21" el="361" ec="48" bec="0" bev="0" fileid="1" />
                <SequencePoint vc="0" uspid="179" ordinal="16" offset="107" sl="362" sc="21" el="362" ec="55" bec="0" bev="0" fileid="1" />
                <SequencePoint vc="0" uspid="180" ordinal="17" offset="123" sl="363" sc="21" el="363" ec="79" bec="4" bev="0" fileid="1" />
                <SequencePoint vc="0" uspid="181" ordinal="18" offset="156" sl="364" sc="25" el="364" ec="52" bec="0" bev="0" fileid="1" />
                <SequencePoint vc="0" uspid="182" ordinal="19" offset="167" sl="365" sc="17" el="365" ec="18" bec="0" bev="0" fileid="1" />
                <SequencePoint vc="0" uspid="183" ordinal="20" offset="168" sl="358" sc="40" el="358" ec="43" bec="0" bev="0" fileid="1" />
                <SequencePoint vc="0" uspid="184" ordinal="21" offset="174" sl="358" sc="33" el="358" ec="38" bec="2" bev="0" fileid="1" />
                <SequencePoint vc="0" uspid="185" ordinal="22" offset="185" sl="366" sc="13" el="366" ec="14" bec="0" bev="0" fileid="1" />
                <SequencePoint vc="0" uspid="186" ordinal="23" offset="186" sl="356" sc="36" el="356" ec="39" bec="0" bev="0" fileid="1" />
                <SequencePoint vc="0" uspid="187" ordinal="24" offset="192" sl="356" sc="29" el="356" ec="34" bec="2" bev="0" fileid="1" />
                <SequencePoint vc="0" uspid="188" ordinal="25" offset="206" sl="368" sc="18" el="368" ec="27" bec="0" bev="0" fileid="1" />
                <SequencePoint vc="0" uspid="189" ordinal="26" offset="211" sl="369" sc="13" el="369" ec="14" bec="0" bev="0" fileid="1" />
                <SequencePoint vc="0" uspid="190" ordinal="27" offset="212" sl="370" sc="17" el="370" ec="43" bec="0" bev="0" fileid="1" />
                <SequencePoint vc="0" uspid="191" ordinal="28" offset="228" sl="371" sc="17" el="371" ec="44" bec="0" bev="0" fileid="1" />
                <SequencePoint vc="0" uspid="192" ordinal="29" offset="244" sl="372" sc="17" el="372" ec="51" bec="0" bev="0" fileid="1" />
                <SequencePoint vc="0" uspid="193" ordinal="30" offset="260" sl="373" sc="17" el="373" ec="75" bec="4" bev="0" fileid="1" />
                <SequencePoint vc="0" uspid="194" ordinal="31" offset="293" sl="374" sc="17" el="374" ec="18" bec="0" bev="0" fileid="1" />
                <SequencePoint vc="0" uspid="195" ordinal="32" offset="294" sl="375" sc="21" el="375" ec="69" bec="0" bev="0" fileid="1" />
                <SequencePoint vc="0" uspid="196" ordinal="33" offset="300" sl="376" sc="21" el="376" ec="35" bec="0" bev="0" fileid="1" />
                <SequencePoint vc="0" uspid="197" ordinal="34" offset="305" sl="378" sc="13" el="378" ec="14" bec="0" bev="0" fileid="1" />
                <SequencePoint vc="0" uspid="198" ordinal="35" offset="306" sl="368" sc="36" el="368" ec="39" bec="0" bev="0" fileid="1" />
                <SequencePoint vc="0" uspid="199" ordinal="36" offset="312" sl="368" sc="29" el="368" ec="34" bec="2" bev="0" fileid="1" />
                <SequencePoint vc="0" uspid="200" ordinal="37" offset="323" sl="379" sc="13" el="379" ec="60" bec="0" bev="0" fileid="1" />
                <SequencePoint vc="0" uspid="201" ordinal="38" offset="329" sl="380" sc="18" el="380" ec="27" bec="0" bev="0" fileid="1" />
                <SequencePoint vc="0" uspid="202" ordinal="39" offset="334" sl="381" sc="17" el="381" ec="63" bec="0" bev="0" fileid="1" />
                <SequencePoint vc="0" uspid="203" ordinal="40" offset="400" sl="380" sc="36" el="380" ec="39" bec="0" bev="0" fileid="1" />
                <SequencePoint vc="0" uspid="204" ordinal="41" offset="406" sl="380" sc="29" el="380" ec="34" bec="2" bev="0" fileid="1" />
                <SequencePoint vc="0" uspid="205" ordinal="42" offset="417" sl="382" sc="13" el="382" ec="27" bec="0" bev="0" fileid="1" />
                <SequencePoint vc="0" uspid="206" ordinal="43" offset="422" sl="383" sc="9" el="383" ec="10" bec="0" bev="0" fileid="1" />
              </SequencePoints>
              <BranchPoints>
                <BranchPoint vc="0" uspid="207" ordinal="0" offset="57" sl="352" path="0" offsetend="59" fileid="1" />
                <BranchPoint vc="0" uspid="208" ordinal="1" offset="57" sl="352" path="1" offsetend="33" fileid="1" />
                <BranchPoint vc="0" uspid="209" ordinal="2" offset="132" sl="363" path="0" offsetend="134" fileid="1" />
                <BranchPoint vc="0" uspid="210" ordinal="3" offset="132" sl="363" path="1" offsetend="149" fileid="1" />
                <BranchPoint vc="0" uspid="211" ordinal="4" offset="154" sl="363" path="0" offsetend="156" fileid="1" />
                <BranchPoint vc="0" uspid="212" ordinal="5" offset="154" sl="363" path="1" offsetend="167" fileid="1" />
                <BranchPoint vc="0" uspid="213" ordinal="6" offset="183" sl="358" path="0" offsetend="185" fileid="1" />
                <BranchPoint vc="0" uspid="214" ordinal="7" offset="183" sl="358" path="1" offsetend="74" fileid="1" />
                <BranchPoint vc="0" uspid="215" ordinal="8" offset="201" sl="356" path="0" offsetend="206" fileid="1" />
                <BranchPoint vc="0" uspid="216" ordinal="9" offset="201" sl="356" path="1" offsetend="68" fileid="1" />
                <BranchPoint vc="0" uspid="217" ordinal="10" offset="269" sl="373" path="0" offsetend="271" fileid="1" />
                <BranchPoint vc="0" uspid="218" ordinal="11" offset="269" sl="373" path="1" offsetend="286" fileid="1" />
                <BranchPoint vc="0" uspid="219" ordinal="12" offset="291" sl="373" path="0" offsetend="293" fileid="1" />
                <BranchPoint vc="0" uspid="220" ordinal="13" offset="291" sl="373" path="1" offsetend="305" fileid="1" />
                <BranchPoint vc="0" uspid="221" ordinal="14" offset="321" sl="368" path="0" offsetend="323" fileid="1" />
                <BranchPoint vc="0" uspid="222" ordinal="15" offset="321" sl="368" path="1" offsetend="211" fileid="1" />
                <BranchPoint vc="0" uspid="223" ordinal="16" offset="415" sl="380" path="0" offsetend="417" fileid="1" />
                <BranchPoint vc="0" uspid="224" ordinal="17" offset="415" sl="380" path="1" offsetend="334" fileid="1" />
              </BranchPoints>
              <MethodPoint xsi:type="SequencePoint" vc="0" uspid="163" ordinal="0" offset="0" sl="346" sc="9" el="346" ec="10" bec="0" bev="0" fileid="1" />
            </Method>
          </Methods>
        </Class>
        <Class>
          <Summary numSequencePoints="4" visitedSequencePoints="0" numBranchPoints="1" visitedBranchPoints="0" sequenceCoverage="0" branchCoverage="0" maxCyclomaticComplexity="1" minCyclomaticComplexity="1" maxCrapScore="2" minCrapScore="2" visitedClasses="0" numClasses="1" visitedMethods="0" numMethods="1" />
          <FullName>ce100_hw5_algo_lib_cs.SingleSourceShortestPath/Edge</FullName>
          <Methods>
            <Method visited="false" cyclomaticComplexity="1" nPathComplexity="0" sequenceCoverage="0" branchCoverage="0" crapScore="2" isConstructor="true" isStatic="false" isGetter="false" isSetter="false">
              <Summary numSequencePoints="4" visitedSequencePoints="0" numBranchPoints="1" visitedBranchPoints="0" sequenceCoverage="0" branchCoverage="0" maxCyclomaticComplexity="1" minCyclomaticComplexity="1" maxCrapScore="2" minCrapScore="2" visitedClasses="0" numClasses="0" visitedMethods="0" numMethods="1" />
              <MetadataToken>100663314</MetadataToken>
              <Name>System.Void ce100_hw5_algo_lib_cs.SingleSourceShortestPath/Edge::.ctor()</Name>
              <FileRef uid="1" />
              <SequencePoints>
                <SequencePoint vc="0" uspid="225" ordinal="0" offset="0" sl="305" sc="13" el="305" ec="26" bec="0" bev="0" fileid="1" />
                <SequencePoint vc="0" uspid="226" ordinal="1" offset="7" sl="306" sc="13" el="306" ec="14" bec="0" bev="0" fileid="1" />
                <SequencePoint vc="0" uspid="227" ordinal="2" offset="8" sl="307" sc="17" el="307" ec="41" bec="0" bev="0" fileid="1" />
                <SequencePoint vc="0" uspid="228" ordinal="3" offset="33" sl="308" sc="13" el="308" ec="14" bec="0" bev="0" fileid="1" />
              </SequencePoints>
              <BranchPoints />
              <MethodPoint xsi:type="SequencePoint" vc="0" uspid="225" ordinal="0" offset="0" sl="305" sc="13" el="305" ec="26" bec="0" bev="0" fileid="1" />
            </Method>
          </Methods>
        </Class>
        <Class>
          <Summary numSequencePoints="66" visitedSequencePoints="0" numBranchPoints="25" visitedBranchPoints="0" sequenceCoverage="0" branchCoverage="0" maxCyclomaticComplexity="7" minCyclomaticComplexity="1" maxCrapScore="56" minCrapScore="2" visitedClasses="0" numClasses="1" visitedMethods="0" numMethods="3" />
          <FullName>ce100_hw5_algo_lib_cs.MaxFlow</FullName>
          <Methods>
            <Method visited="false" cyclomaticComplexity="7" nPathComplexity="64" sequenceCoverage="0" branchCoverage="0" crapScore="56" isConstructor="false" isStatic="false" isGetter="false" isSetter="false">
              <Summary numSequencePoints="32" visitedSequencePoints="0" numBranchPoints="13" visitedBranchPoints="0" sequenceCoverage="0" branchCoverage="0" maxCyclomaticComplexity="7" minCyclomaticComplexity="7" maxCrapScore="56" minCrapScore="56" visitedClasses="0" numClasses="0" visitedMethods="0" numMethods="1" />
              <MetadataToken>100663307</MetadataToken>
              <Name>System.Boolean ce100_hw5_algo_lib_cs.MaxFlow::bfs(System.Int32[0...,0...],System.Int32,System.Int32,System.Int32[])</Name>
              <FileRef uid="1" />
              <SequencePoints>
                <SequencePoint vc="0" uspid="229" ordinal="0" offset="0" sl="412" sc="9" el="412" ec="10" bec="0" bev="0" fileid="1" />
                <SequencePoint vc="0" uspid="230" ordinal="1" offset="1" sl="415" sc="13" el="415" ec="42" bec="0" bev="0" fileid="1" />
                <SequencePoint vc="0" uspid="231" ordinal="2" offset="12" sl="416" sc="18" el="416" ec="27" bec="0" bev="0" fileid="1" />
                <SequencePoint vc="0" uspid="232" ordinal="3" offset="16" sl="417" sc="17" el="417" ec="36" bec="0" bev="0" fileid="1" />
                <SequencePoint vc="0" uspid="233" ordinal="4" offset="20" sl="416" sc="36" el="416" ec="39" bec="0" bev="0" fileid="1" />
                <SequencePoint vc="0" uspid="234" ordinal="5" offset="24" sl="416" sc="29" el="416" ec="34" bec="2" bev="0" fileid="1" />
                <SequencePoint vc="0" uspid="235" ordinal="6" offset="36" sl="421" sc="13" el="421" ec="47" bec="0" bev="0" fileid="1" />
                <SequencePoint vc="0" uspid="236" ordinal="7" offset="42" sl="422" sc="13" el="422" ec="26" bec="0" bev="0" fileid="1" />
                <SequencePoint vc="0" uspid="237" ordinal="8" offset="50" sl="423" sc="13" el="423" ec="31" bec="0" bev="0" fileid="1" />
                <SequencePoint vc="0" uspid="238" ordinal="9" offset="54" sl="424" sc="13" el="424" ec="28" bec="0" bev="0" fileid="1" />
                <SequencePoint vc="0" uspid="239" ordinal="10" offset="61" sl="428" sc="13" el="428" ec="14" bec="0" bev="0" fileid="1" />
                <SequencePoint vc="0" uspid="240" ordinal="11" offset="62" sl="429" sc="17" el="429" ec="34" bec="0" bev="0" fileid="1" />
                <SequencePoint vc="0" uspid="241" ordinal="12" offset="71" sl="430" sc="17" el="430" ec="35" bec="0" bev="0" fileid="1" />
                <SequencePoint vc="0" uspid="242" ordinal="13" offset="79" sl="432" sc="22" el="432" ec="31" bec="0" bev="0" fileid="1" />
                <SequencePoint vc="0" uspid="243" ordinal="14" offset="84" sl="433" sc="17" el="433" ec="18" bec="0" bev="0" fileid="1" />
                <SequencePoint vc="0" uspid="244" ordinal="15" offset="85" sl="434" sc="21" el="435" ec="45" bec="4" bev="0" fileid="1" />
                <SequencePoint vc="0" uspid="245" ordinal="16" offset="113" sl="436" sc="21" el="436" ec="22" bec="0" bev="0" fileid="1" />
                <SequencePoint vc="0" uspid="246" ordinal="17" offset="114" sl="441" sc="25" el="441" ec="36" bec="2" bev="0" fileid="1" />
                <SequencePoint vc="0" uspid="247" ordinal="18" offset="125" sl="442" sc="25" el="442" ec="26" bec="0" bev="0" fileid="1" />
                <SequencePoint vc="0" uspid="248" ordinal="19" offset="126" sl="443" sc="29" el="443" ec="43" bec="0" bev="0" fileid="1" />
                <SequencePoint vc="0" uspid="249" ordinal="20" offset="133" sl="444" sc="29" el="444" ec="41" bec="0" bev="0" fileid="1" />
                <SequencePoint vc="0" uspid="250" ordinal="21" offset="138" sl="446" sc="25" el="446" ec="38" bec="0" bev="0" fileid="1" />
                <SequencePoint vc="0" uspid="251" ordinal="22" offset="147" sl="447" sc="25" el="447" ec="39" bec="0" bev="0" fileid="1" />
                <SequencePoint vc="0" uspid="252" ordinal="23" offset="154" sl="448" sc="25" el="448" ec="43" bec="0" bev="0" fileid="1" />
                <SequencePoint vc="0" uspid="253" ordinal="24" offset="159" sl="449" sc="21" el="449" ec="22" bec="0" bev="0" fileid="1" />
                <SequencePoint vc="0" uspid="254" ordinal="25" offset="160" sl="450" sc="17" el="450" ec="18" bec="0" bev="0" fileid="1" />
                <SequencePoint vc="0" uspid="255" ordinal="26" offset="161" sl="432" sc="40" el="432" ec="43" bec="0" bev="0" fileid="1" />
                <SequencePoint vc="0" uspid="256" ordinal="27" offset="167" sl="432" sc="33" el="432" ec="38" bec="2" bev="0" fileid="1" />
                <SequencePoint vc="0" uspid="257" ordinal="28" offset="182" sl="451" sc="13" el="451" ec="14" bec="0" bev="0" fileid="1" />
                <SequencePoint vc="0" uspid="258" ordinal="29" offset="183" sl="427" sc="13" el="427" ec="37" bec="2" bev="0" fileid="1" />
                <SequencePoint vc="0" uspid="259" ordinal="30" offset="201" sl="455" sc="13" el="455" ec="26" bec="0" bev="0" fileid="1" />
                <SequencePoint vc="0" uspid="260" ordinal="31" offset="206" sl="456" sc="9" el="456" ec="10" bec="0" bev="0" fileid="1" />
              </SequencePoints>
              <BranchPoints>
                <BranchPoint vc="0" uspid="261" ordinal="0" offset="34" sl="416" path="0" offsetend="36" fileid="1" />
                <BranchPoint vc="0" uspid="262" ordinal="1" offset="34" sl="416" path="1" offsetend="16" fileid="1" />
                <BranchPoint vc="0" uspid="263" ordinal="2" offset="89" sl="434" path="0" offsetend="91" fileid="1" />
                <BranchPoint vc="0" uspid="264" ordinal="3" offset="89" sl="434" path="1" offsetend="106" fileid="1" />
                <BranchPoint vc="0" uspid="265" ordinal="4" offset="111" sl="434" path="0" offsetend="113" fileid="1" />
                <BranchPoint vc="0" uspid="266" ordinal="5" offset="111" sl="434" path="1" offsetend="160" fileid="1" />
                <BranchPoint vc="0" uspid="267" ordinal="6" offset="123" sl="441" path="0" offsetend="125" fileid="1" />
                <BranchPoint vc="0" uspid="268" ordinal="7" offset="123" sl="441" path="1" offsetend="138" fileid="1" />
                <BranchPoint vc="0" uspid="269" ordinal="8" offset="180" sl="432" path="0" offsetend="182" fileid="1" />
                <BranchPoint vc="0" uspid="270" ordinal="9" offset="180" sl="432" path="1" offsetend="84" fileid="1" />
                <BranchPoint vc="0" uspid="271" ordinal="10" offset="196" sl="427" path="0" offsetend="201" fileid="1" />
                <BranchPoint vc="0" uspid="272" ordinal="11" offset="196" sl="427" path="1" offsetend="61" fileid="1" />
              </BranchPoints>
              <MethodPoint xsi:type="SequencePoint" vc="0" uspid="229" ordinal="0" offset="0" sl="412" sc="9" el="412" ec="10" bec="0" bev="0" fileid="1" />
            </Method>
            <Method visited="false" cyclomaticComplexity="6" nPathComplexity="32" sequenceCoverage="0" branchCoverage="0" crapScore="42" isConstructor="false" isStatic="false" isGetter="false" isSetter="false">
              <Summary numSequencePoints="33" visitedSequencePoints="0" numBranchPoints="11" visitedBranchPoints="0" sequenceCoverage="0" branchCoverage="0" maxCyclomaticComplexity="6" minCyclomaticComplexity="6" maxCrapScore="42" minCrapScore="42" visitedClasses="0" numClasses="0" visitedMethods="0" numMethods="1" />
              <MetadataToken>100663308</MetadataToken>
              <Name>System.Int32 ce100_hw5_algo_lib_cs.MaxFlow::fordFulkerson(System.Int32[0...,0...],System.Int32,System.Int32)</Name>
              <FileRef uid="1" />
              <SequencePoints>
                <SequencePoint vc="0" uspid="273" ordinal="0" offset="0" sl="475" sc="9" el="475" ec="10" bec="0" bev="0" fileid="1" />
                <SequencePoint vc="0" uspid="274" ordinal="1" offset="1" sl="488" sc="13" el="488" ec="43" bec="0" bev="0" fileid="1" />
                <SequencePoint vc="0" uspid="275" ordinal="2" offset="17" sl="490" sc="18" el="490" ec="23" bec="0" bev="0" fileid="1" />
                <SequencePoint vc="0" uspid="276" ordinal="3" offset="21" sl="491" sc="22" el="491" ec="27" bec="0" bev="0" fileid="1" />
                <SequencePoint vc="0" uspid="277" ordinal="4" offset="25" sl="492" sc="21" el="492" ec="48" bec="0" bev="0" fileid="1" />
                <SequencePoint vc="0" uspid="278" ordinal="5" offset="41" sl="491" sc="36" el="491" ec="39" bec="0" bev="0" fileid="1" />
                <SequencePoint vc="0" uspid="279" ordinal="6" offset="45" sl="491" sc="29" el="491" ec="34" bec="2" bev="0" fileid="1" />
                <SequencePoint vc="0" uspid="280" ordinal="7" offset="59" sl="490" sc="32" el="490" ec="35" bec="0" bev="0" fileid="1" />
                <SequencePoint vc="0" uspid="281" ordinal="8" offset="63" sl="490" sc="25" el="490" ec="30" bec="2" bev="0" fileid="1" />
                <SequencePoint vc="0" uspid="282" ordinal="9" offset="77" sl="495" sc="13" el="495" ec="39" bec="0" bev="0" fileid="1" />
                <SequencePoint vc="0" uspid="283" ordinal="10" offset="88" sl="497" sc="13" el="497" ec="30" bec="0" bev="0" fileid="1" />
                <SequencePoint vc="0" uspid="284" ordinal="11" offset="93" sl="502" sc="13" el="502" ec="14" bec="0" bev="0" fileid="1" />
                <SequencePoint vc="0" uspid="285" ordinal="12" offset="94" sl="506" sc="17" el="506" ec="46" bec="0" bev="0" fileid="1" />
                <SequencePoint vc="0" uspid="286" ordinal="13" offset="101" sl="507" sc="22" el="507" ec="27" bec="0" bev="0" fileid="1" />
                <SequencePoint vc="0" uspid="287" ordinal="14" offset="105" sl="508" sc="17" el="508" ec="18" bec="0" bev="0" fileid="1" />
                <SequencePoint vc="0" uspid="288" ordinal="15" offset="106" sl="509" sc="21" el="509" ec="35" bec="0" bev="0" fileid="1" />
                <SequencePoint vc="0" uspid="289" ordinal="16" offset="110" sl="510" sc="21" el="511" ec="61" bec="0" bev="0" fileid="1" />
                <SequencePoint vc="0" uspid="290" ordinal="17" offset="127" sl="512" sc="17" el="512" ec="18" bec="0" bev="0" fileid="1" />
                <SequencePoint vc="0" uspid="291" ordinal="18" offset="128" sl="507" sc="37" el="507" ec="50" bec="0" bev="0" fileid="1" />
                <SequencePoint vc="0" uspid="292" ordinal="19" offset="132" sl="507" sc="29" el="507" ec="35" bec="2" bev="0" fileid="1" />
                <SequencePoint vc="0" uspid="293" ordinal="20" offset="145" sl="516" sc="22" el="516" ec="27" bec="0" bev="0" fileid="1" />
                <SequencePoint vc="0" uspid="294" ordinal="21" offset="149" sl="517" sc="17" el="517" ec="18" bec="0" bev="0" fileid="1" />
                <SequencePoint vc="0" uspid="295" ordinal="22" offset="150" sl="518" sc="21" el="518" ec="35" bec="0" bev="0" fileid="1" />
                <SequencePoint vc="0" uspid="296" ordinal="23" offset="154" sl="519" sc="21" el="519" ec="47" bec="0" bev="0" fileid="1" />
                <SequencePoint vc="0" uspid="297" ordinal="24" offset="168" sl="520" sc="21" el="520" ec="47" bec="0" bev="0" fileid="1" />
                <SequencePoint vc="0" uspid="298" ordinal="25" offset="182" sl="521" sc="17" el="521" ec="18" bec="0" bev="0" fileid="1" />
                <SequencePoint vc="0" uspid="299" ordinal="26" offset="183" sl="516" sc="37" el="516" ec="50" bec="0" bev="0" fileid="1" />
                <SequencePoint vc="0" uspid="300" ordinal="27" offset="187" sl="516" sc="29" el="516" ec="35" bec="2" bev="0" fileid="1" />
                <SequencePoint vc="0" uspid="301" ordinal="28" offset="200" sl="524" sc="17" el="524" ec="39" bec="0" bev="0" fileid="1" />
                <SequencePoint vc="0" uspid="302" ordinal="29" offset="207" sl="525" sc="13" el="525" ec="14" bec="0" bev="0" fileid="1" />
                <SequencePoint vc="0" uspid="303" ordinal="30" offset="208" sl="501" sc="13" el="501" ec="46" bec="2" bev="0" fileid="1" />
                <SequencePoint vc="0" uspid="304" ordinal="31" offset="227" sl="528" sc="13" el="528" ec="29" bec="0" bev="0" fileid="1" />
                <SequencePoint vc="0" uspid="305" ordinal="32" offset="233" sl="529" sc="9" el="529" ec="10" bec="0" bev="0" fileid="1" />
              </SequencePoints>
              <BranchPoints>
                <BranchPoint vc="0" uspid="306" ordinal="0" offset="57" sl="491" path="0" offsetend="59" fileid="1" />
                <BranchPoint vc="0" uspid="307" ordinal="1" offset="57" sl="491" path="1" offsetend="25" fileid="1" />
                <BranchPoint vc="0" uspid="308" ordinal="2" offset="75" sl="490" path="0" offsetend="77" fileid="1" />
                <BranchPoint vc="0" uspid="309" ordinal="3" offset="75" sl="490" path="1" offsetend="21" fileid="1" />
                <BranchPoint vc="0" uspid="310" ordinal="4" offset="143" sl="507" path="0" offsetend="145" fileid="1" />
                <BranchPoint vc="0" uspid="311" ordinal="5" offset="143" sl="507" path="1" offsetend="105" fileid="1" />
                <BranchPoint vc="0" uspid="312" ordinal="6" offset="198" sl="516" path="0" offsetend="200" fileid="1" />
                <BranchPoint vc="0" uspid="313" ordinal="7" offset="198" sl="516" path="1" offsetend="149" fileid="1" />
                <BranchPoint vc="0" uspid="314" ordinal="8" offset="222" sl="501" path="0" offsetend="227" fileid="1" />
                <BranchPoint vc="0" uspid="315" ordinal="9" offset="222" sl="501" path="1" offsetend="93" fileid="1" />
              </BranchPoints>
              <MethodPoint xsi:type="SequencePoint" vc="0" uspid="273" ordinal="0" offset="0" sl="475" sc="9" el="475" ec="10" bec="0" bev="0" fileid="1" />
            </Method>
            <Method visited="false" cyclomaticComplexity="1" nPathComplexity="0" sequenceCoverage="0" branchCoverage="0" crapScore="2" isConstructor="true" isStatic="false" isGetter="false" isSetter="false">
              <Summary numSequencePoints="0" visitedSequencePoints="0" numBranchPoints="0" visitedBranchPoints="0" sequenceCoverage="0" branchCoverage="0" maxCyclomaticComplexity="1" minCyclomaticComplexity="1" maxCrapScore="2" minCrapScore="2" visitedClasses="0" numClasses="0" visitedMethods="0" numMethods="0" />
              <MetadataToken>100663309</MetadataToken>
              <Name>System.Void ce100_hw5_algo_lib_cs.MaxFlow::.ctor()</Name>
              <SequencePoints />
              <BranchPoints />
              <MethodPoint vc="0" uspid="316" ordinal="0" offset="0" />
            </Method>
            <Method visited="false" cyclomaticComplexity="1" nPathComplexity="0" sequenceCoverage="0" branchCoverage="0" crapScore="2" isConstructor="true" isStatic="true" isGetter="false" isSetter="false">
              <Summary numSequencePoints="1" visitedSequencePoints="0" numBranchPoints="1" visitedBranchPoints="0" sequenceCoverage="0" branchCoverage="0" maxCyclomaticComplexity="1" minCyclomaticComplexity="1" maxCrapScore="2" minCrapScore="2" visitedClasses="0" numClasses="0" visitedMethods="0" numMethods="1" />
              <MetadataToken>100663310</MetadataToken>
              <Name>System.Void ce100_hw5_algo_lib_cs.MaxFlow::.cctor()</Name>
              <FileRef uid="1" />
              <SequencePoints>
                <SequencePoint vc="0" uspid="317" ordinal="0" offset="0" sl="388" sc="9" el="388" ec="35" bec="0" bev="0" fileid="1" />
              </SequencePoints>
              <BranchPoints />
              <MethodPoint xsi:type="SequencePoint" vc="0" uspid="317" ordinal="0" offset="0" sl="388" sc="9" el="388" ec="35" bec="0" bev="0" fileid="1" />
            </Method>
          </Methods>
        </Class>
      </Classes>
    </Module>
  </Modules>
</CoverageSession>